{"@timestamp":"2025-05-19T20:27:19.577062542+09:00","logger_name":"org.hibernate.validator.internal.util.Version","thread_name":"background-preinit","message":"HV000001: Hibernate Validator 8.0.2.Final"}
{"@timestamp":"2025-05-19T20:27:19.623110008+09:00","logger_name":"com.nhnacademy.workentry.WorkEntryApplication","thread_name":"main","message":"Starting WorkEntryApplication using Java 21.0.7 with PID 41873 (/home/nhnacademy/Desktop/bootcamp/final/work-entry/target/classes started by nhnacademy in /home/nhnacademy/Desktop/bootcamp/final/work-entry)"}
{"@timestamp":"2025-05-19T20:27:19.623695082+09:00","logger_name":"com.nhnacademy.workentry.WorkEntryApplication","thread_name":"main","message":"No active profile set, falling back to 1 default profile: \"default\""}
{"@timestamp":"2025-05-19T20:27:19.897418495+09:00","logger_name":"org.springframework.data.repository.config.RepositoryConfigurationDelegate","thread_name":"main","message":"Bootstrapping Spring Data JPA repositories in DEFAULT mode."}
{"@timestamp":"2025-05-19T20:27:20.023876228+09:00","logger_name":"org.springframework.data.repository.config.RepositoryConfigurationDelegate","thread_name":"main","message":"Finished Spring Data repository scanning in 121 ms. Found 2 JPA repository interfaces."}
{"@timestamp":"2025-05-19T20:27:20.224402269+09:00","logger_name":"org.springframework.cloud.context.scope.GenericScope","thread_name":"main","message":"BeanFactory id=1ad6d8b5-c91d-3530-82df-71c83686be9e"}
{"@timestamp":"2025-05-19T20:27:20.453446731+09:00","logger_name":"org.springframework.boot.web.embedded.tomcat.TomcatWebServer","thread_name":"main","message":"Tomcat initialized with port 10256 (http)"}
{"@timestamp":"2025-05-19T20:27:20.460626761+09:00","logger_name":"org.apache.coyote.http11.Http11NioProtocol","thread_name":"main","message":"Initializing ProtocolHandler [\"http-nio-10256\"]"}
{"@timestamp":"2025-05-19T20:27:20.461495532+09:00","logger_name":"org.apache.catalina.core.StandardService","thread_name":"main","message":"Starting service [Tomcat]"}
{"@timestamp":"2025-05-19T20:27:20.461605439+09:00","logger_name":"org.apache.catalina.core.StandardEngine","thread_name":"main","message":"Starting Servlet engine: [Apache Tomcat/10.1.39]"}
{"@timestamp":"2025-05-19T20:27:20.48653101+09:00","logger_name":"org.apache.catalina.core.ContainerBase.[Tomcat].[localhost].[/]","thread_name":"main","message":"Initializing Spring embedded WebApplicationContext"}
{"@timestamp":"2025-05-19T20:27:20.486725055+09:00","logger_name":"org.springframework.boot.web.servlet.context.ServletWebServerApplicationContext","thread_name":"main","message":"Root WebApplicationContext: initialization completed in 837 ms"}
{"@timestamp":"2025-05-19T20:27:20.53991045+09:00","logger_name":"com.zaxxer.hikari.HikariDataSource","thread_name":"main","message":"HikariPool-1 - Starting..."}
{"@timestamp":"2025-05-19T20:27:20.921786885+09:00","logger_name":"com.zaxxer.hikari.pool.HikariPool","thread_name":"main","message":"HikariPool-1 - Added connection com.mysql.cj.jdbc.ConnectionImpl@13d1f898"}
{"@timestamp":"2025-05-19T20:27:20.925463645+09:00","logger_name":"com.zaxxer.hikari.HikariDataSource","thread_name":"main","message":"HikariPool-1 - Start completed."}
{"@timestamp":"2025-05-19T20:27:20.976124755+09:00","logger_name":"org.hibernate.jpa.internal.util.LogHelper","thread_name":"main","message":"HHH000204: Processing PersistenceUnitInfo [name: default]"}
{"@timestamp":"2025-05-19T20:27:21.002118833+09:00","logger_name":"org.hibernate.Version","thread_name":"main","message":"HHH000412: Hibernate ORM core version 6.6.11.Final"}
{"@timestamp":"2025-05-19T20:27:21.019855384+09:00","logger_name":"org.hibernate.cache.internal.RegionFactoryInitiator","thread_name":"main","message":"HHH000026: Second-level cache disabled"}
{"@timestamp":"2025-05-19T20:27:21.154191002+09:00","logger_name":"org.springframework.orm.jpa.persistenceunit.SpringPersistenceUnitInfo","thread_name":"main","message":"No LoadTimeWeaver setup: ignoring JPA class transformer"}
{"@timestamp":"2025-05-19T20:27:21.264024918+09:00","logger_name":"org.hibernate.orm.connections.pooling","thread_name":"main","message":"HHH10001005: Database info:\n\tDatabase JDBC URL [Connecting through datasource 'HikariDataSource (HikariPool-1)']\n\tDatabase driver: undefined/unknown\n\tDatabase version: 8.0.41\n\tAutocommit mode: undefined/unknown\n\tIsolation level: undefined/unknown\n\tMinimum pool size: undefined/unknown\n\tMaximum pool size: undefined/unknown"}
{"@timestamp":"2025-05-19T20:27:21.756233976+09:00","logger_name":"org.hibernate.engine.transaction.jta.platform.internal.JtaPlatformInitiator","thread_name":"main","message":"HHH000489: No JTA platform available (set 'hibernate.transaction.jta.platform' to enable JTA platform integration)"}
{"@timestamp":"2025-05-19T20:27:21.75779+09:00","logger_name":"org.springframework.orm.jpa.LocalContainerEntityManagerFactoryBean","thread_name":"main","message":"Initialized JPA EntityManagerFactory for persistence unit 'default'"}
{"@timestamp":"2025-05-19T20:27:22.099702121+09:00","logger_name":"com.nhnacademy.workentry.log.realtime.WebSocketContextHolder","thread_name":"main","message":"[WebSocketContextHolder] 핸들러 설정됨"}
{"@timestamp":"2025-05-19T20:27:22.099800511+09:00","logger_name":"com.nhnacademy.workentry.log.config.WebSocketConfig","thread_name":"main","message":"[WebSocketConfig] WebSocket 핸들러 설정 완료"}
{"@timestamp":"2025-05-19T20:27:22.100996714+09:00","logger_name":"com.nhnacademy.workentry.log.realtime.LogTailWatcher","thread_name":"main","message":"[LogTailWatcher] 감시 스레드 시작됨 - logs/workentryservice-entry-info.log"}
{"@timestamp":"2025-05-19T20:27:22.101086835+09:00","logger_name":"com.nhnacademy.workentry.log.realtime.LogTailWatcher","thread_name":"Thread-2","message":"[LogTailWatcher] 로그 파일 감시 시작: /home/nhnacademy/Desktop/bootcamp/final/work-entry/logs/workentryservice-entry-info.log"}
{"@timestamp":"2025-05-19T20:27:22.10125285+09:00","logger_name":"com.nhnacademy.workentry.log.realtime.LogTailWatcher","thread_name":"main","message":"[LogTailWatcher] 감시 스레드 시작됨 - logs/workentryservice-attendance-info.log"}
{"@timestamp":"2025-05-19T20:27:22.101329903+09:00","logger_name":"com.nhnacademy.workentry.log.realtime.LogTailWatcher","thread_name":"Thread-3","message":"[LogTailWatcher] 로그 파일 감시 시작: /home/nhnacademy/Desktop/bootcamp/final/work-entry/logs/workentryservice-attendance-info.log"}
{"@timestamp":"2025-05-19T20:27:22.101468878+09:00","logger_name":"com.nhnacademy.workentry.log.realtime.LogTailWatcher","thread_name":"main","message":"[LogTailWatcher] 감시 스레드 시작됨 - logs/workentryservice-realtime-info.log"}
{"@timestamp":"2025-05-19T20:27:22.101521574+09:00","logger_name":"com.nhnacademy.workentry.log.realtime.LogTailWatcher","thread_name":"Thread-4","message":"[LogTailWatcher] 로그 파일 감시 시작: /home/nhnacademy/Desktop/bootcamp/final/work-entry/logs/workentryservice-realtime-info.log"}
{"@timestamp":"2025-05-19T20:27:22.105574889+09:00","logger_name":"com.nhnacademy.workentry.log.config.WebSocketConfig","thread_name":"main","message":"[WebSocketConfig] WebSocket 경로 등록 완료: /ws/logs"}
{"@timestamp":"2025-05-19T20:27:22.105650191+09:00","logger_name":"com.nhnacademy.workentry.log.config.WebSocketConfig","thread_name":"main","message":"[WebSocketConfig] WebSocket 경로 등록 완료: /ws/stranger"}
{"@timestamp":"2025-05-19T20:27:22.162210536+09:00","logger_name":"org.springframework.boot.autoconfigure.orm.jpa.JpaBaseConfiguration$JpaWebConfiguration","thread_name":"main","message":"spring.jpa.open-in-view is enabled by default. Therefore, database queries may be performed during view rendering. Explicitly configure spring.jpa.open-in-view to disable this warning"}
{"@timestamp":"2025-05-19T20:27:22.388031705+09:00","logger_name":"org.springframework.cloud.netflix.eureka.config.DiscoveryClientOptionalArgsConfiguration","thread_name":"main","message":"Eureka HTTP Client uses RestTemplate."}
{"@timestamp":"2025-05-19T20:27:22.41560911+09:00","logger_name":"org.springframework.cloud.loadbalancer.config.LoadBalancerCacheAutoConfiguration$LoadBalancerCaffeineWarnLogger","thread_name":"main","message":"Spring Cloud LoadBalancer is currently working with the default cache. While this cache implementation is useful for development and tests, it's recommended to use Caffeine cache in production.You can switch to using Caffeine cache, by adding it and org.springframework.cache.caffeine.CaffeineCacheManager to the classpath."}
{"@timestamp":"2025-05-19T20:27:22.465527213+09:00","logger_name":"org.springframework.cloud.netflix.eureka.InstanceInfoFactory","thread_name":"main","message":"Setting initial instance status as: STARTING"}
{"@timestamp":"2025-05-19T20:27:22.478004613+09:00","logger_name":"com.netflix.discovery.DiscoveryClient","thread_name":"main","message":"Initializing Eureka in region us-east-1"}
{"@timestamp":"2025-05-19T20:27:22.479878896+09:00","logger_name":"com.netflix.discovery.shared.resolver.aws.ConfigClusterResolver","thread_name":"main","message":"Resolving eureka endpoints via configuration"}
{"@timestamp":"2025-05-19T20:27:22.484387315+09:00","logger_name":"com.netflix.discovery.DiscoveryClient","thread_name":"main","message":"Disable delta property : false"}
{"@timestamp":"2025-05-19T20:27:22.484526891+09:00","logger_name":"com.netflix.discovery.DiscoveryClient","thread_name":"main","message":"Single vip registry refresh property : null"}
{"@timestamp":"2025-05-19T20:27:22.48455586+09:00","logger_name":"com.netflix.discovery.DiscoveryClient","thread_name":"main","message":"Force full registry fetch : false"}
{"@timestamp":"2025-05-19T20:27:22.484579637+09:00","logger_name":"com.netflix.discovery.DiscoveryClient","thread_name":"main","message":"Application is null : false"}
{"@timestamp":"2025-05-19T20:27:22.48460578+09:00","logger_name":"com.netflix.discovery.DiscoveryClient","thread_name":"main","message":"Registered Applications size is zero : true"}
{"@timestamp":"2025-05-19T20:27:22.484632661+09:00","logger_name":"com.netflix.discovery.DiscoveryClient","thread_name":"main","message":"Application version is -1: true"}
{"@timestamp":"2025-05-19T20:27:22.484659781+09:00","logger_name":"com.netflix.discovery.DiscoveryClient","thread_name":"main","message":"Getting all instance registry info from the eureka server"}
{"@timestamp":"2025-05-19T20:27:22.636679804+09:00","logger_name":"com.netflix.discovery.DiscoveryClient","thread_name":"main","message":"The response status is 200"}
{"@timestamp":"2025-05-19T20:27:22.638523357+09:00","logger_name":"com.netflix.discovery.DiscoveryClient","thread_name":"main","message":"Starting heartbeat executor: renew interval is: 30"}
{"@timestamp":"2025-05-19T20:27:22.639629842+09:00","logger_name":"com.netflix.discovery.InstanceInfoReplicator","thread_name":"main","message":"InstanceInfoReplicator onDemand update allowed rate per min is 4"}
{"@timestamp":"2025-05-19T20:27:22.640691845+09:00","logger_name":"com.netflix.discovery.DiscoveryClient","thread_name":"main","message":"Discovery Client initialized at timestamp 1747654042640 with initial instances count: 4"}
{"@timestamp":"2025-05-19T20:27:22.643415639+09:00","logger_name":"org.springframework.cloud.netflix.eureka.serviceregistry.EurekaServiceRegistry","thread_name":"main","message":"Registering application WORK-ENTRY-SERVICE with eureka with status UP"}
{"@timestamp":"2025-05-19T20:27:22.643819835+09:00","logger_name":"com.netflix.discovery.DiscoveryClient","thread_name":"main","message":"Saw local status change event StatusChangeEvent [timestamp=1747654042643, current=UP, previous=STARTING]"}
{"@timestamp":"2025-05-19T20:27:22.644838828+09:00","logger_name":"org.apache.coyote.http11.Http11NioProtocol","thread_name":"main","message":"Starting ProtocolHandler [\"http-nio-10256\"]"}
{"@timestamp":"2025-05-19T20:27:22.644785933+09:00","logger_name":"com.netflix.discovery.DiscoveryClient","thread_name":"DiscoveryClient-InstanceInfoReplicator-%d","message":"DiscoveryClient_WORK-ENTRY-SERVICE/192.168.71.91:work-entry-service:10256: registering service..."}
{"@timestamp":"2025-05-19T20:27:22.655787866+09:00","logger_name":"org.springframework.boot.web.embedded.tomcat.TomcatWebServer","thread_name":"main","message":"Tomcat started on port 10256 (http) with context path '/'"}
{"@timestamp":"2025-05-19T20:27:22.656646768+09:00","logger_name":"org.springframework.cloud.netflix.eureka.serviceregistry.EurekaAutoServiceRegistration","thread_name":"main","message":"Updating port to 10256"}
{"@timestamp":"2025-05-19T20:27:22.676393807+09:00","logger_name":"com.netflix.discovery.DiscoveryClient","thread_name":"DiscoveryClient-InstanceInfoReplicator-%d","message":"DiscoveryClient_WORK-ENTRY-SERVICE/192.168.71.91:work-entry-service:10256 - registration status: 204"}
{"@timestamp":"2025-05-19T20:27:22.678937932+09:00","logger_name":"com.nhnacademy.workentry.WorkEntryApplication","thread_name":"main","message":"Started WorkEntryApplication in 3.436 seconds (process running for 3.885)"}
{"@timestamp":"2025-05-19T20:27:47.667951613+09:00","logger_name":"org.apache.catalina.core.ContainerBase.[Tomcat].[localhost].[/]","thread_name":"http-nio-10256-exec-2","message":"Initializing Spring DispatcherServlet 'dispatcherServlet'"}
{"@timestamp":"2025-05-19T20:27:47.668247238+09:00","logger_name":"org.springframework.web.servlet.DispatcherServlet","thread_name":"http-nio-10256-exec-2","message":"Initializing Servlet 'dispatcherServlet'"}
{"@timestamp":"2025-05-19T20:27:47.669569077+09:00","logger_name":"org.springframework.web.servlet.DispatcherServlet","thread_name":"http-nio-10256-exec-2","message":"Completed initialization in 1 ms"}
{"@timestamp":"2025-05-19T20:27:47.706426283+09:00","logger_name":"com.nhnacademy.workentry.log.realtime.LogWebSocketHandler","thread_name":"http-nio-10256-exec-1","message":"[LogWebSocketHandler] 클라이언트 연결됨: d39861cb-6781-917e-38a8-d3cbed3b797d"}
{"@timestamp":"2025-05-19T20:27:47.714277819+09:00","logger_name":"com.nhnacademy.workentry.log.realtime.LogWebSocketHandler","thread_name":"http-nio-10256-exec-3","message":"[LogWebSocketHandler] 클라이언트 연결됨: 78cb338b-f2c5-9f64-3c22-987886d2bf10"}
{"@timestamp":"2025-05-19T20:27:48.617934962+09:00","logger_name":"com.nhnacademy.workentry.entry.service.impl.EntryServiceImpl","thread_name":"http-nio-10256-exec-2","message":"[Influx Entry] {\"date\":\"2025-05-19\",\"count\":0}"}
{"@timestamp":"2025-05-19T20:27:48.618030683+09:00","logger_name":"com.nhnacademy.workentry.entry.controller.EntryController","thread_name":"http-nio-10256-exec-2","message":"[월간 출입 통계] 조회됨: [com.nhnacademy.workentry.entry.dto.EntryCountDto@4d22c575]"}
{"@timestamp":"2025-05-19T20:27:51.034932805+09:00","logger_name":"com.nhnacademy.workentry.log.realtime.LogWebSocketHandler","thread_name":"http-nio-10256-exec-5","message":"[LogWebSocketHandler] 연결 종료: 78cb338b-f2c5-9f64-3c22-987886d2bf10 (CloseStatus[code=1001, reason=null])"}
{"@timestamp":"2025-05-19T20:27:51.034932827+09:00","logger_name":"com.nhnacademy.workentry.log.realtime.LogWebSocketHandler","thread_name":"http-nio-10256-exec-4","message":"[LogWebSocketHandler] 연결 종료: d39861cb-6781-917e-38a8-d3cbed3b797d (CloseStatus[code=1001, reason=null])"}
{"@timestamp":"2025-05-19T20:27:59.192826739+09:00","logger_name":"com.nhnacademy.workentry.log.realtime.LogWebSocketHandler","thread_name":"http-nio-10256-exec-6","message":"[LogWebSocketHandler] 클라이언트 연결됨: cb096e52-e666-2fcb-feaa-42e7c08628f9"}
{"@timestamp":"2025-05-19T20:27:59.207069108+09:00","logger_name":"com.nhnacademy.workentry.log.realtime.LogWebSocketHandler","thread_name":"http-nio-10256-exec-7","message":"[LogWebSocketHandler] 클라이언트 연결됨: 1cfbdc19-8356-ae2b-507b-1c2702a89bc9"}
{"@timestamp":"2025-05-19T20:28:01.074155337+09:00","logger_name":"com.nhnacademy.workentry.log.realtime.LogWebSocketHandler","thread_name":"http-nio-10256-exec-9","message":"[LogWebSocketHandler] 연결 종료: 1cfbdc19-8356-ae2b-507b-1c2702a89bc9 (CloseStatus[code=1001, reason=null])"}
{"@timestamp":"2025-05-19T20:28:01.074163075+09:00","logger_name":"com.nhnacademy.workentry.log.realtime.LogWebSocketHandler","thread_name":"http-nio-10256-exec-8","message":"[LogWebSocketHandler] 연결 종료: cb096e52-e666-2fcb-feaa-42e7c08628f9 (CloseStatus[code=1001, reason=null])"}
{"@timestamp":"2025-05-19T20:28:01.133192787+09:00","logger_name":"com.nhnacademy.workentry.log.realtime.LogWebSocketHandler","thread_name":"http-nio-10256-exec-10","message":"[LogWebSocketHandler] 클라이언트 연결됨: da9bdc16-afa5-341f-2703-040535ab1283"}
{"@timestamp":"2025-05-19T20:28:01.15643367+09:00","logger_name":"com.nhnacademy.workentry.log.realtime.LogWebSocketHandler","thread_name":"http-nio-10256-exec-1","message":"[LogWebSocketHandler] 클라이언트 연결됨: 6de65b8b-3ede-31b5-8e70-05e1a7d8b890"}
{"@timestamp":"2025-05-19T20:28:01.394695062+09:00","logger_name":"com.nhnacademy.workentry.entry.service.impl.EntryServiceImpl","thread_name":"http-nio-10256-exec-3","message":"[Influx Entry] {\"date\":\"2025-05-19\",\"count\":0}"}
{"@timestamp":"2025-05-19T20:28:01.394835436+09:00","logger_name":"com.nhnacademy.workentry.entry.controller.EntryController","thread_name":"http-nio-10256-exec-3","message":"[월간 출입 통계] 조회됨: [com.nhnacademy.workentry.entry.dto.EntryCountDto@7eee8742]"}
{"@timestamp":"2025-05-19T20:28:16.738577453+09:00","logger_name":"com.nhnacademy.workentry.log.realtime.LogWebSocketHandler","thread_name":"http-nio-10256-exec-2","message":"[LogWebSocketHandler] 연결 종료: da9bdc16-afa5-341f-2703-040535ab1283 (CloseStatus[code=1001, reason=null])"}
{"@timestamp":"2025-05-19T20:28:16.738572978+09:00","logger_name":"com.nhnacademy.workentry.log.realtime.LogWebSocketHandler","thread_name":"http-nio-10256-exec-5","message":"[LogWebSocketHandler] 연결 종료: 6de65b8b-3ede-31b5-8e70-05e1a7d8b890 (CloseStatus[code=1001, reason=null])"}
{"@timestamp":"2025-05-19T20:28:16.787965128+09:00","logger_name":"com.nhnacademy.workentry.log.realtime.LogWebSocketHandler","thread_name":"http-nio-10256-exec-4","message":"[LogWebSocketHandler] 클라이언트 연결됨: 42b53182-723d-1fa9-dc31-80153274ce85"}
{"@timestamp":"2025-05-19T20:28:16.807098058+09:00","logger_name":"com.nhnacademy.workentry.log.realtime.LogWebSocketHandler","thread_name":"http-nio-10256-exec-6","message":"[LogWebSocketHandler] 클라이언트 연결됨: 263215f8-c592-bc81-29e7-e5489cc3d3a7"}
{"@timestamp":"2025-05-19T20:28:17.050115366+09:00","logger_name":"com.nhnacademy.workentry.entry.realtime.service.impl.EntryRealtimeServiceImpl","thread_name":"http-nio-10256-exec-7","message":"[INFO] 실시간 출입 데이터 | 시간: 2025-05-19 11:28 | 출입자 수: 0 | 데이터: {\"time\":\"2025-05-19 11:28\",\"count\":0}"}
{"@timestamp":"2025-05-19T20:28:17.051654519+09:00","logger_name":"com.nhnacademy.workentry.entry.controller.EntryController","thread_name":"http-nio-10256-exec-7","message":"[실시간 출입 통계] 조회됨: com.nhnacademy.workentry.entry.realtime.dto.EntryRealtimeDto@6e6484a8"}
{"@timestamp":"2025-05-19T20:28:39.321230576+09:00","logger_name":"org.springframework.cloud.netflix.eureka.serviceregistry.EurekaServiceRegistry","thread_name":"SpringApplicationShutdownHook","message":"Unregistering application WORK-ENTRY-SERVICE with eureka with status DOWN"}
{"@timestamp":"2025-05-19T20:28:39.321451732+09:00","logger_name":"com.netflix.discovery.DiscoveryClient","thread_name":"SpringApplicationShutdownHook","message":"Saw local status change event StatusChangeEvent [timestamp=1747654119321, current=DOWN, previous=UP]"}
{"@timestamp":"2025-05-19T20:28:39.321594546+09:00","logger_name":"com.netflix.discovery.DiscoveryClient","thread_name":"DiscoveryClient-InstanceInfoReplicator-%d","message":"DiscoveryClient_WORK-ENTRY-SERVICE/192.168.71.91:work-entry-service:10256: registering service..."}
{"@timestamp":"2025-05-19T20:28:39.323642063+09:00","logger_name":"org.springframework.boot.web.embedded.tomcat.GracefulShutdown","thread_name":"SpringApplicationShutdownHook","message":"Commencing graceful shutdown. Waiting for active requests to complete"}
{"@timestamp":"2025-05-19T20:28:39.325428569+09:00","logger_name":"org.springframework.boot.web.embedded.tomcat.GracefulShutdown","thread_name":"tomcat-shutdown","message":"Graceful shutdown complete"}
{"@timestamp":"2025-05-19T20:28:39.325655253+09:00","logger_name":"com.netflix.discovery.DiscoveryClient","thread_name":"DiscoveryClient-InstanceInfoReplicator-%d","message":"DiscoveryClient_WORK-ENTRY-SERVICE/192.168.71.91:work-entry-service:10256 - registration status: 204"}
{"@timestamp":"2025-05-19T20:28:39.380430771+09:00","logger_name":"org.springframework.orm.jpa.LocalContainerEntityManagerFactoryBean","thread_name":"SpringApplicationShutdownHook","message":"Closing JPA EntityManagerFactory for persistence unit 'default'"}
{"@timestamp":"2025-05-19T20:28:39.381858079+09:00","logger_name":"com.zaxxer.hikari.HikariDataSource","thread_name":"SpringApplicationShutdownHook","message":"HikariPool-1 - Shutdown initiated..."}
{"@timestamp":"2025-05-19T20:28:39.519950235+09:00","logger_name":"com.zaxxer.hikari.HikariDataSource","thread_name":"SpringApplicationShutdownHook","message":"HikariPool-1 - Shutdown completed."}
{"@timestamp":"2025-05-19T20:28:39.520785682+09:00","logger_name":"com.netflix.discovery.DiscoveryClient","thread_name":"SpringApplicationShutdownHook","message":"Shutting down DiscoveryClient ..."}
{"@timestamp":"2025-05-19T20:28:42.522393482+09:00","logger_name":"com.netflix.discovery.DiscoveryClient","thread_name":"SpringApplicationShutdownHook","message":"Unregistering ..."}
{"@timestamp":"2025-05-19T20:28:42.532493172+09:00","logger_name":"com.netflix.discovery.DiscoveryClient","thread_name":"SpringApplicationShutdownHook","message":"DiscoveryClient_WORK-ENTRY-SERVICE/192.168.71.91:work-entry-service:10256 - deregister  status: 200"}
{"@timestamp":"2025-05-19T20:28:42.532972574+09:00","logger_name":"com.netflix.discovery.DiscoveryClient","thread_name":"SpringApplicationShutdownHook","message":"Completed shut down of DiscoveryClient"}
{"@timestamp":"2025-05-19T20:28:42.537606063+09:00","logger_name":"com.nhnacademy.workentry.log.realtime.LogWebSocketHandler","thread_name":"SpringApplicationShutdownHook","message":"[LogWebSocketHandler] 전송 오류 발생: 42b53182-723d-1fa9-dc31-80153274ce85"}
{"@timestamp":"2025-05-19T20:28:42.538920885+09:00","logger_name":"com.nhnacademy.workentry.log.realtime.LogWebSocketHandler","thread_name":"SpringApplicationShutdownHook","message":"[LogWebSocketHandler] 연결 종료: 42b53182-723d-1fa9-dc31-80153274ce85 (CloseStatus[code=1001, reason=The web application is stopping])"}
{"@timestamp":"2025-05-19T20:28:42.539094641+09:00","logger_name":"com.nhnacademy.workentry.log.realtime.LogWebSocketHandler","thread_name":"SpringApplicationShutdownHook","message":"[LogWebSocketHandler] 전송 오류 발생: 263215f8-c592-bc81-29e7-e5489cc3d3a7"}
{"@timestamp":"2025-05-19T20:28:42.539220282+09:00","logger_name":"com.nhnacademy.workentry.log.realtime.LogWebSocketHandler","thread_name":"SpringApplicationShutdownHook","message":"[LogWebSocketHandler] 연결 종료: 263215f8-c592-bc81-29e7-e5489cc3d3a7 (CloseStatus[code=1001, reason=The web application is stopping])"}
{"@timestamp":"2025-05-19T20:28:45.000032036+09:00","logger_name":"org.hibernate.validator.internal.util.Version","thread_name":"background-preinit","message":"HV000001: Hibernate Validator 8.0.2.Final"}
{"@timestamp":"2025-05-19T20:28:45.029490021+09:00","logger_name":"com.nhnacademy.workentry.WorkEntryApplication","thread_name":"main","message":"Starting WorkEntryApplication using Java 21.0.7 with PID 42235 (/home/nhnacademy/Desktop/bootcamp/final/work-entry/target/classes started by nhnacademy in /home/nhnacademy/Desktop/bootcamp/final/work-entry)"}
{"@timestamp":"2025-05-19T20:28:45.031017787+09:00","logger_name":"com.nhnacademy.workentry.WorkEntryApplication","thread_name":"main","message":"No active profile set, falling back to 1 default profile: \"default\""}
{"@timestamp":"2025-05-19T20:28:45.282069933+09:00","logger_name":"org.springframework.data.repository.config.RepositoryConfigurationDelegate","thread_name":"main","message":"Bootstrapping Spring Data JPA repositories in DEFAULT mode."}
{"@timestamp":"2025-05-19T20:28:45.389448552+09:00","logger_name":"org.springframework.data.repository.config.RepositoryConfigurationDelegate","thread_name":"main","message":"Finished Spring Data repository scanning in 103 ms. Found 2 JPA repository interfaces."}
{"@timestamp":"2025-05-19T20:28:45.581876597+09:00","logger_name":"org.springframework.cloud.context.scope.GenericScope","thread_name":"main","message":"BeanFactory id=3f8c4d7f-02da-3836-92af-f863a59225c6"}
{"@timestamp":"2025-05-19T20:28:45.798565273+09:00","logger_name":"org.springframework.boot.web.embedded.tomcat.TomcatWebServer","thread_name":"main","message":"Tomcat initialized with port 10256 (http)"}
{"@timestamp":"2025-05-19T20:28:45.804856295+09:00","logger_name":"org.apache.coyote.http11.Http11NioProtocol","thread_name":"main","message":"Initializing ProtocolHandler [\"http-nio-10256\"]"}
{"@timestamp":"2025-05-19T20:28:45.805630359+09:00","logger_name":"org.apache.catalina.core.StandardService","thread_name":"main","message":"Starting service [Tomcat]"}
{"@timestamp":"2025-05-19T20:28:45.805744278+09:00","logger_name":"org.apache.catalina.core.StandardEngine","thread_name":"main","message":"Starting Servlet engine: [Apache Tomcat/10.1.39]"}
{"@timestamp":"2025-05-19T20:28:45.830095873+09:00","logger_name":"org.apache.catalina.core.ContainerBase.[Tomcat].[localhost].[/]","thread_name":"main","message":"Initializing Spring embedded WebApplicationContext"}
{"@timestamp":"2025-05-19T20:28:45.830260954+09:00","logger_name":"org.springframework.boot.web.servlet.context.ServletWebServerApplicationContext","thread_name":"main","message":"Root WebApplicationContext: initialization completed in 776 ms"}
{"@timestamp":"2025-05-19T20:28:45.881032402+09:00","logger_name":"com.zaxxer.hikari.HikariDataSource","thread_name":"main","message":"HikariPool-1 - Starting..."}
{"@timestamp":"2025-05-19T20:28:46.174672274+09:00","logger_name":"com.zaxxer.hikari.pool.HikariPool","thread_name":"main","message":"HikariPool-1 - Added connection com.mysql.cj.jdbc.ConnectionImpl@7c048b30"}
{"@timestamp":"2025-05-19T20:28:46.178826996+09:00","logger_name":"com.zaxxer.hikari.HikariDataSource","thread_name":"main","message":"HikariPool-1 - Start completed."}
{"@timestamp":"2025-05-19T20:28:46.227295213+09:00","logger_name":"org.hibernate.jpa.internal.util.LogHelper","thread_name":"main","message":"HHH000204: Processing PersistenceUnitInfo [name: default]"}
{"@timestamp":"2025-05-19T20:28:46.248678695+09:00","logger_name":"org.hibernate.Version","thread_name":"main","message":"HHH000412: Hibernate ORM core version 6.6.11.Final"}
{"@timestamp":"2025-05-19T20:28:46.262837602+09:00","logger_name":"org.hibernate.cache.internal.RegionFactoryInitiator","thread_name":"main","message":"HHH000026: Second-level cache disabled"}
{"@timestamp":"2025-05-19T20:28:46.383492686+09:00","logger_name":"org.springframework.orm.jpa.persistenceunit.SpringPersistenceUnitInfo","thread_name":"main","message":"No LoadTimeWeaver setup: ignoring JPA class transformer"}
{"@timestamp":"2025-05-19T20:28:46.474140978+09:00","logger_name":"org.hibernate.orm.connections.pooling","thread_name":"main","message":"HHH10001005: Database info:\n\tDatabase JDBC URL [Connecting through datasource 'HikariDataSource (HikariPool-1)']\n\tDatabase driver: undefined/unknown\n\tDatabase version: 8.0.41\n\tAutocommit mode: undefined/unknown\n\tIsolation level: undefined/unknown\n\tMinimum pool size: undefined/unknown\n\tMaximum pool size: undefined/unknown"}
{"@timestamp":"2025-05-19T20:28:46.873564897+09:00","logger_name":"org.hibernate.engine.transaction.jta.platform.internal.JtaPlatformInitiator","thread_name":"main","message":"HHH000489: No JTA platform available (set 'hibernate.transaction.jta.platform' to enable JTA platform integration)"}
{"@timestamp":"2025-05-19T20:28:46.874943132+09:00","logger_name":"org.springframework.orm.jpa.LocalContainerEntityManagerFactoryBean","thread_name":"main","message":"Initialized JPA EntityManagerFactory for persistence unit 'default'"}
{"@timestamp":"2025-05-19T20:28:47.17758386+09:00","logger_name":"com.nhnacademy.workentry.log.realtime.WebSocketContextHolder","thread_name":"main","message":"[WebSocketContextHolder] 핸들러 설정됨"}
{"@timestamp":"2025-05-19T20:28:47.177685626+09:00","logger_name":"com.nhnacademy.workentry.log.config.WebSocketConfig","thread_name":"main","message":"[WebSocketConfig] WebSocket 핸들러 설정 완료"}
{"@timestamp":"2025-05-19T20:28:47.178932075+09:00","logger_name":"com.nhnacademy.workentry.log.realtime.LogTailWatcher","thread_name":"main","message":"[LogTailWatcher] 감시 스레드 시작됨 - logs/workentryservice-entry-info.log"}
{"@timestamp":"2025-05-19T20:28:47.179187229+09:00","logger_name":"com.nhnacademy.workentry.log.realtime.LogTailWatcher","thread_name":"main","message":"[LogTailWatcher] 감시 스레드 시작됨 - logs/workentryservice-attendance-info.log"}
{"@timestamp":"2025-05-19T20:28:47.179097202+09:00","logger_name":"com.nhnacademy.workentry.log.realtime.LogTailWatcher","thread_name":"Thread-2","message":"[LogTailWatcher] 로그 파일 감시 시작: /home/nhnacademy/Desktop/bootcamp/final/work-entry/logs/workentryservice-entry-info.log"}
{"@timestamp":"2025-05-19T20:28:47.179327635+09:00","logger_name":"com.nhnacademy.workentry.log.realtime.LogTailWatcher","thread_name":"main","message":"[LogTailWatcher] 감시 스레드 시작됨 - logs/workentryservice-realtime-info.log"}
{"@timestamp":"2025-05-19T20:28:47.179274001+09:00","logger_name":"com.nhnacademy.workentry.log.realtime.LogTailWatcher","thread_name":"Thread-3","message":"[LogTailWatcher] 로그 파일 감시 시작: /home/nhnacademy/Desktop/bootcamp/final/work-entry/logs/workentryservice-attendance-info.log"}
{"@timestamp":"2025-05-19T20:28:47.179416351+09:00","logger_name":"com.nhnacademy.workentry.log.realtime.LogTailWatcher","thread_name":"Thread-4","message":"[LogTailWatcher] 로그 파일 감시 시작: /home/nhnacademy/Desktop/bootcamp/final/work-entry/logs/workentryservice-realtime-info.log"}
{"@timestamp":"2025-05-19T20:28:47.183430077+09:00","logger_name":"com.nhnacademy.workentry.log.config.WebSocketConfig","thread_name":"main","message":"[WebSocketConfig] WebSocket 경로 등록 완료: /ws/logs"}
{"@timestamp":"2025-05-19T20:28:47.183498001+09:00","logger_name":"com.nhnacademy.workentry.log.config.WebSocketConfig","thread_name":"main","message":"[WebSocketConfig] WebSocket 경로 등록 완료: /ws/stranger"}
{"@timestamp":"2025-05-19T20:28:47.234975292+09:00","logger_name":"org.springframework.boot.autoconfigure.orm.jpa.JpaBaseConfiguration$JpaWebConfiguration","thread_name":"main","message":"spring.jpa.open-in-view is enabled by default. Therefore, database queries may be performed during view rendering. Explicitly configure spring.jpa.open-in-view to disable this warning"}
{"@timestamp":"2025-05-19T20:28:47.45794803+09:00","logger_name":"org.springframework.cloud.netflix.eureka.config.DiscoveryClientOptionalArgsConfiguration","thread_name":"main","message":"Eureka HTTP Client uses RestTemplate."}
{"@timestamp":"2025-05-19T20:28:47.483280723+09:00","logger_name":"org.springframework.cloud.loadbalancer.config.LoadBalancerCacheAutoConfiguration$LoadBalancerCaffeineWarnLogger","thread_name":"main","message":"Spring Cloud LoadBalancer is currently working with the default cache. While this cache implementation is useful for development and tests, it's recommended to use Caffeine cache in production.You can switch to using Caffeine cache, by adding it and org.springframework.cache.caffeine.CaffeineCacheManager to the classpath."}
{"@timestamp":"2025-05-19T20:28:47.52053765+09:00","logger_name":"org.springframework.cloud.netflix.eureka.InstanceInfoFactory","thread_name":"main","message":"Setting initial instance status as: STARTING"}
{"@timestamp":"2025-05-19T20:28:47.532193354+09:00","logger_name":"com.netflix.discovery.DiscoveryClient","thread_name":"main","message":"Initializing Eureka in region us-east-1"}
{"@timestamp":"2025-05-19T20:28:47.533742534+09:00","logger_name":"com.netflix.discovery.shared.resolver.aws.ConfigClusterResolver","thread_name":"main","message":"Resolving eureka endpoints via configuration"}
{"@timestamp":"2025-05-19T20:28:47.537301359+09:00","logger_name":"com.netflix.discovery.DiscoveryClient","thread_name":"main","message":"Disable delta property : false"}
{"@timestamp":"2025-05-19T20:28:47.537397313+09:00","logger_name":"com.netflix.discovery.DiscoveryClient","thread_name":"main","message":"Single vip registry refresh property : null"}
{"@timestamp":"2025-05-19T20:28:47.537424654+09:00","logger_name":"com.netflix.discovery.DiscoveryClient","thread_name":"main","message":"Force full registry fetch : false"}
{"@timestamp":"2025-05-19T20:28:47.537448713+09:00","logger_name":"com.netflix.discovery.DiscoveryClient","thread_name":"main","message":"Application is null : false"}
{"@timestamp":"2025-05-19T20:28:47.537475136+09:00","logger_name":"com.netflix.discovery.DiscoveryClient","thread_name":"main","message":"Registered Applications size is zero : true"}
{"@timestamp":"2025-05-19T20:28:47.537504287+09:00","logger_name":"com.netflix.discovery.DiscoveryClient","thread_name":"main","message":"Application version is -1: true"}
{"@timestamp":"2025-05-19T20:28:47.537529725+09:00","logger_name":"com.netflix.discovery.DiscoveryClient","thread_name":"main","message":"Getting all instance registry info from the eureka server"}
{"@timestamp":"2025-05-19T20:28:47.686358042+09:00","logger_name":"com.netflix.discovery.DiscoveryClient","thread_name":"main","message":"The response status is 200"}
{"@timestamp":"2025-05-19T20:28:47.687344533+09:00","logger_name":"com.netflix.discovery.DiscoveryClient","thread_name":"main","message":"Starting heartbeat executor: renew interval is: 30"}
{"@timestamp":"2025-05-19T20:28:47.688236386+09:00","logger_name":"com.netflix.discovery.InstanceInfoReplicator","thread_name":"main","message":"InstanceInfoReplicator onDemand update allowed rate per min is 4"}
{"@timestamp":"2025-05-19T20:28:47.68903997+09:00","logger_name":"com.netflix.discovery.DiscoveryClient","thread_name":"main","message":"Discovery Client initialized at timestamp 1747654127688 with initial instances count: 5"}
{"@timestamp":"2025-05-19T20:28:47.691228302+09:00","logger_name":"org.springframework.cloud.netflix.eureka.serviceregistry.EurekaServiceRegistry","thread_name":"main","message":"Registering application WORK-ENTRY-SERVICE with eureka with status UP"}
{"@timestamp":"2025-05-19T20:28:47.6913786+09:00","logger_name":"com.netflix.discovery.DiscoveryClient","thread_name":"main","message":"Saw local status change event StatusChangeEvent [timestamp=1747654127691, current=UP, previous=STARTING]"}
{"@timestamp":"2025-05-19T20:28:47.692202252+09:00","logger_name":"org.apache.coyote.http11.Http11NioProtocol","thread_name":"main","message":"Starting ProtocolHandler [\"http-nio-10256\"]"}
{"@timestamp":"2025-05-19T20:28:47.692344639+09:00","logger_name":"com.netflix.discovery.DiscoveryClient","thread_name":"DiscoveryClient-InstanceInfoReplicator-%d","message":"DiscoveryClient_WORK-ENTRY-SERVICE/192.168.71.91:work-entry-service:10256: registering service..."}
{"@timestamp":"2025-05-19T20:28:47.699421468+09:00","logger_name":"org.springframework.boot.web.embedded.tomcat.TomcatWebServer","thread_name":"main","message":"Tomcat started on port 10256 (http) with context path '/'"}
{"@timestamp":"2025-05-19T20:28:47.699967886+09:00","logger_name":"org.springframework.cloud.netflix.eureka.serviceregistry.EurekaAutoServiceRegistration","thread_name":"main","message":"Updating port to 10256"}
{"@timestamp":"2025-05-19T20:28:47.711553686+09:00","logger_name":"com.netflix.discovery.DiscoveryClient","thread_name":"DiscoveryClient-InstanceInfoReplicator-%d","message":"DiscoveryClient_WORK-ENTRY-SERVICE/192.168.71.91:work-entry-service:10256 - registration status: 204"}
{"@timestamp":"2025-05-19T20:28:47.720622049+09:00","logger_name":"com.nhnacademy.workentry.WorkEntryApplication","thread_name":"main","message":"Started WorkEntryApplication in 3.048 seconds (process running for 3.536)"}
{"@timestamp":"2025-05-19T20:28:48.552919814+09:00","logger_name":"com.nhnacademy.workentry.entry.realtime.service.impl.EntryRealtimeServiceImpl","thread_name":"scheduling-1","message":"[INFO] 실시간 출입 데이터 | 시간: 2025-05-19 11:28 | 출입자 수: 0 | 데이터: {\"time\":\"2025-05-19 11:28\",\"count\":0}"}
{"@timestamp":"2025-05-19T20:28:48.553072098+09:00","logger_name":"com.nhnacademy.workentry.log.realtime.LogWebSocketHandler","thread_name":"scheduling-1","message":"[LogWebSocketHandler] 연결된 클라이언트 없음"}
{"@timestamp":"2025-05-19T20:28:51.050355482+09:00","logger_name":"org.apache.catalina.core.ContainerBase.[Tomcat].[localhost].[/]","thread_name":"http-nio-10256-exec-2","message":"Initializing Spring DispatcherServlet 'dispatcherServlet'"}
{"@timestamp":"2025-05-19T20:28:51.050544933+09:00","logger_name":"org.springframework.web.servlet.DispatcherServlet","thread_name":"http-nio-10256-exec-2","message":"Initializing Servlet 'dispatcherServlet'"}
{"@timestamp":"2025-05-19T20:28:51.051542292+09:00","logger_name":"org.springframework.web.servlet.DispatcherServlet","thread_name":"http-nio-10256-exec-2","message":"Completed initialization in 1 ms"}
{"@timestamp":"2025-05-19T20:28:51.087143452+09:00","logger_name":"com.nhnacademy.workentry.log.realtime.LogWebSocketHandler","thread_name":"http-nio-10256-exec-1","message":"[LogWebSocketHandler] 클라이언트 연결됨: a6cba78c-21b1-e35c-ae4c-4bdd25bec23e"}
{"@timestamp":"2025-05-19T20:28:51.09343125+09:00","logger_name":"com.nhnacademy.workentry.log.realtime.LogWebSocketHandler","thread_name":"http-nio-10256-exec-3","message":"[LogWebSocketHandler] 클라이언트 연결됨: 4aea5180-d45a-39b7-6e3c-f6f0b78c7611"}
{"@timestamp":"2025-05-19T20:28:51.298643906+09:00","logger_name":"com.nhnacademy.workentry.entry.realtime.service.impl.EntryRealtimeServiceImpl","thread_name":"http-nio-10256-exec-2","message":"[INFO] 실시간 출입 데이터 | 시간: 2025-05-19 11:28 | 출입자 수: 1 | 데이터: {\"time\":\"2025-05-19 11:28\",\"count\":1}"}
{"@timestamp":"2025-05-19T20:28:51.302295059+09:00","logger_name":"com.nhnacademy.workentry.entry.controller.EntryController","thread_name":"http-nio-10256-exec-2","message":"[실시간 출입 통계] 조회됨: com.nhnacademy.workentry.entry.realtime.dto.EntryRealtimeDto@65865418"}
{"@timestamp":"2025-05-19T20:28:55.597738192+09:00","logger_name":"com.nhnacademy.workentry.log.realtime.LogWebSocketHandler","thread_name":"http-nio-10256-exec-5","message":"[LogWebSocketHandler] 연결 종료: 4aea5180-d45a-39b7-6e3c-f6f0b78c7611 (CloseStatus[code=1001, reason=null])"}
{"@timestamp":"2025-05-19T20:28:55.597745779+09:00","logger_name":"com.nhnacademy.workentry.log.realtime.LogWebSocketHandler","thread_name":"http-nio-10256-exec-4","message":"[LogWebSocketHandler] 연결 종료: a6cba78c-21b1-e35c-ae4c-4bdd25bec23e (CloseStatus[code=1001, reason=null])"}
{"@timestamp":"2025-05-19T20:28:55.642662858+09:00","logger_name":"com.nhnacademy.workentry.log.realtime.LogWebSocketHandler","thread_name":"http-nio-10256-exec-6","message":"[LogWebSocketHandler] 클라이언트 연결됨: 4d0d8a50-cd2b-e689-20c6-c24f95738a56"}
{"@timestamp":"2025-05-19T20:28:55.659189637+09:00","logger_name":"com.nhnacademy.workentry.log.realtime.LogWebSocketHandler","thread_name":"http-nio-10256-exec-8","message":"[LogWebSocketHandler] 클라이언트 연결됨: a0af2d31-dfef-0eca-6343-9f2466bf5798"}
{"@timestamp":"2025-05-19T20:28:55.8854705+09:00","logger_name":"com.nhnacademy.workentry.entry.service.impl.EntryServiceImpl","thread_name":"http-nio-10256-exec-7","message":"[Influx Entry] {\"date\":\"2025-05-19\",\"count\":1}"}
{"@timestamp":"2025-05-19T20:28:55.885643235+09:00","logger_name":"com.nhnacademy.workentry.entry.controller.EntryController","thread_name":"http-nio-10256-exec-7","message":"[월간 출입 통계] 조회됨: [com.nhnacademy.workentry.entry.dto.EntryCountDto@3417571a]"}
{"@timestamp":"2025-05-19T20:29:03.499134381+09:00","logger_name":"com.nhnacademy.workentry.log.realtime.LogWebSocketHandler","thread_name":"http-nio-10256-exec-9","message":"[LogWebSocketHandler] 연결 종료: 4d0d8a50-cd2b-e689-20c6-c24f95738a56 (CloseStatus[code=1001, reason=null])"}
{"@timestamp":"2025-05-19T20:29:03.499142292+09:00","logger_name":"com.nhnacademy.workentry.log.realtime.LogWebSocketHandler","thread_name":"http-nio-10256-exec-10","message":"[LogWebSocketHandler] 연결 종료: a0af2d31-dfef-0eca-6343-9f2466bf5798 (CloseStatus[code=1001, reason=null])"}
{"@timestamp":"2025-05-19T20:29:03.546183856+09:00","logger_name":"com.nhnacademy.workentry.log.realtime.LogWebSocketHandler","thread_name":"http-nio-10256-exec-1","message":"[LogWebSocketHandler] 클라이언트 연결됨: 8533a578-8709-4a03-3e10-945d8c39e96e"}
{"@timestamp":"2025-05-19T20:29:03.563580344+09:00","logger_name":"com.nhnacademy.workentry.log.realtime.LogWebSocketHandler","thread_name":"http-nio-10256-exec-3","message":"[LogWebSocketHandler] 클라이언트 연결됨: 521ff423-6269-d125-851f-4c12b92ea461"}
{"@timestamp":"2025-05-19T20:29:03.795739502+09:00","logger_name":"com.nhnacademy.workentry.entry.realtime.service.impl.EntryRealtimeServiceImpl","thread_name":"http-nio-10256-exec-2","message":"[INFO] 실시간 출입 데이터 | 시간: 2025-05-19 11:29 | 출입자 수: 0 | 데이터: {\"time\":\"2025-05-19 11:29\",\"count\":0}"}
{"@timestamp":"2025-05-19T20:29:03.796050861+09:00","logger_name":"com.nhnacademy.workentry.entry.controller.EntryController","thread_name":"http-nio-10256-exec-2","message":"[실시간 출입 통계] 조회됨: com.nhnacademy.workentry.entry.realtime.dto.EntryRealtimeDto@1956ef7b"}
{"@timestamp":"2025-05-19T20:29:09.832078628+09:00","logger_name":"com.nhnacademy.workentry.log.realtime.LogWebSocketHandler","thread_name":"http-nio-10256-exec-5","message":"[LogWebSocketHandler] 연결 종료: 521ff423-6269-d125-851f-4c12b92ea461 (CloseStatus[code=1001, reason=null])"}
{"@timestamp":"2025-05-19T20:29:09.832078598+09:00","logger_name":"com.nhnacademy.workentry.log.realtime.LogWebSocketHandler","thread_name":"http-nio-10256-exec-4","message":"[LogWebSocketHandler] 연결 종료: 8533a578-8709-4a03-3e10-945d8c39e96e (CloseStatus[code=1001, reason=null])"}
{"@timestamp":"2025-05-19T20:29:09.888246837+09:00","logger_name":"com.nhnacademy.workentry.log.realtime.LogWebSocketHandler","thread_name":"http-nio-10256-exec-6","message":"[LogWebSocketHandler] 클라이언트 연결됨: 74e20930-de08-9836-81f1-67ffc8ca628a"}
{"@timestamp":"2025-05-19T20:29:09.912512332+09:00","logger_name":"com.nhnacademy.workentry.log.realtime.LogWebSocketHandler","thread_name":"http-nio-10256-exec-8","message":"[LogWebSocketHandler] 클라이언트 연결됨: b666eb39-34dc-2fbc-cfd0-b620caddb786"}
{"@timestamp":"2025-05-19T20:29:10.176076906+09:00","logger_name":"com.nhnacademy.workentry.entry.service.impl.EntryServiceImpl","thread_name":"http-nio-10256-exec-8","message":"[Influx Entry] {\"date\":\"2025-05-19\",\"count\":0}"}
{"@timestamp":"2025-05-19T20:29:10.176207908+09:00","logger_name":"com.nhnacademy.workentry.entry.controller.EntryController","thread_name":"http-nio-10256-exec-8","message":"[월간 출입 통계] 조회됨: [com.nhnacademy.workentry.entry.dto.EntryCountDto@2021ab0c]"}
{"@timestamp":"2025-05-19T20:29:17.961077785+09:00","logger_name":"com.nhnacademy.workentry.entry.realtime.service.impl.EntryRealtimeServiceImpl","thread_name":"scheduling-1","message":"[INFO] 실시간 출입 데이터 | 시간: 2025-05-19 11:29 | 출입자 수: 0 | 데이터: {\"time\":\"2025-05-19 11:29\",\"count\":0}"}
{"@timestamp":"2025-05-19T20:29:47.96481746+09:00","logger_name":"com.nhnacademy.workentry.entry.realtime.service.impl.EntryRealtimeServiceImpl","thread_name":"scheduling-1","message":"[INFO] 실시간 출입 데이터 | 시간: 2025-05-19 11:29 | 출입자 수: 0 | 데이터: {\"time\":\"2025-05-19 11:29\",\"count\":0}"}
{"@timestamp":"2025-05-19T20:30:18.379747896+09:00","logger_name":"com.nhnacademy.workentry.entry.realtime.service.impl.EntryRealtimeServiceImpl","thread_name":"scheduling-1","message":"[INFO] 실시간 출입 데이터 | 시간: 2025-05-19 11:30 | 출입자 수: 0 | 데이터: {\"time\":\"2025-05-19 11:30\",\"count\":0}"}
{"@timestamp":"2025-05-19T20:30:24.010037662+09:00","logger_name":"org.springframework.cloud.netflix.eureka.serviceregistry.EurekaServiceRegistry","thread_name":"SpringApplicationShutdownHook","message":"Unregistering application WORK-ENTRY-SERVICE with eureka with status DOWN"}
{"@timestamp":"2025-05-19T20:30:24.01042944+09:00","logger_name":"com.netflix.discovery.DiscoveryClient","thread_name":"SpringApplicationShutdownHook","message":"Saw local status change event StatusChangeEvent [timestamp=1747654224010, current=DOWN, previous=UP]"}
{"@timestamp":"2025-05-19T20:30:24.010758766+09:00","logger_name":"com.netflix.discovery.DiscoveryClient","thread_name":"DiscoveryClient-InstanceInfoReplicator-%d","message":"DiscoveryClient_WORK-ENTRY-SERVICE/192.168.71.91:work-entry-service:10256: registering service..."}
{"@timestamp":"2025-05-19T20:30:24.014528352+09:00","logger_name":"org.springframework.boot.web.embedded.tomcat.GracefulShutdown","thread_name":"SpringApplicationShutdownHook","message":"Commencing graceful shutdown. Waiting for active requests to complete"}
{"@timestamp":"2025-05-19T20:30:24.016422625+09:00","logger_name":"org.springframework.boot.web.embedded.tomcat.GracefulShutdown","thread_name":"tomcat-shutdown","message":"Graceful shutdown complete"}
{"@timestamp":"2025-05-19T20:30:24.016812603+09:00","logger_name":"com.netflix.discovery.DiscoveryClient","thread_name":"DiscoveryClient-InstanceInfoReplicator-%d","message":"DiscoveryClient_WORK-ENTRY-SERVICE/192.168.71.91:work-entry-service:10256 - registration status: 204"}
{"@timestamp":"2025-05-19T20:30:24.072107296+09:00","logger_name":"org.springframework.orm.jpa.LocalContainerEntityManagerFactoryBean","thread_name":"SpringApplicationShutdownHook","message":"Closing JPA EntityManagerFactory for persistence unit 'default'"}
{"@timestamp":"2025-05-19T20:30:24.075650274+09:00","logger_name":"com.zaxxer.hikari.HikariDataSource","thread_name":"SpringApplicationShutdownHook","message":"HikariPool-1 - Shutdown initiated..."}
{"@timestamp":"2025-05-19T20:30:24.228044386+09:00","logger_name":"com.zaxxer.hikari.HikariDataSource","thread_name":"SpringApplicationShutdownHook","message":"HikariPool-1 - Shutdown completed."}
{"@timestamp":"2025-05-19T20:30:24.228529603+09:00","logger_name":"com.netflix.discovery.DiscoveryClient","thread_name":"SpringApplicationShutdownHook","message":"Shutting down DiscoveryClient ..."}
{"@timestamp":"2025-05-19T20:31:23.907609883+09:00","logger_name":"org.hibernate.validator.internal.util.Version","thread_name":"background-preinit","message":"HV000001: Hibernate Validator 8.0.2.Final"}
{"@timestamp":"2025-05-19T20:31:23.950297289+09:00","logger_name":"com.nhnacademy.workentry.WorkEntryApplication","thread_name":"main","message":"Starting WorkEntryApplication using Java 21.0.7 with PID 42805 (/home/nhnacademy/Desktop/bootcamp/final/work-entry/target/classes started by nhnacademy in /home/nhnacademy/Desktop/bootcamp/final/work-entry)"}
{"@timestamp":"2025-05-19T20:31:23.950844233+09:00","logger_name":"com.nhnacademy.workentry.WorkEntryApplication","thread_name":"main","message":"No active profile set, falling back to 1 default profile: \"default\""}
{"@timestamp":"2025-05-19T20:31:24.226224705+09:00","logger_name":"org.springframework.data.repository.config.RepositoryConfigurationDelegate","thread_name":"main","message":"Bootstrapping Spring Data JPA repositories in DEFAULT mode."}
{"@timestamp":"2025-05-19T20:31:24.328574763+09:00","logger_name":"org.springframework.data.repository.config.RepositoryConfigurationDelegate","thread_name":"main","message":"Finished Spring Data repository scanning in 97 ms. Found 2 JPA repository interfaces."}
{"@timestamp":"2025-05-19T20:31:24.53208695+09:00","logger_name":"org.springframework.cloud.context.scope.GenericScope","thread_name":"main","message":"BeanFactory id=3f8c4d7f-02da-3836-92af-f863a59225c6"}
{"@timestamp":"2025-05-19T20:31:24.748623005+09:00","logger_name":"org.springframework.boot.web.embedded.tomcat.TomcatWebServer","thread_name":"main","message":"Tomcat initialized with port 10256 (http)"}
{"@timestamp":"2025-05-19T20:31:24.754606902+09:00","logger_name":"org.apache.coyote.http11.Http11NioProtocol","thread_name":"main","message":"Initializing ProtocolHandler [\"http-nio-10256\"]"}
{"@timestamp":"2025-05-19T20:31:24.755302369+09:00","logger_name":"org.apache.catalina.core.StandardService","thread_name":"main","message":"Starting service [Tomcat]"}
{"@timestamp":"2025-05-19T20:31:24.755402889+09:00","logger_name":"org.apache.catalina.core.StandardEngine","thread_name":"main","message":"Starting Servlet engine: [Apache Tomcat/10.1.39]"}
{"@timestamp":"2025-05-19T20:31:24.779950419+09:00","logger_name":"org.apache.catalina.core.ContainerBase.[Tomcat].[localhost].[/]","thread_name":"main","message":"Initializing Spring embedded WebApplicationContext"}
{"@timestamp":"2025-05-19T20:31:24.780121277+09:00","logger_name":"org.springframework.boot.web.servlet.context.ServletWebServerApplicationContext","thread_name":"main","message":"Root WebApplicationContext: initialization completed in 804 ms"}
{"@timestamp":"2025-05-19T20:31:24.830954076+09:00","logger_name":"com.zaxxer.hikari.HikariDataSource","thread_name":"main","message":"HikariPool-1 - Starting..."}
{"@timestamp":"2025-05-19T20:31:25.127901661+09:00","logger_name":"com.zaxxer.hikari.pool.HikariPool","thread_name":"main","message":"HikariPool-1 - Added connection com.mysql.cj.jdbc.ConnectionImpl@a7ae340"}
{"@timestamp":"2025-05-19T20:31:25.131541184+09:00","logger_name":"com.zaxxer.hikari.HikariDataSource","thread_name":"main","message":"HikariPool-1 - Start completed."}
{"@timestamp":"2025-05-19T20:31:25.201600514+09:00","logger_name":"org.hibernate.jpa.internal.util.LogHelper","thread_name":"main","message":"HHH000204: Processing PersistenceUnitInfo [name: default]"}
{"@timestamp":"2025-05-19T20:31:25.224806249+09:00","logger_name":"org.hibernate.Version","thread_name":"main","message":"HHH000412: Hibernate ORM core version 6.6.11.Final"}
{"@timestamp":"2025-05-19T20:31:25.239688868+09:00","logger_name":"org.hibernate.cache.internal.RegionFactoryInitiator","thread_name":"main","message":"HHH000026: Second-level cache disabled"}
{"@timestamp":"2025-05-19T20:31:25.36156601+09:00","logger_name":"org.springframework.orm.jpa.persistenceunit.SpringPersistenceUnitInfo","thread_name":"main","message":"No LoadTimeWeaver setup: ignoring JPA class transformer"}
{"@timestamp":"2025-05-19T20:31:25.446793961+09:00","logger_name":"org.hibernate.orm.connections.pooling","thread_name":"main","message":"HHH10001005: Database info:\n\tDatabase JDBC URL [Connecting through datasource 'HikariDataSource (HikariPool-1)']\n\tDatabase driver: undefined/unknown\n\tDatabase version: 8.0.41\n\tAutocommit mode: undefined/unknown\n\tIsolation level: undefined/unknown\n\tMinimum pool size: undefined/unknown\n\tMaximum pool size: undefined/unknown"}
{"@timestamp":"2025-05-19T20:31:25.904069099+09:00","logger_name":"org.hibernate.engine.transaction.jta.platform.internal.JtaPlatformInitiator","thread_name":"main","message":"HHH000489: No JTA platform available (set 'hibernate.transaction.jta.platform' to enable JTA platform integration)"}
{"@timestamp":"2025-05-19T20:31:25.905493106+09:00","logger_name":"org.springframework.orm.jpa.LocalContainerEntityManagerFactoryBean","thread_name":"main","message":"Initialized JPA EntityManagerFactory for persistence unit 'default'"}
{"@timestamp":"2025-05-19T20:31:26.222109841+09:00","logger_name":"com.nhnacademy.workentry.log.realtime.WebSocketContextHolder","thread_name":"main","message":"[WebSocketContextHolder] 핸들러 설정됨"}
{"@timestamp":"2025-05-19T20:31:26.222212171+09:00","logger_name":"com.nhnacademy.workentry.log.config.WebSocketConfig","thread_name":"main","message":"[WebSocketConfig] WebSocket 핸들러 설정 완료"}
{"@timestamp":"2025-05-19T20:31:26.223473695+09:00","logger_name":"com.nhnacademy.workentry.log.realtime.LogTailWatcher","thread_name":"main","message":"[LogTailWatcher] 감시 스레드 시작됨 - logs/workentryservice-entry-info.log"}
{"@timestamp":"2025-05-19T20:31:26.223560083+09:00","logger_name":"com.nhnacademy.workentry.log.realtime.LogTailWatcher","thread_name":"Thread-2","message":"[LogTailWatcher] 로그 파일 감시 시작: /home/nhnacademy/Desktop/bootcamp/final/work-entry/logs/workentryservice-entry-info.log"}
{"@timestamp":"2025-05-19T20:31:26.22376481+09:00","logger_name":"com.nhnacademy.workentry.log.realtime.LogTailWatcher","thread_name":"main","message":"[LogTailWatcher] 감시 스레드 시작됨 - logs/workentryservice-attendance-info.log"}
{"@timestamp":"2025-05-19T20:31:26.223889398+09:00","logger_name":"com.nhnacademy.workentry.log.realtime.LogTailWatcher","thread_name":"main","message":"[LogTailWatcher] 감시 스레드 시작됨 - logs/workentryservice-realtime-info.log"}
{"@timestamp":"2025-05-19T20:31:26.223839869+09:00","logger_name":"com.nhnacademy.workentry.log.realtime.LogTailWatcher","thread_name":"Thread-3","message":"[LogTailWatcher] 로그 파일 감시 시작: /home/nhnacademy/Desktop/bootcamp/final/work-entry/logs/workentryservice-attendance-info.log"}
{"@timestamp":"2025-05-19T20:31:26.223947981+09:00","logger_name":"com.nhnacademy.workentry.log.realtime.LogTailWatcher","thread_name":"Thread-4","message":"[LogTailWatcher] 로그 파일 감시 시작: /home/nhnacademy/Desktop/bootcamp/final/work-entry/logs/workentryservice-realtime-info.log"}
{"@timestamp":"2025-05-19T20:31:26.228499088+09:00","logger_name":"com.nhnacademy.workentry.log.config.WebSocketConfig","thread_name":"main","message":"[WebSocketConfig] WebSocket 경로 등록 완료: /ws/logs"}
{"@timestamp":"2025-05-19T20:31:26.228566604+09:00","logger_name":"com.nhnacademy.workentry.log.config.WebSocketConfig","thread_name":"main","message":"[WebSocketConfig] WebSocket 경로 등록 완료: /ws/stranger"}
{"@timestamp":"2025-05-19T20:31:26.281942935+09:00","logger_name":"org.springframework.boot.autoconfigure.orm.jpa.JpaBaseConfiguration$JpaWebConfiguration","thread_name":"main","message":"spring.jpa.open-in-view is enabled by default. Therefore, database queries may be performed during view rendering. Explicitly configure spring.jpa.open-in-view to disable this warning"}
{"@timestamp":"2025-05-19T20:31:26.523155929+09:00","logger_name":"org.springframework.cloud.netflix.eureka.config.DiscoveryClientOptionalArgsConfiguration","thread_name":"main","message":"Eureka HTTP Client uses RestTemplate."}
{"@timestamp":"2025-05-19T20:31:26.550513556+09:00","logger_name":"org.springframework.cloud.loadbalancer.config.LoadBalancerCacheAutoConfiguration$LoadBalancerCaffeineWarnLogger","thread_name":"main","message":"Spring Cloud LoadBalancer is currently working with the default cache. While this cache implementation is useful for development and tests, it's recommended to use Caffeine cache in production.You can switch to using Caffeine cache, by adding it and org.springframework.cache.caffeine.CaffeineCacheManager to the classpath."}
{"@timestamp":"2025-05-19T20:31:26.589275574+09:00","logger_name":"org.springframework.cloud.netflix.eureka.InstanceInfoFactory","thread_name":"main","message":"Setting initial instance status as: STARTING"}
{"@timestamp":"2025-05-19T20:31:26.600553233+09:00","logger_name":"com.netflix.discovery.DiscoveryClient","thread_name":"main","message":"Initializing Eureka in region us-east-1"}
{"@timestamp":"2025-05-19T20:31:26.602106059+09:00","logger_name":"com.netflix.discovery.shared.resolver.aws.ConfigClusterResolver","thread_name":"main","message":"Resolving eureka endpoints via configuration"}
{"@timestamp":"2025-05-19T20:31:26.605726245+09:00","logger_name":"com.netflix.discovery.DiscoveryClient","thread_name":"main","message":"Disable delta property : false"}
{"@timestamp":"2025-05-19T20:31:26.605823916+09:00","logger_name":"com.netflix.discovery.DiscoveryClient","thread_name":"main","message":"Single vip registry refresh property : null"}
{"@timestamp":"2025-05-19T20:31:26.605850317+09:00","logger_name":"com.netflix.discovery.DiscoveryClient","thread_name":"main","message":"Force full registry fetch : false"}
{"@timestamp":"2025-05-19T20:31:26.605873593+09:00","logger_name":"com.netflix.discovery.DiscoveryClient","thread_name":"main","message":"Application is null : false"}
{"@timestamp":"2025-05-19T20:31:26.605902894+09:00","logger_name":"com.netflix.discovery.DiscoveryClient","thread_name":"main","message":"Registered Applications size is zero : true"}
{"@timestamp":"2025-05-19T20:31:26.605935334+09:00","logger_name":"com.netflix.discovery.DiscoveryClient","thread_name":"main","message":"Application version is -1: true"}
{"@timestamp":"2025-05-19T20:31:26.605960295+09:00","logger_name":"com.netflix.discovery.DiscoveryClient","thread_name":"main","message":"Getting all instance registry info from the eureka server"}
{"@timestamp":"2025-05-19T20:31:26.747826117+09:00","logger_name":"com.netflix.discovery.DiscoveryClient","thread_name":"main","message":"The response status is 200"}
{"@timestamp":"2025-05-19T20:31:26.748920334+09:00","logger_name":"com.netflix.discovery.DiscoveryClient","thread_name":"main","message":"Starting heartbeat executor: renew interval is: 30"}
{"@timestamp":"2025-05-19T20:31:26.749750238+09:00","logger_name":"com.netflix.discovery.InstanceInfoReplicator","thread_name":"main","message":"InstanceInfoReplicator onDemand update allowed rate per min is 4"}
{"@timestamp":"2025-05-19T20:31:26.750619859+09:00","logger_name":"com.netflix.discovery.DiscoveryClient","thread_name":"main","message":"Discovery Client initialized at timestamp 1747654286750 with initial instances count: 5"}
{"@timestamp":"2025-05-19T20:31:26.752446473+09:00","logger_name":"org.springframework.cloud.netflix.eureka.serviceregistry.EurekaServiceRegistry","thread_name":"main","message":"Registering application WORK-ENTRY-SERVICE with eureka with status UP"}
{"@timestamp":"2025-05-19T20:31:26.752583839+09:00","logger_name":"com.netflix.discovery.DiscoveryClient","thread_name":"main","message":"Saw local status change event StatusChangeEvent [timestamp=1747654286752, current=UP, previous=STARTING]"}
{"@timestamp":"2025-05-19T20:31:26.753535388+09:00","logger_name":"com.netflix.discovery.DiscoveryClient","thread_name":"DiscoveryClient-InstanceInfoReplicator-%d","message":"DiscoveryClient_WORK-ENTRY-SERVICE/192.168.71.91:work-entry-service:10256: registering service..."}
{"@timestamp":"2025-05-19T20:31:26.762334417+09:00","logger_name":"org.springframework.boot.web.embedded.tomcat.TomcatWebServer","thread_name":"main","message":"Tomcat started on port 10256 (http) with context path '/'"}
{"@timestamp":"2025-05-19T20:31:26.763073404+09:00","logger_name":"org.springframework.cloud.netflix.eureka.serviceregistry.EurekaAutoServiceRegistration","thread_name":"main","message":"Updating port to 10256"}
{"@timestamp":"2025-05-19T20:31:26.775502947+09:00","logger_name":"com.netflix.discovery.DiscoveryClient","thread_name":"DiscoveryClient-InstanceInfoReplicator-%d","message":"DiscoveryClient_WORK-ENTRY-SERVICE/192.168.71.91:work-entry-service:10256 - registration status: 204"}
{"@timestamp":"2025-05-19T20:31:26.789682887+09:00","logger_name":"com.nhnacademy.workentry.WorkEntryApplication","thread_name":"main","message":"Started WorkEntryApplication in 3.344 seconds (process running for 3.896)"}
{"@timestamp":"2025-05-19T20:31:26.790559872+09:00","logger_name":"org.springframework.cloud.netflix.eureka.serviceregistry.EurekaServiceRegistry","thread_name":"SpringApplicationShutdownHook","message":"Unregistering application WORK-ENTRY-SERVICE with eureka with status DOWN"}
{"@timestamp":"2025-05-19T20:31:26.790881655+09:00","logger_name":"com.netflix.discovery.DiscoveryClient","thread_name":"SpringApplicationShutdownHook","message":"Saw local status change event StatusChangeEvent [timestamp=1747654286790, current=DOWN, previous=UP]"}
{"@timestamp":"2025-05-19T20:31:26.791044539+09:00","logger_name":"com.netflix.discovery.DiscoveryClient","thread_name":"DiscoveryClient-InstanceInfoReplicator-%d","message":"DiscoveryClient_WORK-ENTRY-SERVICE/192.168.71.91:work-entry-service:10256: registering service..."}
{"@timestamp":"2025-05-19T20:31:26.792598002+09:00","logger_name":"org.springframework.boot.web.embedded.tomcat.GracefulShutdown","thread_name":"SpringApplicationShutdownHook","message":"Commencing graceful shutdown. Waiting for active requests to complete"}
{"@timestamp":"2025-05-19T20:31:26.793938186+09:00","logger_name":"com.netflix.discovery.DiscoveryClient","thread_name":"DiscoveryClient-InstanceInfoReplicator-%d","message":"DiscoveryClient_WORK-ENTRY-SERVICE/192.168.71.91:work-entry-service:10256 - registration status: 204"}
{"@timestamp":"2025-05-19T20:31:26.794297624+09:00","logger_name":"org.springframework.boot.web.embedded.tomcat.GracefulShutdown","thread_name":"tomcat-shutdown","message":"Graceful shutdown complete"}
