{"@timestamp":"2025-05-22T00:12:22.300157581+09:00","logger_name":"org.hibernate.validator.internal.util.Version","thread_name":"background-preinit","message":"HV000001: Hibernate Validator 8.0.2.Final"}
{"@timestamp":"2025-05-22T00:12:22.339816177+09:00","logger_name":"com.nhnacademy.workentry.controller.AttendanceControllerTest","thread_name":"main","message":"Starting AttendanceControllerTest using Java 21.0.7 with PID 140325 (started by nhnacademy in /home/nhnacademy/바탕화면/aiot_02_pangyo_coffee_legend/work-entry-service)"}
{"@timestamp":"2025-05-22T00:12:22.340591137+09:00","logger_name":"com.nhnacademy.workentry.controller.AttendanceControllerTest","thread_name":"main","message":"No active profile set, falling back to 1 default profile: \"default\""}
{"@timestamp":"2025-05-22T00:12:22.814718692+09:00","logger_name":"org.springframework.data.repository.config.RepositoryConfigurationDelegate","thread_name":"main","message":"Bootstrapping Spring Data JPA repositories in DEFAULT mode."}
{"@timestamp":"2025-05-22T00:12:23.054117857+09:00","logger_name":"org.springframework.data.repository.config.RepositoryConfigurationDelegate","thread_name":"main","message":"Finished Spring Data repository scanning in 228 ms. Found 2 JPA repository interfaces."}
{"@timestamp":"2025-05-22T00:12:23.407404899+09:00","logger_name":"org.springframework.cloud.context.scope.GenericScope","thread_name":"main","message":"BeanFactory id=2e23fd29-ae97-3e16-9f68-fa6e252fc1de"}
{"@timestamp":"2025-05-22T00:12:24.233403615+09:00","logger_name":"com.zaxxer.hikari.HikariDataSource","thread_name":"main","message":"HikariPool-1 - Starting..."}
{"@timestamp":"2025-05-22T00:12:24.732494907+09:00","logger_name":"com.zaxxer.hikari.pool.HikariPool","thread_name":"main","message":"HikariPool-1 - Added connection com.mysql.cj.jdbc.ConnectionImpl@6f7241c2"}
{"@timestamp":"2025-05-22T00:12:24.73508299+09:00","logger_name":"com.zaxxer.hikari.HikariDataSource","thread_name":"main","message":"HikariPool-1 - Start completed."}
{"@timestamp":"2025-05-22T00:12:24.815590311+09:00","logger_name":"org.hibernate.jpa.internal.util.LogHelper","thread_name":"main","message":"HHH000204: Processing PersistenceUnitInfo [name: default]"}
{"@timestamp":"2025-05-22T00:12:24.854481745+09:00","logger_name":"org.hibernate.Version","thread_name":"main","message":"HHH000412: Hibernate ORM core version 6.6.11.Final"}
{"@timestamp":"2025-05-22T00:12:24.882888466+09:00","logger_name":"org.hibernate.cache.internal.RegionFactoryInitiator","thread_name":"main","message":"HHH000026: Second-level cache disabled"}
{"@timestamp":"2025-05-22T00:12:24.979372167+09:00","logger_name":"org.springframework.orm.jpa.persistenceunit.SpringPersistenceUnitInfo","thread_name":"main","message":"No LoadTimeWeaver setup: ignoring JPA class transformer"}
{"@timestamp":"2025-05-22T00:12:25.094045099+09:00","logger_name":"org.hibernate.orm.connections.pooling","thread_name":"main","message":"HHH10001005: Database info:\n\tDatabase JDBC URL [Connecting through datasource 'HikariDataSource (HikariPool-1)']\n\tDatabase driver: undefined/unknown\n\tDatabase version: 8.0.41\n\tAutocommit mode: undefined/unknown\n\tIsolation level: undefined/unknown\n\tMinimum pool size: undefined/unknown\n\tMaximum pool size: undefined/unknown"}
{"@timestamp":"2025-05-22T00:12:25.644419416+09:00","logger_name":"org.hibernate.engine.transaction.jta.platform.internal.JtaPlatformInitiator","thread_name":"main","message":"HHH000489: No JTA platform available (set 'hibernate.transaction.jta.platform' to enable JTA platform integration)"}
{"@timestamp":"2025-05-22T00:12:25.646399571+09:00","logger_name":"org.springframework.orm.jpa.LocalContainerEntityManagerFactoryBean","thread_name":"main","message":"Initialized JPA EntityManagerFactory for persistence unit 'default'"}
{"@timestamp":"2025-05-22T00:12:25.726868207+09:00","logger_name":"org.springframework.boot.autoconfigure.orm.jpa.JpaBaseConfiguration$JpaWebConfiguration","thread_name":"main","message":"spring.jpa.open-in-view is enabled by default. Therefore, database queries may be performed during view rendering. Explicitly configure spring.jpa.open-in-view to disable this warning"}
{"@timestamp":"2025-05-22T00:12:26.318766447+09:00","logger_name":"com.nhnacademy.workentry.log.realtime.WebSocketContextHolder","thread_name":"main","message":"[WebSocketContextHolder] 핸들러 설정됨"}
{"@timestamp":"2025-05-22T00:12:26.318935586+09:00","logger_name":"com.nhnacademy.workentry.log.config.WebSocketConfig","thread_name":"main","message":"[WebSocketConfig] WebSocket 핸들러 설정 완료"}
{"@timestamp":"2025-05-22T00:12:26.327774797+09:00","logger_name":"com.nhnacademy.workentry.log.config.WebSocketConfig","thread_name":"main","message":"[WebSocketConfig] WebSocket 경로 등록 완료: /ws/logs"}
{"@timestamp":"2025-05-22T00:12:26.327950365+09:00","logger_name":"com.nhnacademy.workentry.log.config.WebSocketConfig","thread_name":"main","message":"[WebSocketConfig] WebSocket 경로 등록 완료: /ws/stranger"}
{"@timestamp":"2025-05-22T00:12:27.244939301+09:00","logger_name":"org.springframework.boot.test.mock.web.SpringBootMockServletContext","thread_name":"main","message":"Initializing Spring TestDispatcherServlet ''"}
{"@timestamp":"2025-05-22T00:12:27.245148268+09:00","logger_name":"org.springframework.test.web.servlet.TestDispatcherServlet","thread_name":"main","message":"Initializing Servlet ''"}
{"@timestamp":"2025-05-22T00:12:27.246680988+09:00","logger_name":"org.springframework.test.web.servlet.TestDispatcherServlet","thread_name":"main","message":"Completed initialization in 1 ms"}
{"@timestamp":"2025-05-22T00:12:27.342122392+09:00","logger_name":"org.springframework.cloud.netflix.eureka.config.DiscoveryClientOptionalArgsConfiguration","thread_name":"main","message":"Eureka HTTP Client uses RestTemplate."}
{"@timestamp":"2025-05-22T00:12:27.403646854+09:00","logger_name":"org.springframework.cloud.loadbalancer.config.LoadBalancerCacheAutoConfiguration$LoadBalancerCaffeineWarnLogger","thread_name":"main","message":"Spring Cloud LoadBalancer is currently working with the default cache. While this cache implementation is useful for development and tests, it's recommended to use Caffeine cache in production.You can switch to using Caffeine cache, by adding it and org.springframework.cache.caffeine.CaffeineCacheManager to the classpath."}
{"@timestamp":"2025-05-22T00:12:27.449276393+09:00","logger_name":"org.springframework.cloud.netflix.eureka.InstanceInfoFactory","thread_name":"main","message":"Setting initial instance status as: STARTING"}
{"@timestamp":"2025-05-22T00:12:27.473103805+09:00","logger_name":"com.netflix.discovery.DiscoveryClient","thread_name":"main","message":"Initializing Eureka in region us-east-1"}
{"@timestamp":"2025-05-22T00:12:27.476477629+09:00","logger_name":"com.netflix.discovery.shared.resolver.aws.ConfigClusterResolver","thread_name":"main","message":"Resolving eureka endpoints via configuration"}
{"@timestamp":"2025-05-22T00:12:27.484986993+09:00","logger_name":"com.netflix.discovery.DiscoveryClient","thread_name":"main","message":"Disable delta property : false"}
{"@timestamp":"2025-05-22T00:12:27.485257931+09:00","logger_name":"com.netflix.discovery.DiscoveryClient","thread_name":"main","message":"Single vip registry refresh property : null"}
{"@timestamp":"2025-05-22T00:12:27.485362081+09:00","logger_name":"com.netflix.discovery.DiscoveryClient","thread_name":"main","message":"Force full registry fetch : false"}
{"@timestamp":"2025-05-22T00:12:27.485471953+09:00","logger_name":"com.netflix.discovery.DiscoveryClient","thread_name":"main","message":"Application is null : false"}
{"@timestamp":"2025-05-22T00:12:27.48557904+09:00","logger_name":"com.netflix.discovery.DiscoveryClient","thread_name":"main","message":"Registered Applications size is zero : true"}
{"@timestamp":"2025-05-22T00:12:27.485678497+09:00","logger_name":"com.netflix.discovery.DiscoveryClient","thread_name":"main","message":"Application version is -1: true"}
{"@timestamp":"2025-05-22T00:12:27.485778954+09:00","logger_name":"com.netflix.discovery.DiscoveryClient","thread_name":"main","message":"Getting all instance registry info from the eureka server"}
{"@timestamp":"2025-05-22T00:12:27.774577043+09:00","logger_name":"com.netflix.discovery.DiscoveryClient","thread_name":"main","message":"The response status is 200"}
{"@timestamp":"2025-05-22T00:12:27.77669966+09:00","logger_name":"com.netflix.discovery.DiscoveryClient","thread_name":"main","message":"Starting heartbeat executor: renew interval is: 30"}
{"@timestamp":"2025-05-22T00:12:27.78629392+09:00","logger_name":"com.netflix.discovery.InstanceInfoReplicator","thread_name":"main","message":"InstanceInfoReplicator onDemand update allowed rate per min is 4"}
{"@timestamp":"2025-05-22T00:12:27.789180633+09:00","logger_name":"com.netflix.discovery.DiscoveryClient","thread_name":"main","message":"Discovery Client initialized at timestamp 1747840347787 with initial instances count: 5"}
{"@timestamp":"2025-05-22T00:12:27.795439951+09:00","logger_name":"org.springframework.cloud.netflix.eureka.serviceregistry.EurekaServiceRegistry","thread_name":"main","message":"Registering application WORK-ENTRY-SERVICE with eureka with status UP"}
{"@timestamp":"2025-05-22T00:12:27.79625676+09:00","logger_name":"com.netflix.discovery.DiscoveryClient","thread_name":"main","message":"Saw local status change event StatusChangeEvent [timestamp=1747840347796, current=UP, previous=STARTING]"}
{"@timestamp":"2025-05-22T00:12:27.798397208+09:00","logger_name":"com.netflix.discovery.DiscoveryClient","thread_name":"DiscoveryClient-InstanceInfoReplicator-%d","message":"DiscoveryClient_WORK-ENTRY-SERVICE/atgn02-006-kms:work-entry-service:10256: registering service..."}
{"@timestamp":"2025-05-22T00:12:27.819454191+09:00","logger_name":"com.nhnacademy.workentry.controller.AttendanceControllerTest","thread_name":"main","message":"Started AttendanceControllerTest in 5.952 seconds (process running for 7.363)"}
{"@timestamp":"2025-05-22T00:12:27.850010409+09:00","logger_name":"com.netflix.discovery.DiscoveryClient","thread_name":"DiscoveryClient-InstanceInfoReplicator-%d","message":"DiscoveryClient_WORK-ENTRY-SERVICE/atgn02-006-kms:work-entry-service:10256 - registration status: 204"}
{"@timestamp":"2025-05-22T00:12:27.946657852+09:00","logger_name":"com.nhnacademy.workentry.attendance.controller.AttendanceController","thread_name":"main","message":"\uD83D\uDCCA 최근 30일 출결 요약 요청"}
{"@timestamp":"2025-05-22T00:12:27.965130164+09:00","logger_name":"org.springframework.data.web.config.SpringDataJacksonConfiguration$PageModule$WarningLoggingModifier","thread_name":"main","message":"Serializing PageImpl instances as-is is not supported, meaning that there is no guarantee about the stability of the resulting JSON structure!\n\tFor a stable JSON structure, please use Spring Data's PagedModel (globally via @EnableSpringDataWebSupport(pageSerializationMode = VIA_DTO))\n\tor Spring HATEOAS and Spring Data's PagedResourcesAssembler as documented in https://docs.spring.io/spring-data/commons/reference/repositories/core-extensions.html#core.web.pageables.\n"}
{"@timestamp":"2025-05-22T00:12:28.030006544+09:00","logger_name":"com.nhnacademy.workentry.attendance.controller.AttendanceController","thread_name":"main","message":"\uD83D\uDD0D 회원 1의 출결 조회 요청: 2024-04-01 ~ 2024-04-30"}
{"@timestamp":"2025-05-22T00:12:28.047748109+09:00","logger_name":"com.nhnacademy.workentry.attendance.controller.AttendanceController","thread_name":"main","message":"\uD83D\uDCCA 회원 1 최근 30일 근무 통계 요청"}
{"@timestamp":"2025-05-22T00:12:28.048178528+09:00","logger_name":"com.nhnacademy.workentry.attendance.controller.AttendanceController","thread_name":"main","message":"⚠️ 회원 1의 최근 30일 근무 통계 없음"}
{"@timestamp":"2025-05-22T00:12:28.081054594+09:00","logger_name":"org.springframework.cloud.netflix.eureka.serviceregistry.EurekaServiceRegistry","thread_name":"SpringApplicationShutdownHook","message":"Unregistering application WORK-ENTRY-SERVICE with eureka with status DOWN"}
{"@timestamp":"2025-05-22T00:12:28.081420433+09:00","logger_name":"com.netflix.discovery.DiscoveryClient","thread_name":"SpringApplicationShutdownHook","message":"Saw local status change event StatusChangeEvent [timestamp=1747840348081, current=DOWN, previous=UP]"}
{"@timestamp":"2025-05-22T00:12:28.081815811+09:00","logger_name":"com.netflix.discovery.DiscoveryClient","thread_name":"DiscoveryClient-InstanceInfoReplicator-%d","message":"DiscoveryClient_WORK-ENTRY-SERVICE/atgn02-006-kms:work-entry-service:10256: registering service..."}
{"@timestamp":"2025-05-22T00:12:28.086487662+09:00","logger_name":"com.netflix.discovery.DiscoveryClient","thread_name":"DiscoveryClient-InstanceInfoReplicator-%d","message":"DiscoveryClient_WORK-ENTRY-SERVICE/atgn02-006-kms:work-entry-service:10256 - registration status: 204"}
{"@timestamp":"2025-05-22T00:12:28.093003788+09:00","logger_name":"org.springframework.orm.jpa.LocalContainerEntityManagerFactoryBean","thread_name":"SpringApplicationShutdownHook","message":"Closing JPA EntityManagerFactory for persistence unit 'default'"}
{"@timestamp":"2025-05-22T00:12:28.096006228+09:00","logger_name":"com.zaxxer.hikari.HikariDataSource","thread_name":"SpringApplicationShutdownHook","message":"HikariPool-1 - Shutdown initiated..."}
{"@timestamp":"2025-05-22T00:12:28.238687737+09:00","logger_name":"com.zaxxer.hikari.HikariDataSource","thread_name":"SpringApplicationShutdownHook","message":"HikariPool-1 - Shutdown completed."}
{"@timestamp":"2025-05-22T00:12:28.239572343+09:00","logger_name":"com.netflix.discovery.DiscoveryClient","thread_name":"SpringApplicationShutdownHook","message":"Shutting down DiscoveryClient ..."}
{"@timestamp":"2025-05-22T00:12:31.240036566+09:00","logger_name":"com.netflix.discovery.DiscoveryClient","thread_name":"SpringApplicationShutdownHook","message":"Unregistering ..."}
{"@timestamp":"2025-05-22T00:12:31.245026915+09:00","logger_name":"com.netflix.discovery.DiscoveryClient","thread_name":"SpringApplicationShutdownHook","message":"DiscoveryClient_WORK-ENTRY-SERVICE/atgn02-006-kms:work-entry-service:10256 - deregister  status: 200"}
{"@timestamp":"2025-05-22T00:12:31.245276274+09:00","logger_name":"com.netflix.discovery.DiscoveryClient","thread_name":"SpringApplicationShutdownHook","message":"Completed shut down of DiscoveryClient"}
{"@timestamp":"2025-05-22T00:13:16.076948659+09:00","logger_name":"org.hibernate.validator.internal.util.Version","thread_name":"background-preinit","message":"HV000001: Hibernate Validator 8.0.2.Final"}
{"@timestamp":"2025-05-22T00:13:16.104243159+09:00","logger_name":"com.nhnacademy.workentry.controller.AttendanceControllerTest","thread_name":"main","message":"Starting AttendanceControllerTest using Java 21.0.7 with PID 140919 (started by nhnacademy in /home/nhnacademy/바탕화면/aiot_02_pangyo_coffee_legend/work-entry-service)"}
{"@timestamp":"2025-05-22T00:13:16.104862435+09:00","logger_name":"com.nhnacademy.workentry.controller.AttendanceControllerTest","thread_name":"main","message":"No active profile set, falling back to 1 default profile: \"default\""}
{"@timestamp":"2025-05-22T00:13:16.533550564+09:00","logger_name":"org.springframework.data.repository.config.RepositoryConfigurationDelegate","thread_name":"main","message":"Bootstrapping Spring Data JPA repositories in DEFAULT mode."}
{"@timestamp":"2025-05-22T00:13:16.681601528+09:00","logger_name":"org.springframework.data.repository.config.RepositoryConfigurationDelegate","thread_name":"main","message":"Finished Spring Data repository scanning in 142 ms. Found 2 JPA repository interfaces."}
{"@timestamp":"2025-05-22T00:13:17.127452785+09:00","logger_name":"org.springframework.cloud.context.scope.GenericScope","thread_name":"main","message":"BeanFactory id=2e23fd29-ae97-3e16-9f68-fa6e252fc1de"}
{"@timestamp":"2025-05-22T00:13:17.686193559+09:00","logger_name":"com.zaxxer.hikari.HikariDataSource","thread_name":"main","message":"HikariPool-1 - Starting..."}
{"@timestamp":"2025-05-22T00:13:18.06992333+09:00","logger_name":"com.zaxxer.hikari.pool.HikariPool","thread_name":"main","message":"HikariPool-1 - Added connection com.mysql.cj.jdbc.ConnectionImpl@232b3b4c"}
{"@timestamp":"2025-05-22T00:13:18.071230383+09:00","logger_name":"com.zaxxer.hikari.HikariDataSource","thread_name":"main","message":"HikariPool-1 - Start completed."}
{"@timestamp":"2025-05-22T00:13:18.12595878+09:00","logger_name":"org.hibernate.jpa.internal.util.LogHelper","thread_name":"main","message":"HHH000204: Processing PersistenceUnitInfo [name: default]"}
{"@timestamp":"2025-05-22T00:13:18.154720785+09:00","logger_name":"org.hibernate.Version","thread_name":"main","message":"HHH000412: Hibernate ORM core version 6.6.11.Final"}
{"@timestamp":"2025-05-22T00:13:18.175637821+09:00","logger_name":"org.hibernate.cache.internal.RegionFactoryInitiator","thread_name":"main","message":"HHH000026: Second-level cache disabled"}
{"@timestamp":"2025-05-22T00:13:18.248414644+09:00","logger_name":"org.springframework.orm.jpa.persistenceunit.SpringPersistenceUnitInfo","thread_name":"main","message":"No LoadTimeWeaver setup: ignoring JPA class transformer"}
{"@timestamp":"2025-05-22T00:13:18.358195095+09:00","logger_name":"org.hibernate.orm.connections.pooling","thread_name":"main","message":"HHH10001005: Database info:\n\tDatabase JDBC URL [Connecting through datasource 'HikariDataSource (HikariPool-1)']\n\tDatabase driver: undefined/unknown\n\tDatabase version: 8.0.41\n\tAutocommit mode: undefined/unknown\n\tIsolation level: undefined/unknown\n\tMinimum pool size: undefined/unknown\n\tMaximum pool size: undefined/unknown"}
{"@timestamp":"2025-05-22T00:13:18.798682225+09:00","logger_name":"org.hibernate.engine.transaction.jta.platform.internal.JtaPlatformInitiator","thread_name":"main","message":"HHH000489: No JTA platform available (set 'hibernate.transaction.jta.platform' to enable JTA platform integration)"}
{"@timestamp":"2025-05-22T00:13:18.80123034+09:00","logger_name":"org.springframework.orm.jpa.LocalContainerEntityManagerFactoryBean","thread_name":"main","message":"Initialized JPA EntityManagerFactory for persistence unit 'default'"}
{"@timestamp":"2025-05-22T00:13:18.936841457+09:00","logger_name":"org.springframework.boot.autoconfigure.orm.jpa.JpaBaseConfiguration$JpaWebConfiguration","thread_name":"main","message":"spring.jpa.open-in-view is enabled by default. Therefore, database queries may be performed during view rendering. Explicitly configure spring.jpa.open-in-view to disable this warning"}
{"@timestamp":"2025-05-22T00:13:19.425285557+09:00","logger_name":"com.nhnacademy.workentry.log.realtime.WebSocketContextHolder","thread_name":"main","message":"[WebSocketContextHolder] 핸들러 설정됨"}
{"@timestamp":"2025-05-22T00:13:19.425413829+09:00","logger_name":"com.nhnacademy.workentry.log.config.WebSocketConfig","thread_name":"main","message":"[WebSocketConfig] WebSocket 핸들러 설정 완료"}
{"@timestamp":"2025-05-22T00:13:19.430277338+09:00","logger_name":"com.nhnacademy.workentry.log.config.WebSocketConfig","thread_name":"main","message":"[WebSocketConfig] WebSocket 경로 등록 완료: /ws/logs"}
{"@timestamp":"2025-05-22T00:13:19.430399963+09:00","logger_name":"com.nhnacademy.workentry.log.config.WebSocketConfig","thread_name":"main","message":"[WebSocketConfig] WebSocket 경로 등록 완료: /ws/stranger"}
{"@timestamp":"2025-05-22T00:13:19.969874798+09:00","logger_name":"org.springframework.boot.test.mock.web.SpringBootMockServletContext","thread_name":"main","message":"Initializing Spring TestDispatcherServlet ''"}
{"@timestamp":"2025-05-22T00:13:19.970052837+09:00","logger_name":"org.springframework.test.web.servlet.TestDispatcherServlet","thread_name":"main","message":"Initializing Servlet ''"}
{"@timestamp":"2025-05-22T00:13:19.971029009+09:00","logger_name":"org.springframework.test.web.servlet.TestDispatcherServlet","thread_name":"main","message":"Completed initialization in 0 ms"}
{"@timestamp":"2025-05-22T00:13:20.027551605+09:00","logger_name":"org.springframework.cloud.netflix.eureka.config.DiscoveryClientOptionalArgsConfiguration","thread_name":"main","message":"Eureka HTTP Client uses RestTemplate."}
{"@timestamp":"2025-05-22T00:13:20.051830012+09:00","logger_name":"org.springframework.cloud.loadbalancer.config.LoadBalancerCacheAutoConfiguration$LoadBalancerCaffeineWarnLogger","thread_name":"main","message":"Spring Cloud LoadBalancer is currently working with the default cache. While this cache implementation is useful for development and tests, it's recommended to use Caffeine cache in production.You can switch to using Caffeine cache, by adding it and org.springframework.cache.caffeine.CaffeineCacheManager to the classpath."}
{"@timestamp":"2025-05-22T00:13:20.073788962+09:00","logger_name":"org.springframework.cloud.netflix.eureka.InstanceInfoFactory","thread_name":"main","message":"Setting initial instance status as: STARTING"}
{"@timestamp":"2025-05-22T00:13:20.090442731+09:00","logger_name":"com.netflix.discovery.DiscoveryClient","thread_name":"main","message":"Initializing Eureka in region us-east-1"}
{"@timestamp":"2025-05-22T00:13:20.092551935+09:00","logger_name":"com.netflix.discovery.shared.resolver.aws.ConfigClusterResolver","thread_name":"main","message":"Resolving eureka endpoints via configuration"}
{"@timestamp":"2025-05-22T00:13:20.098148751+09:00","logger_name":"com.netflix.discovery.DiscoveryClient","thread_name":"main","message":"Disable delta property : false"}
{"@timestamp":"2025-05-22T00:13:20.098265368+09:00","logger_name":"com.netflix.discovery.DiscoveryClient","thread_name":"main","message":"Single vip registry refresh property : null"}
{"@timestamp":"2025-05-22T00:13:20.098292653+09:00","logger_name":"com.netflix.discovery.DiscoveryClient","thread_name":"main","message":"Force full registry fetch : false"}
{"@timestamp":"2025-05-22T00:13:20.098327118+09:00","logger_name":"com.netflix.discovery.DiscoveryClient","thread_name":"main","message":"Application is null : false"}
{"@timestamp":"2025-05-22T00:13:20.098350301+09:00","logger_name":"com.netflix.discovery.DiscoveryClient","thread_name":"main","message":"Registered Applications size is zero : true"}
{"@timestamp":"2025-05-22T00:13:20.098377755+09:00","logger_name":"com.netflix.discovery.DiscoveryClient","thread_name":"main","message":"Application version is -1: true"}
{"@timestamp":"2025-05-22T00:13:20.098404073+09:00","logger_name":"com.netflix.discovery.DiscoveryClient","thread_name":"main","message":"Getting all instance registry info from the eureka server"}
{"@timestamp":"2025-05-22T00:13:20.273677126+09:00","logger_name":"com.netflix.discovery.DiscoveryClient","thread_name":"main","message":"The response status is 200"}
{"@timestamp":"2025-05-22T00:13:20.274870031+09:00","logger_name":"com.netflix.discovery.DiscoveryClient","thread_name":"main","message":"Starting heartbeat executor: renew interval is: 30"}
{"@timestamp":"2025-05-22T00:13:20.275980988+09:00","logger_name":"com.netflix.discovery.InstanceInfoReplicator","thread_name":"main","message":"InstanceInfoReplicator onDemand update allowed rate per min is 4"}
{"@timestamp":"2025-05-22T00:13:20.277198916+09:00","logger_name":"com.netflix.discovery.DiscoveryClient","thread_name":"main","message":"Discovery Client initialized at timestamp 1747840400276 with initial instances count: 5"}
{"@timestamp":"2025-05-22T00:13:20.279494997+09:00","logger_name":"org.springframework.cloud.netflix.eureka.serviceregistry.EurekaServiceRegistry","thread_name":"main","message":"Registering application WORK-ENTRY-SERVICE with eureka with status UP"}
{"@timestamp":"2025-05-22T00:13:20.27990502+09:00","logger_name":"com.netflix.discovery.DiscoveryClient","thread_name":"main","message":"Saw local status change event StatusChangeEvent [timestamp=1747840400279, current=UP, previous=STARTING]"}
{"@timestamp":"2025-05-22T00:13:20.281127561+09:00","logger_name":"com.netflix.discovery.DiscoveryClient","thread_name":"DiscoveryClient-InstanceInfoReplicator-%d","message":"DiscoveryClient_WORK-ENTRY-SERVICE/atgn02-006-kms:work-entry-service:10256: registering service..."}
{"@timestamp":"2025-05-22T00:13:20.29417353+09:00","logger_name":"com.nhnacademy.workentry.controller.AttendanceControllerTest","thread_name":"main","message":"Started AttendanceControllerTest in 4.591 seconds (process running for 5.571)"}
{"@timestamp":"2025-05-22T00:13:20.315158236+09:00","logger_name":"com.netflix.discovery.DiscoveryClient","thread_name":"DiscoveryClient-InstanceInfoReplicator-%d","message":"DiscoveryClient_WORK-ENTRY-SERVICE/atgn02-006-kms:work-entry-service:10256 - registration status: 204"}
{"@timestamp":"2025-05-22T00:13:20.370957191+09:00","logger_name":"com.nhnacademy.workentry.attendance.controller.AttendanceController","thread_name":"main","message":"\uD83D\uDCCA 회원 1 최근 30일 근무 통계 요청"}
{"@timestamp":"2025-05-22T00:13:20.372644519+09:00","logger_name":"com.nhnacademy.workentry.attendance.controller.AttendanceController","thread_name":"main","message":"⚠️ 회원 1의 최근 30일 근무 통계 없음"}
{"@timestamp":"2025-05-22T00:13:20.398850813+09:00","logger_name":"org.springframework.cloud.netflix.eureka.serviceregistry.EurekaServiceRegistry","thread_name":"SpringApplicationShutdownHook","message":"Unregistering application WORK-ENTRY-SERVICE with eureka with status DOWN"}
{"@timestamp":"2025-05-22T00:13:20.399170805+09:00","logger_name":"com.netflix.discovery.DiscoveryClient","thread_name":"SpringApplicationShutdownHook","message":"Saw local status change event StatusChangeEvent [timestamp=1747840400399, current=DOWN, previous=UP]"}
{"@timestamp":"2025-05-22T00:13:20.399502738+09:00","logger_name":"com.netflix.discovery.DiscoveryClient","thread_name":"DiscoveryClient-InstanceInfoReplicator-%d","message":"DiscoveryClient_WORK-ENTRY-SERVICE/atgn02-006-kms:work-entry-service:10256: registering service..."}
{"@timestamp":"2025-05-22T00:13:20.403439868+09:00","logger_name":"com.netflix.discovery.DiscoveryClient","thread_name":"DiscoveryClient-InstanceInfoReplicator-%d","message":"DiscoveryClient_WORK-ENTRY-SERVICE/atgn02-006-kms:work-entry-service:10256 - registration status: 204"}
{"@timestamp":"2025-05-22T00:13:20.407808377+09:00","logger_name":"org.springframework.orm.jpa.LocalContainerEntityManagerFactoryBean","thread_name":"SpringApplicationShutdownHook","message":"Closing JPA EntityManagerFactory for persistence unit 'default'"}
{"@timestamp":"2025-05-22T00:13:20.409720871+09:00","logger_name":"com.zaxxer.hikari.HikariDataSource","thread_name":"SpringApplicationShutdownHook","message":"HikariPool-1 - Shutdown initiated..."}
{"@timestamp":"2025-05-22T00:13:20.550969102+09:00","logger_name":"com.zaxxer.hikari.HikariDataSource","thread_name":"SpringApplicationShutdownHook","message":"HikariPool-1 - Shutdown completed."}
{"@timestamp":"2025-05-22T00:13:20.551480004+09:00","logger_name":"com.netflix.discovery.DiscoveryClient","thread_name":"SpringApplicationShutdownHook","message":"Shutting down DiscoveryClient ..."}
{"@timestamp":"2025-05-22T00:13:23.55204928+09:00","logger_name":"com.netflix.discovery.DiscoveryClient","thread_name":"SpringApplicationShutdownHook","message":"Unregistering ..."}
{"@timestamp":"2025-05-22T00:13:23.556785924+09:00","logger_name":"com.netflix.discovery.DiscoveryClient","thread_name":"SpringApplicationShutdownHook","message":"DiscoveryClient_WORK-ENTRY-SERVICE/atgn02-006-kms:work-entry-service:10256 - deregister  status: 200"}
{"@timestamp":"2025-05-22T00:13:23.557054236+09:00","logger_name":"com.netflix.discovery.DiscoveryClient","thread_name":"SpringApplicationShutdownHook","message":"Completed shut down of DiscoveryClient"}
{"@timestamp":"2025-05-22T00:20:08.358352187+09:00","logger_name":"org.hibernate.validator.internal.util.Version","thread_name":"background-preinit","message":"HV000001: Hibernate Validator 8.0.2.Final"}
{"@timestamp":"2025-05-22T00:20:08.407543953+09:00","logger_name":"com.nhnacademy.workentry.controller.AttendanceControllerTest","thread_name":"main","message":"Starting AttendanceControllerTest using Java 21.0.7 with PID 144577 (started by nhnacademy in /home/nhnacademy/바탕화면/aiot_02_pangyo_coffee_legend/work-entry-service)"}
{"@timestamp":"2025-05-22T00:20:08.408412527+09:00","logger_name":"com.nhnacademy.workentry.controller.AttendanceControllerTest","thread_name":"main","message":"No active profile set, falling back to 1 default profile: \"default\""}
{"@timestamp":"2025-05-22T00:20:08.777754725+09:00","logger_name":"org.springframework.data.repository.config.RepositoryConfigurationDelegate","thread_name":"main","message":"Bootstrapping Spring Data JPA repositories in DEFAULT mode."}
{"@timestamp":"2025-05-22T00:20:08.918893832+09:00","logger_name":"org.springframework.data.repository.config.RepositoryConfigurationDelegate","thread_name":"main","message":"Finished Spring Data repository scanning in 134 ms. Found 2 JPA repository interfaces."}
{"@timestamp":"2025-05-22T00:20:09.278887636+09:00","logger_name":"org.springframework.cloud.context.scope.GenericScope","thread_name":"main","message":"BeanFactory id=2e23fd29-ae97-3e16-9f68-fa6e252fc1de"}
{"@timestamp":"2025-05-22T00:20:09.946583549+09:00","logger_name":"com.zaxxer.hikari.HikariDataSource","thread_name":"main","message":"HikariPool-1 - Starting..."}
{"@timestamp":"2025-05-22T00:20:10.325232769+09:00","logger_name":"com.zaxxer.hikari.pool.HikariPool","thread_name":"main","message":"HikariPool-1 - Added connection com.mysql.cj.jdbc.ConnectionImpl@3713bedc"}
{"@timestamp":"2025-05-22T00:20:10.327206507+09:00","logger_name":"com.zaxxer.hikari.HikariDataSource","thread_name":"main","message":"HikariPool-1 - Start completed."}
{"@timestamp":"2025-05-22T00:20:10.387818401+09:00","logger_name":"org.hibernate.jpa.internal.util.LogHelper","thread_name":"main","message":"HHH000204: Processing PersistenceUnitInfo [name: default]"}
{"@timestamp":"2025-05-22T00:20:10.414595844+09:00","logger_name":"org.hibernate.Version","thread_name":"main","message":"HHH000412: Hibernate ORM core version 6.6.11.Final"}
{"@timestamp":"2025-05-22T00:20:10.433682644+09:00","logger_name":"org.hibernate.cache.internal.RegionFactoryInitiator","thread_name":"main","message":"HHH000026: Second-level cache disabled"}
{"@timestamp":"2025-05-22T00:20:10.525412755+09:00","logger_name":"org.springframework.orm.jpa.persistenceunit.SpringPersistenceUnitInfo","thread_name":"main","message":"No LoadTimeWeaver setup: ignoring JPA class transformer"}
{"@timestamp":"2025-05-22T00:20:10.620471138+09:00","logger_name":"org.hibernate.orm.connections.pooling","thread_name":"main","message":"HHH10001005: Database info:\n\tDatabase JDBC URL [Connecting through datasource 'HikariDataSource (HikariPool-1)']\n\tDatabase driver: undefined/unknown\n\tDatabase version: 8.0.41\n\tAutocommit mode: undefined/unknown\n\tIsolation level: undefined/unknown\n\tMinimum pool size: undefined/unknown\n\tMaximum pool size: undefined/unknown"}
{"@timestamp":"2025-05-22T00:20:11.050826368+09:00","logger_name":"org.hibernate.engine.transaction.jta.platform.internal.JtaPlatformInitiator","thread_name":"main","message":"HHH000489: No JTA platform available (set 'hibernate.transaction.jta.platform' to enable JTA platform integration)"}
{"@timestamp":"2025-05-22T00:20:11.053499673+09:00","logger_name":"org.springframework.orm.jpa.LocalContainerEntityManagerFactoryBean","thread_name":"main","message":"Initialized JPA EntityManagerFactory for persistence unit 'default'"}
{"@timestamp":"2025-05-22T00:20:11.132947418+09:00","logger_name":"org.springframework.boot.autoconfigure.orm.jpa.JpaBaseConfiguration$JpaWebConfiguration","thread_name":"main","message":"spring.jpa.open-in-view is enabled by default. Therefore, database queries may be performed during view rendering. Explicitly configure spring.jpa.open-in-view to disable this warning"}
{"@timestamp":"2025-05-22T00:20:11.627181701+09:00","logger_name":"com.nhnacademy.workentry.log.realtime.WebSocketContextHolder","thread_name":"main","message":"[WebSocketContextHolder] 핸들러 설정됨"}
{"@timestamp":"2025-05-22T00:20:11.627322896+09:00","logger_name":"com.nhnacademy.workentry.log.config.WebSocketConfig","thread_name":"main","message":"[WebSocketConfig] WebSocket 핸들러 설정 완료"}
{"@timestamp":"2025-05-22T00:20:11.63567399+09:00","logger_name":"com.nhnacademy.workentry.log.config.WebSocketConfig","thread_name":"main","message":"[WebSocketConfig] WebSocket 경로 등록 완료: /ws/logs"}
{"@timestamp":"2025-05-22T00:20:11.635840188+09:00","logger_name":"com.nhnacademy.workentry.log.config.WebSocketConfig","thread_name":"main","message":"[WebSocketConfig] WebSocket 경로 등록 완료: /ws/stranger"}
{"@timestamp":"2025-05-22T00:20:12.420247154+09:00","logger_name":"org.springframework.boot.test.mock.web.SpringBootMockServletContext","thread_name":"main","message":"Initializing Spring TestDispatcherServlet ''"}
{"@timestamp":"2025-05-22T00:20:12.420457812+09:00","logger_name":"org.springframework.test.web.servlet.TestDispatcherServlet","thread_name":"main","message":"Initializing Servlet ''"}
{"@timestamp":"2025-05-22T00:20:12.421706361+09:00","logger_name":"org.springframework.test.web.servlet.TestDispatcherServlet","thread_name":"main","message":"Completed initialization in 1 ms"}
{"@timestamp":"2025-05-22T00:20:12.485679265+09:00","logger_name":"org.springframework.cloud.netflix.eureka.config.DiscoveryClientOptionalArgsConfiguration","thread_name":"main","message":"Eureka HTTP Client uses RestTemplate."}
{"@timestamp":"2025-05-22T00:20:12.517896057+09:00","logger_name":"org.springframework.cloud.loadbalancer.config.LoadBalancerCacheAutoConfiguration$LoadBalancerCaffeineWarnLogger","thread_name":"main","message":"Spring Cloud LoadBalancer is currently working with the default cache. While this cache implementation is useful for development and tests, it's recommended to use Caffeine cache in production.You can switch to using Caffeine cache, by adding it and org.springframework.cache.caffeine.CaffeineCacheManager to the classpath."}
{"@timestamp":"2025-05-22T00:20:12.548769059+09:00","logger_name":"org.springframework.cloud.netflix.eureka.InstanceInfoFactory","thread_name":"main","message":"Setting initial instance status as: STARTING"}
{"@timestamp":"2025-05-22T00:20:12.57153016+09:00","logger_name":"com.netflix.discovery.DiscoveryClient","thread_name":"main","message":"Initializing Eureka in region us-east-1"}
{"@timestamp":"2025-05-22T00:20:12.574717687+09:00","logger_name":"com.netflix.discovery.shared.resolver.aws.ConfigClusterResolver","thread_name":"main","message":"Resolving eureka endpoints via configuration"}
{"@timestamp":"2025-05-22T00:20:12.592728457+09:00","logger_name":"com.netflix.discovery.DiscoveryClient","thread_name":"main","message":"Disable delta property : false"}
{"@timestamp":"2025-05-22T00:20:12.592869376+09:00","logger_name":"com.netflix.discovery.DiscoveryClient","thread_name":"main","message":"Single vip registry refresh property : null"}
{"@timestamp":"2025-05-22T00:20:12.592915569+09:00","logger_name":"com.netflix.discovery.DiscoveryClient","thread_name":"main","message":"Force full registry fetch : false"}
{"@timestamp":"2025-05-22T00:20:12.592972497+09:00","logger_name":"com.netflix.discovery.DiscoveryClient","thread_name":"main","message":"Application is null : false"}
{"@timestamp":"2025-05-22T00:20:12.593016105+09:00","logger_name":"com.netflix.discovery.DiscoveryClient","thread_name":"main","message":"Registered Applications size is zero : true"}
{"@timestamp":"2025-05-22T00:20:12.593063044+09:00","logger_name":"com.netflix.discovery.DiscoveryClient","thread_name":"main","message":"Application version is -1: true"}
{"@timestamp":"2025-05-22T00:20:12.593110852+09:00","logger_name":"com.netflix.discovery.DiscoveryClient","thread_name":"main","message":"Getting all instance registry info from the eureka server"}
{"@timestamp":"2025-05-22T00:20:12.846394591+09:00","logger_name":"com.netflix.discovery.DiscoveryClient","thread_name":"main","message":"The response status is 200"}
{"@timestamp":"2025-05-22T00:20:12.848346342+09:00","logger_name":"com.netflix.discovery.DiscoveryClient","thread_name":"main","message":"Starting heartbeat executor: renew interval is: 30"}
{"@timestamp":"2025-05-22T00:20:12.850291646+09:00","logger_name":"com.netflix.discovery.InstanceInfoReplicator","thread_name":"main","message":"InstanceInfoReplicator onDemand update allowed rate per min is 4"}
{"@timestamp":"2025-05-22T00:20:12.852330127+09:00","logger_name":"com.netflix.discovery.DiscoveryClient","thread_name":"main","message":"Discovery Client initialized at timestamp 1747840812851 with initial instances count: 5"}
{"@timestamp":"2025-05-22T00:20:12.856992435+09:00","logger_name":"org.springframework.cloud.netflix.eureka.serviceregistry.EurekaServiceRegistry","thread_name":"main","message":"Registering application WORK-ENTRY-SERVICE with eureka with status UP"}
{"@timestamp":"2025-05-22T00:20:12.857622131+09:00","logger_name":"com.netflix.discovery.DiscoveryClient","thread_name":"main","message":"Saw local status change event StatusChangeEvent [timestamp=1747840812857, current=UP, previous=STARTING]"}
{"@timestamp":"2025-05-22T00:20:12.858895851+09:00","logger_name":"com.netflix.discovery.DiscoveryClient","thread_name":"DiscoveryClient-InstanceInfoReplicator-%d","message":"DiscoveryClient_WORK-ENTRY-SERVICE/atgn02-006-kms:work-entry-service:10256: registering service..."}
{"@timestamp":"2025-05-22T00:20:12.872758657+09:00","logger_name":"com.nhnacademy.workentry.controller.AttendanceControllerTest","thread_name":"main","message":"Started AttendanceControllerTest in 4.882 seconds (process running for 5.871)"}
{"@timestamp":"2025-05-22T00:20:12.887193132+09:00","logger_name":"com.netflix.discovery.DiscoveryClient","thread_name":"DiscoveryClient-InstanceInfoReplicator-%d","message":"DiscoveryClient_WORK-ENTRY-SERVICE/atgn02-006-kms:work-entry-service:10256 - registration status: 204"}
{"@timestamp":"2025-05-22T00:20:12.942504904+09:00","logger_name":"com.nhnacademy.workentry.attendance.controller.AttendanceController","thread_name":"main","message":"\uD83D\uDCCA 회원 1 최근 30일 근무 통계 요청"}
{"@timestamp":"2025-05-22T00:20:12.955856299+09:00","logger_name":"org.springframework.data.web.config.SpringDataJacksonConfiguration$PageModule$WarningLoggingModifier","thread_name":"main","message":"Serializing PageImpl instances as-is is not supported, meaning that there is no guarantee about the stability of the resulting JSON structure!\n\tFor a stable JSON structure, please use Spring Data's PagedModel (globally via @EnableSpringDataWebSupport(pageSerializationMode = VIA_DTO))\n\tor Spring HATEOAS and Spring Data's PagedResourcesAssembler as documented in https://docs.spring.io/spring-data/commons/reference/repositories/core-extensions.html#core.web.pageables.\n"}
{"@timestamp":"2025-05-22T00:20:12.995839279+09:00","logger_name":"org.springframework.cloud.netflix.eureka.serviceregistry.EurekaServiceRegistry","thread_name":"SpringApplicationShutdownHook","message":"Unregistering application WORK-ENTRY-SERVICE with eureka with status DOWN"}
{"@timestamp":"2025-05-22T00:20:12.99628989+09:00","logger_name":"com.netflix.discovery.DiscoveryClient","thread_name":"SpringApplicationShutdownHook","message":"Saw local status change event StatusChangeEvent [timestamp=1747840812996, current=DOWN, previous=UP]"}
{"@timestamp":"2025-05-22T00:20:12.996570033+09:00","logger_name":"com.netflix.discovery.DiscoveryClient","thread_name":"DiscoveryClient-InstanceInfoReplicator-%d","message":"DiscoveryClient_WORK-ENTRY-SERVICE/atgn02-006-kms:work-entry-service:10256: registering service..."}
{"@timestamp":"2025-05-22T00:20:13.000636062+09:00","logger_name":"com.netflix.discovery.DiscoveryClient","thread_name":"DiscoveryClient-InstanceInfoReplicator-%d","message":"DiscoveryClient_WORK-ENTRY-SERVICE/atgn02-006-kms:work-entry-service:10256 - registration status: 204"}
{"@timestamp":"2025-05-22T00:20:13.005004186+09:00","logger_name":"org.springframework.orm.jpa.LocalContainerEntityManagerFactoryBean","thread_name":"SpringApplicationShutdownHook","message":"Closing JPA EntityManagerFactory for persistence unit 'default'"}
{"@timestamp":"2025-05-22T00:20:13.007141228+09:00","logger_name":"com.zaxxer.hikari.HikariDataSource","thread_name":"SpringApplicationShutdownHook","message":"HikariPool-1 - Shutdown initiated..."}
{"@timestamp":"2025-05-22T00:20:13.233859545+09:00","logger_name":"com.zaxxer.hikari.HikariDataSource","thread_name":"SpringApplicationShutdownHook","message":"HikariPool-1 - Shutdown completed."}
{"@timestamp":"2025-05-22T00:20:13.234344718+09:00","logger_name":"com.netflix.discovery.DiscoveryClient","thread_name":"SpringApplicationShutdownHook","message":"Shutting down DiscoveryClient ..."}
{"@timestamp":"2025-05-22T00:20:16.234721558+09:00","logger_name":"com.netflix.discovery.DiscoveryClient","thread_name":"SpringApplicationShutdownHook","message":"Unregistering ..."}
{"@timestamp":"2025-05-22T00:20:16.239207359+09:00","logger_name":"com.netflix.discovery.DiscoveryClient","thread_name":"SpringApplicationShutdownHook","message":"DiscoveryClient_WORK-ENTRY-SERVICE/atgn02-006-kms:work-entry-service:10256 - deregister  status: 200"}
{"@timestamp":"2025-05-22T00:20:16.239408775+09:00","logger_name":"com.netflix.discovery.DiscoveryClient","thread_name":"SpringApplicationShutdownHook","message":"Completed shut down of DiscoveryClient"}
{"@timestamp":"2025-05-22T02:50:26.803159075+09:00","@version":"1","message":"HV000001: Hibernate Validator 8.0.2.Final","logger_name":"org.hibernate.validator.internal.util.Version","thread_name":"background-preinit","level":"INFO","level_value":20000}
{"@timestamp":"2025-05-22T02:50:26.839742534+09:00","@version":"1","message":"Starting AttendanceControllerTest using Java 21.0.7 with PID 219188 (started by nhnacademy in /home/nhnacademy/바탕화면/aiot_02_pangyo_coffee_legend/work-entry-service)","logger_name":"com.nhnacademy.workentry.controller.AttendanceControllerTest","thread_name":"main","level":"INFO","level_value":20000}
{"@timestamp":"2025-05-22T02:50:26.840586607+09:00","@version":"1","message":"No active profile set, falling back to 1 default profile: \"default\"","logger_name":"com.nhnacademy.workentry.controller.AttendanceControllerTest","thread_name":"main","level":"INFO","level_value":20000}
{"@timestamp":"2025-05-22T02:50:27.448020816+09:00","@version":"1","message":"Bootstrapping Spring Data JPA repositories in DEFAULT mode.","logger_name":"org.springframework.data.repository.config.RepositoryConfigurationDelegate","thread_name":"main","level":"INFO","level_value":20000}
{"@timestamp":"2025-05-22T02:50:27.628300955+09:00","@version":"1","message":"Finished Spring Data repository scanning in 171 ms. Found 2 JPA repository interfaces.","logger_name":"org.springframework.data.repository.config.RepositoryConfigurationDelegate","thread_name":"main","level":"INFO","level_value":20000}
{"@timestamp":"2025-05-22T02:50:28.030106203+09:00","@version":"1","message":"BeanFactory id=2e23fd29-ae97-3e16-9f68-fa6e252fc1de","logger_name":"org.springframework.cloud.context.scope.GenericScope","thread_name":"main","level":"INFO","level_value":20000}
{"@timestamp":"2025-05-22T02:50:28.663282984+09:00","@version":"1","message":"HikariPool-1 - Starting...","logger_name":"com.zaxxer.hikari.HikariDataSource","thread_name":"main","level":"INFO","level_value":20000}
{"@timestamp":"2025-05-22T02:50:29.243733129+09:00","@version":"1","message":"HikariPool-1 - Added connection com.mysql.cj.jdbc.ConnectionImpl@6839d03b","logger_name":"com.zaxxer.hikari.pool.HikariPool","thread_name":"main","level":"INFO","level_value":20000}
{"@timestamp":"2025-05-22T02:50:29.246434049+09:00","@version":"1","message":"HikariPool-1 - Start completed.","logger_name":"com.zaxxer.hikari.HikariDataSource","thread_name":"main","level":"INFO","level_value":20000}
{"@timestamp":"2025-05-22T02:50:29.373926327+09:00","@version":"1","message":"HHH000204: Processing PersistenceUnitInfo [name: default]","logger_name":"org.hibernate.jpa.internal.util.LogHelper","thread_name":"main","level":"INFO","level_value":20000}
{"@timestamp":"2025-05-22T02:50:29.44761903+09:00","@version":"1","message":"HHH000412: Hibernate ORM core version 6.6.11.Final","logger_name":"org.hibernate.Version","thread_name":"main","level":"INFO","level_value":20000}
{"@timestamp":"2025-05-22T02:50:29.501745344+09:00","@version":"1","message":"HHH000026: Second-level cache disabled","logger_name":"org.hibernate.cache.internal.RegionFactoryInitiator","thread_name":"main","level":"INFO","level_value":20000}
{"@timestamp":"2025-05-22T02:50:29.678899022+09:00","@version":"1","message":"No LoadTimeWeaver setup: ignoring JPA class transformer","logger_name":"org.springframework.orm.jpa.persistenceunit.SpringPersistenceUnitInfo","thread_name":"main","level":"INFO","level_value":20000}
{"@timestamp":"2025-05-22T02:50:29.911037864+09:00","@version":"1","message":"HHH10001005: Database info:\n\tDatabase JDBC URL [Connecting through datasource 'HikariDataSource (HikariPool-1)']\n\tDatabase driver: undefined/unknown\n\tDatabase version: 8.0.41\n\tAutocommit mode: undefined/unknown\n\tIsolation level: undefined/unknown\n\tMinimum pool size: undefined/unknown\n\tMaximum pool size: undefined/unknown","logger_name":"org.hibernate.orm.connections.pooling","thread_name":"main","level":"INFO","level_value":20000}
{"@timestamp":"2025-05-22T02:50:30.368537589+09:00","@version":"1","message":"HV000001: Hibernate Validator 8.0.2.Final","logger_name":"org.hibernate.validator.internal.util.Version","thread_name":"background-preinit","level":"INFO","level_value":20000}
{"@timestamp":"2025-05-22T02:50:30.41734983+09:00","@version":"1","message":"Starting WorkEntryApplication using Java 21.0.7 with PID 219307 (/home/nhnacademy/바탕화면/aiot_02_pangyo_coffee_legend/work-entry-service/target/classes started by nhnacademy in /home/nhnacademy/바탕화면/aiot_02_pangyo_coffee_legend/work-entry-service)","logger_name":"com.nhnacademy.workentry.WorkEntryApplication","thread_name":"main","level":"INFO","level_value":20000}
{"@timestamp":"2025-05-22T02:50:30.418486482+09:00","@version":"1","message":"No active profile set, falling back to 1 default profile: \"default\"","logger_name":"com.nhnacademy.workentry.WorkEntryApplication","thread_name":"main","level":"INFO","level_value":20000}
{"@timestamp":"2025-05-22T02:50:30.594506884+09:00","@version":"1","message":"HHH000489: No JTA platform available (set 'hibernate.transaction.jta.platform' to enable JTA platform integration)","logger_name":"org.hibernate.engine.transaction.jta.platform.internal.JtaPlatformInitiator","thread_name":"main","level":"INFO","level_value":20000}
{"@timestamp":"2025-05-22T02:50:30.596572228+09:00","@version":"1","message":"Initialized JPA EntityManagerFactory for persistence unit 'default'","logger_name":"org.springframework.orm.jpa.LocalContainerEntityManagerFactoryBean","thread_name":"main","level":"INFO","level_value":20000}
{"@timestamp":"2025-05-22T02:50:30.687841531+09:00","@version":"1","message":"spring.jpa.open-in-view is enabled by default. Therefore, database queries may be performed during view rendering. Explicitly configure spring.jpa.open-in-view to disable this warning","logger_name":"org.springframework.boot.autoconfigure.orm.jpa.JpaBaseConfiguration$JpaWebConfiguration","thread_name":"main","level":"WARN","level_value":30000}
{"@timestamp":"2025-05-22T02:50:30.904859799+09:00","@version":"1","message":"Bootstrapping Spring Data JPA repositories in DEFAULT mode.","logger_name":"org.springframework.data.repository.config.RepositoryConfigurationDelegate","thread_name":"main","level":"INFO","level_value":20000}
{"@timestamp":"2025-05-22T02:50:31.107550334+09:00","@version":"1","message":"Finished Spring Data repository scanning in 195 ms. Found 2 JPA repository interfaces.","logger_name":"org.springframework.data.repository.config.RepositoryConfigurationDelegate","thread_name":"main","level":"INFO","level_value":20000}
{"@timestamp":"2025-05-22T02:50:31.159385665+09:00","@version":"1","message":"[WebSocketContextHolder] 핸들러 설정됨","logger_name":"com.nhnacademy.workentry.log.realtime.WebSocketContextHolder","thread_name":"main","level":"INFO","level_value":20000}
{"@timestamp":"2025-05-22T02:50:31.17320242+09:00","@version":"1","message":"[WebSocketConfig] WebSocket 핸들러 설정 완료","logger_name":"com.nhnacademy.workentry.log.config.WebSocketConfig","thread_name":"main","level":"INFO","level_value":20000}
{"@timestamp":"2025-05-22T02:50:31.187330592+09:00","@version":"1","message":"[WebSocketConfig] WebSocket 경로 등록 완료: /ws/logs","logger_name":"com.nhnacademy.workentry.log.config.WebSocketConfig","thread_name":"main","level":"INFO","level_value":20000}
{"@timestamp":"2025-05-22T02:50:31.187668137+09:00","@version":"1","message":"[WebSocketConfig] WebSocket 경로 등록 완료: /ws/stranger","logger_name":"com.nhnacademy.workentry.log.config.WebSocketConfig","thread_name":"main","level":"INFO","level_value":20000}
{"@timestamp":"2025-05-22T02:50:31.59532293+09:00","@version":"1","message":"BeanFactory id=6d3816b0-15e1-3501-a519-a39881455640","logger_name":"org.springframework.cloud.context.scope.GenericScope","thread_name":"main","level":"INFO","level_value":20000}
{"@timestamp":"2025-05-22T02:50:32.054885579+09:00","@version":"1","message":"Initializing Spring TestDispatcherServlet ''","logger_name":"org.springframework.boot.test.mock.web.SpringBootMockServletContext","thread_name":"main","level":"INFO","level_value":20000}
{"@timestamp":"2025-05-22T02:50:32.055336608+09:00","@version":"1","message":"Initializing Servlet ''","logger_name":"org.springframework.test.web.servlet.TestDispatcherServlet","thread_name":"main","level":"INFO","level_value":20000}
{"@timestamp":"2025-05-22T02:50:32.057491989+09:00","@version":"1","message":"Completed initialization in 2 ms","logger_name":"org.springframework.test.web.servlet.TestDispatcherServlet","thread_name":"main","level":"INFO","level_value":20000}
{"@timestamp":"2025-05-22T02:50:32.063269115+09:00","@version":"1","message":"Tomcat initialized with port 10256 (http)","logger_name":"org.springframework.boot.web.embedded.tomcat.TomcatWebServer","thread_name":"main","level":"INFO","level_value":20000}
{"@timestamp":"2025-05-22T02:50:32.072133868+09:00","@version":"1","message":"Initializing ProtocolHandler [\"http-nio-10256\"]","logger_name":"org.apache.coyote.http11.Http11NioProtocol","thread_name":"main","level":"INFO","level_value":20000}
{"@timestamp":"2025-05-22T02:50:32.073472728+09:00","@version":"1","message":"Starting service [Tomcat]","logger_name":"org.apache.catalina.core.StandardService","thread_name":"main","level":"INFO","level_value":20000}
{"@timestamp":"2025-05-22T02:50:32.073774117+09:00","@version":"1","message":"Starting Servlet engine: [Apache Tomcat/10.1.39]","logger_name":"org.apache.catalina.core.StandardEngine","thread_name":"main","level":"INFO","level_value":20000}
{"@timestamp":"2025-05-22T02:50:32.114231388+09:00","@version":"1","message":"Initializing Spring embedded WebApplicationContext","logger_name":"org.apache.catalina.core.ContainerBase.[Tomcat].[localhost].[/]","thread_name":"main","level":"INFO","level_value":20000}
{"@timestamp":"2025-05-22T02:50:32.114675007+09:00","@version":"1","message":"Root WebApplicationContext: initialization completed in 1662 ms","logger_name":"org.springframework.boot.web.servlet.context.ServletWebServerApplicationContext","thread_name":"main","level":"INFO","level_value":20000}
{"@timestamp":"2025-05-22T02:50:32.127978153+09:00","@version":"1","message":"Eureka HTTP Client uses RestTemplate.","logger_name":"org.springframework.cloud.netflix.eureka.config.DiscoveryClientOptionalArgsConfiguration","thread_name":"main","level":"INFO","level_value":20000}
{"@timestamp":"2025-05-22T02:50:32.165341606+09:00","@version":"1","message":"Spring Cloud LoadBalancer is currently working with the default cache. While this cache implementation is useful for development and tests, it's recommended to use Caffeine cache in production.You can switch to using Caffeine cache, by adding it and org.springframework.cache.caffeine.CaffeineCacheManager to the classpath.","logger_name":"org.springframework.cloud.loadbalancer.config.LoadBalancerCacheAutoConfiguration$LoadBalancerCaffeineWarnLogger","thread_name":"main","level":"WARN","level_value":30000}
{"@timestamp":"2025-05-22T02:50:32.201546+09:00","@version":"1","message":"Setting initial instance status as: STARTING","logger_name":"org.springframework.cloud.netflix.eureka.InstanceInfoFactory","thread_name":"main","level":"INFO","level_value":20000}
{"@timestamp":"2025-05-22T02:50:32.22062681+09:00","@version":"1","message":"HikariPool-1 - Starting...","logger_name":"com.zaxxer.hikari.HikariDataSource","thread_name":"main","level":"INFO","level_value":20000}
{"@timestamp":"2025-05-22T02:50:32.229216619+09:00","@version":"1","message":"Initializing Eureka in region us-east-1","logger_name":"com.netflix.discovery.DiscoveryClient","thread_name":"main","level":"INFO","level_value":20000}
{"@timestamp":"2025-05-22T02:50:32.232879402+09:00","@version":"1","message":"Resolving eureka endpoints via configuration","logger_name":"com.netflix.discovery.shared.resolver.aws.ConfigClusterResolver","thread_name":"main","level":"INFO","level_value":20000}
{"@timestamp":"2025-05-22T02:50:32.242602103+09:00","@version":"1","message":"Disable delta property : false","logger_name":"com.netflix.discovery.DiscoveryClient","thread_name":"main","level":"INFO","level_value":20000}
{"@timestamp":"2025-05-22T02:50:32.242814462+09:00","@version":"1","message":"Single vip registry refresh property : null","logger_name":"com.netflix.discovery.DiscoveryClient","thread_name":"main","level":"INFO","level_value":20000}
{"@timestamp":"2025-05-22T02:50:32.242901863+09:00","@version":"1","message":"Force full registry fetch : false","logger_name":"com.netflix.discovery.DiscoveryClient","thread_name":"main","level":"INFO","level_value":20000}
{"@timestamp":"2025-05-22T02:50:32.243000602+09:00","@version":"1","message":"Application is null : false","logger_name":"com.netflix.discovery.DiscoveryClient","thread_name":"main","level":"INFO","level_value":20000}
{"@timestamp":"2025-05-22T02:50:32.243083713+09:00","@version":"1","message":"Registered Applications size is zero : true","logger_name":"com.netflix.discovery.DiscoveryClient","thread_name":"main","level":"INFO","level_value":20000}
{"@timestamp":"2025-05-22T02:50:32.243175694+09:00","@version":"1","message":"Application version is -1: true","logger_name":"com.netflix.discovery.DiscoveryClient","thread_name":"main","level":"INFO","level_value":20000}
{"@timestamp":"2025-05-22T02:50:32.243309896+09:00","@version":"1","message":"Getting all instance registry info from the eureka server","logger_name":"com.netflix.discovery.DiscoveryClient","thread_name":"main","level":"INFO","level_value":20000}
{"@timestamp":"2025-05-22T02:50:32.538420826+09:00","@version":"1","message":"The response status is 200","logger_name":"com.netflix.discovery.DiscoveryClient","thread_name":"main","level":"INFO","level_value":20000}
{"@timestamp":"2025-05-22T02:50:32.540485572+09:00","@version":"1","message":"Starting heartbeat executor: renew interval is: 30","logger_name":"com.netflix.discovery.DiscoveryClient","thread_name":"main","level":"INFO","level_value":20000}
{"@timestamp":"2025-05-22T02:50:32.542305661+09:00","@version":"1","message":"InstanceInfoReplicator onDemand update allowed rate per min is 4","logger_name":"com.netflix.discovery.InstanceInfoReplicator","thread_name":"main","level":"INFO","level_value":20000}
{"@timestamp":"2025-05-22T02:50:32.544304466+09:00","@version":"1","message":"Discovery Client initialized at timestamp 1747849832543 with initial instances count: 5","logger_name":"com.netflix.discovery.DiscoveryClient","thread_name":"main","level":"INFO","level_value":20000}
{"@timestamp":"2025-05-22T02:50:32.548048724+09:00","@version":"1","message":"Registering application WORK-ENTRY-SERVICE with eureka with status UP","logger_name":"org.springframework.cloud.netflix.eureka.serviceregistry.EurekaServiceRegistry","thread_name":"main","level":"INFO","level_value":20000}
{"@timestamp":"2025-05-22T02:50:32.548775658+09:00","@version":"1","message":"Saw local status change event StatusChangeEvent [timestamp=1747849832548, current=UP, previous=STARTING]","logger_name":"com.netflix.discovery.DiscoveryClient","thread_name":"main","level":"INFO","level_value":20000}
{"@timestamp":"2025-05-22T02:50:32.550151434+09:00","@version":"1","message":"DiscoveryClient_WORK-ENTRY-SERVICE/atgn02-006-kms:work-entry-service:10256: registering service...","logger_name":"com.netflix.discovery.DiscoveryClient","thread_name":"DiscoveryClient-InstanceInfoReplicator-%d","level":"INFO","level_value":20000}
{"@timestamp":"2025-05-22T02:50:32.564445218+09:00","@version":"1","message":"Started AttendanceControllerTest in 6.205 seconds (process running for 7.2)","logger_name":"com.nhnacademy.workentry.controller.AttendanceControllerTest","thread_name":"main","level":"INFO","level_value":20000}
{"@timestamp":"2025-05-22T02:50:32.582164321+09:00","@version":"1","message":"DiscoveryClient_WORK-ENTRY-SERVICE/atgn02-006-kms:work-entry-service:10256 - registration status: 204","logger_name":"com.netflix.discovery.DiscoveryClient","thread_name":"DiscoveryClient-InstanceInfoReplicator-%d","level":"INFO","level_value":20000}
{"@timestamp":"2025-05-22T02:50:32.597224689+09:00","@version":"1","message":"HikariPool-1 - Added connection com.mysql.cj.jdbc.ConnectionImpl@286dfa20","logger_name":"com.zaxxer.hikari.pool.HikariPool","thread_name":"main","level":"INFO","level_value":20000}
{"@timestamp":"2025-05-22T02:50:32.598782089+09:00","@version":"1","message":"HikariPool-1 - Start completed.","logger_name":"com.zaxxer.hikari.HikariDataSource","thread_name":"main","level":"INFO","level_value":20000}
{"@timestamp":"2025-05-22T02:50:32.647285026+09:00","@version":"1","message":"\uD83D\uDCCA 회원 1 최근 30일 근무 통계 요청","logger_name":"com.nhnacademy.workentry.attendance.controller.AttendanceController","thread_name":"main","level":"INFO","level_value":20000}
{"@timestamp":"2025-05-22T02:50:32.659600093+09:00","@version":"1","message":"Serializing PageImpl instances as-is is not supported, meaning that there is no guarantee about the stability of the resulting JSON structure!\n\tFor a stable JSON structure, please use Spring Data's PagedModel (globally via @EnableSpringDataWebSupport(pageSerializationMode = VIA_DTO))\n\tor Spring HATEOAS and Spring Data's PagedResourcesAssembler as documented in https://docs.spring.io/spring-data/commons/reference/repositories/core-extensions.html#core.web.pageables.\n","logger_name":"org.springframework.data.web.config.SpringDataJacksonConfiguration$PageModule$WarningLoggingModifier","thread_name":"main","level":"WARN","level_value":30000}
{"@timestamp":"2025-05-22T02:50:32.675200985+09:00","@version":"1","message":"HHH000204: Processing PersistenceUnitInfo [name: default]","logger_name":"org.hibernate.jpa.internal.util.LogHelper","thread_name":"main","level":"INFO","level_value":20000}
{"@timestamp":"2025-05-22T02:50:32.693333053+09:00","@version":"1","message":"Unregistering application WORK-ENTRY-SERVICE with eureka with status DOWN","logger_name":"org.springframework.cloud.netflix.eureka.serviceregistry.EurekaServiceRegistry","thread_name":"SpringApplicationShutdownHook","level":"INFO","level_value":20000}
{"@timestamp":"2025-05-22T02:50:32.693687119+09:00","@version":"1","message":"Saw local status change event StatusChangeEvent [timestamp=1747849832693, current=DOWN, previous=UP]","logger_name":"com.netflix.discovery.DiscoveryClient","thread_name":"SpringApplicationShutdownHook","level":"INFO","level_value":20000}
{"@timestamp":"2025-05-22T02:50:32.693942154+09:00","@version":"1","message":"DiscoveryClient_WORK-ENTRY-SERVICE/atgn02-006-kms:work-entry-service:10256: registering service...","logger_name":"com.netflix.discovery.DiscoveryClient","thread_name":"DiscoveryClient-InstanceInfoReplicator-%d","level":"INFO","level_value":20000}
{"@timestamp":"2025-05-22T02:50:32.697848484+09:00","@version":"1","message":"DiscoveryClient_WORK-ENTRY-SERVICE/atgn02-006-kms:work-entry-service:10256 - registration status: 204","logger_name":"com.netflix.discovery.DiscoveryClient","thread_name":"DiscoveryClient-InstanceInfoReplicator-%d","level":"INFO","level_value":20000}
{"@timestamp":"2025-05-22T02:50:32.702428925+09:00","@version":"1","message":"Closing JPA EntityManagerFactory for persistence unit 'default'","logger_name":"org.springframework.orm.jpa.LocalContainerEntityManagerFactoryBean","thread_name":"SpringApplicationShutdownHook","level":"INFO","level_value":20000}
{"@timestamp":"2025-05-22T02:50:32.704376938+09:00","@version":"1","message":"HikariPool-1 - Shutdown initiated...","logger_name":"com.zaxxer.hikari.HikariDataSource","thread_name":"SpringApplicationShutdownHook","level":"INFO","level_value":20000}
{"@timestamp":"2025-05-22T02:50:32.721947747+09:00","@version":"1","message":"HHH000412: Hibernate ORM core version 6.6.11.Final","logger_name":"org.hibernate.Version","thread_name":"main","level":"INFO","level_value":20000}
{"@timestamp":"2025-05-22T02:50:32.746560605+09:00","@version":"1","message":"HHH000026: Second-level cache disabled","logger_name":"org.hibernate.cache.internal.RegionFactoryInitiator","thread_name":"main","level":"INFO","level_value":20000}
{"@timestamp":"2025-05-22T02:50:32.856896646+09:00","@version":"1","message":"HikariPool-1 - Shutdown completed.","logger_name":"com.zaxxer.hikari.HikariDataSource","thread_name":"SpringApplicationShutdownHook","level":"INFO","level_value":20000}
{"@timestamp":"2025-05-22T02:50:32.857771001+09:00","@version":"1","message":"Shutting down DiscoveryClient ...","logger_name":"com.netflix.discovery.DiscoveryClient","thread_name":"SpringApplicationShutdownHook","level":"INFO","level_value":20000}
{"@timestamp":"2025-05-22T02:50:32.910369639+09:00","@version":"1","message":"No LoadTimeWeaver setup: ignoring JPA class transformer","logger_name":"org.springframework.orm.jpa.persistenceunit.SpringPersistenceUnitInfo","thread_name":"main","level":"INFO","level_value":20000}
{"@timestamp":"2025-05-22T02:50:33.028322811+09:00","@version":"1","message":"HHH10001005: Database info:\n\tDatabase JDBC URL [Connecting through datasource 'HikariDataSource (HikariPool-1)']\n\tDatabase driver: undefined/unknown\n\tDatabase version: 8.0.41\n\tAutocommit mode: undefined/unknown\n\tIsolation level: undefined/unknown\n\tMinimum pool size: undefined/unknown\n\tMaximum pool size: undefined/unknown","logger_name":"org.hibernate.orm.connections.pooling","thread_name":"main","level":"INFO","level_value":20000}
{"@timestamp":"2025-05-22T02:50:33.477617969+09:00","@version":"1","message":"HHH000489: No JTA platform available (set 'hibernate.transaction.jta.platform' to enable JTA platform integration)","logger_name":"org.hibernate.engine.transaction.jta.platform.internal.JtaPlatformInitiator","thread_name":"main","level":"INFO","level_value":20000}
{"@timestamp":"2025-05-22T02:50:33.479187315+09:00","@version":"1","message":"Initialized JPA EntityManagerFactory for persistence unit 'default'","logger_name":"org.springframework.orm.jpa.LocalContainerEntityManagerFactoryBean","thread_name":"main","level":"INFO","level_value":20000}
{"@timestamp":"2025-05-22T02:50:33.543296768+09:00","@version":"1","message":"spring.jpa.open-in-view is enabled by default. Therefore, database queries may be performed during view rendering. Explicitly configure spring.jpa.open-in-view to disable this warning","logger_name":"org.springframework.boot.autoconfigure.orm.jpa.JpaBaseConfiguration$JpaWebConfiguration","thread_name":"main","level":"WARN","level_value":30000}
{"@timestamp":"2025-05-22T02:50:33.964960879+09:00","@version":"1","message":"[WebSocketContextHolder] 핸들러 설정됨","logger_name":"com.nhnacademy.workentry.log.realtime.WebSocketContextHolder","thread_name":"main","level":"INFO","level_value":20000}
{"@timestamp":"2025-05-22T02:50:33.96510842+09:00","@version":"1","message":"[WebSocketConfig] WebSocket 핸들러 설정 완료","logger_name":"com.nhnacademy.workentry.log.config.WebSocketConfig","thread_name":"main","level":"INFO","level_value":20000}
{"@timestamp":"2025-05-22T02:50:33.968626247+09:00","@version":"1","message":"[WebSocketConfig] WebSocket 경로 등록 완료: /ws/logs","logger_name":"com.nhnacademy.workentry.log.config.WebSocketConfig","thread_name":"main","level":"INFO","level_value":20000}
{"@timestamp":"2025-05-22T02:50:33.96874705+09:00","@version":"1","message":"[WebSocketConfig] WebSocket 경로 등록 완료: /ws/stranger","logger_name":"com.nhnacademy.workentry.log.config.WebSocketConfig","thread_name":"main","level":"INFO","level_value":20000}
{"@timestamp":"2025-05-22T02:50:34.193128849+09:00","@version":"1","message":"Eureka HTTP Client uses RestTemplate.","logger_name":"org.springframework.cloud.netflix.eureka.config.DiscoveryClientOptionalArgsConfiguration","thread_name":"main","level":"INFO","level_value":20000}
{"@timestamp":"2025-05-22T02:50:34.210317262+09:00","@version":"1","message":"Spring Cloud LoadBalancer is currently working with the default cache. While this cache implementation is useful for development and tests, it's recommended to use Caffeine cache in production.You can switch to using Caffeine cache, by adding it and org.springframework.cache.caffeine.CaffeineCacheManager to the classpath.","logger_name":"org.springframework.cloud.loadbalancer.config.LoadBalancerCacheAutoConfiguration$LoadBalancerCaffeineWarnLogger","thread_name":"main","level":"WARN","level_value":30000}
{"@timestamp":"2025-05-22T02:50:34.243775232+09:00","@version":"1","message":"Setting initial instance status as: STARTING","logger_name":"org.springframework.cloud.netflix.eureka.InstanceInfoFactory","thread_name":"main","level":"INFO","level_value":20000}
{"@timestamp":"2025-05-22T02:50:34.255909502+09:00","@version":"1","message":"Initializing Eureka in region us-east-1","logger_name":"com.netflix.discovery.DiscoveryClient","thread_name":"main","level":"INFO","level_value":20000}
{"@timestamp":"2025-05-22T02:50:34.257760707+09:00","@version":"1","message":"Resolving eureka endpoints via configuration","logger_name":"com.netflix.discovery.shared.resolver.aws.ConfigClusterResolver","thread_name":"main","level":"INFO","level_value":20000}
{"@timestamp":"2025-05-22T02:50:34.261755957+09:00","@version":"1","message":"Disable delta property : false","logger_name":"com.netflix.discovery.DiscoveryClient","thread_name":"main","level":"INFO","level_value":20000}
{"@timestamp":"2025-05-22T02:50:34.261864431+09:00","@version":"1","message":"Single vip registry refresh property : null","logger_name":"com.netflix.discovery.DiscoveryClient","thread_name":"main","level":"INFO","level_value":20000}
{"@timestamp":"2025-05-22T02:50:34.261903619+09:00","@version":"1","message":"Force full registry fetch : false","logger_name":"com.netflix.discovery.DiscoveryClient","thread_name":"main","level":"INFO","level_value":20000}
{"@timestamp":"2025-05-22T02:50:34.261940697+09:00","@version":"1","message":"Application is null : false","logger_name":"com.netflix.discovery.DiscoveryClient","thread_name":"main","level":"INFO","level_value":20000}
{"@timestamp":"2025-05-22T02:50:34.261975561+09:00","@version":"1","message":"Registered Applications size is zero : true","logger_name":"com.netflix.discovery.DiscoveryClient","thread_name":"main","level":"INFO","level_value":20000}
{"@timestamp":"2025-05-22T02:50:34.262012591+09:00","@version":"1","message":"Application version is -1: true","logger_name":"com.netflix.discovery.DiscoveryClient","thread_name":"main","level":"INFO","level_value":20000}
{"@timestamp":"2025-05-22T02:50:34.262050876+09:00","@version":"1","message":"Getting all instance registry info from the eureka server","logger_name":"com.netflix.discovery.DiscoveryClient","thread_name":"main","level":"INFO","level_value":20000}
{"@timestamp":"2025-05-22T02:50:34.420261242+09:00","@version":"1","message":"The response status is 200","logger_name":"com.netflix.discovery.DiscoveryClient","thread_name":"main","level":"INFO","level_value":20000}
{"@timestamp":"2025-05-22T02:50:34.421564396+09:00","@version":"1","message":"Starting heartbeat executor: renew interval is: 30","logger_name":"com.netflix.discovery.DiscoveryClient","thread_name":"main","level":"INFO","level_value":20000}
{"@timestamp":"2025-05-22T02:50:34.422653127+09:00","@version":"1","message":"InstanceInfoReplicator onDemand update allowed rate per min is 4","logger_name":"com.netflix.discovery.InstanceInfoReplicator","thread_name":"main","level":"INFO","level_value":20000}
{"@timestamp":"2025-05-22T02:50:34.423810527+09:00","@version":"1","message":"Discovery Client initialized at timestamp 1747849834423 with initial instances count: 5","logger_name":"com.netflix.discovery.DiscoveryClient","thread_name":"main","level":"INFO","level_value":20000}
{"@timestamp":"2025-05-22T02:50:34.426115838+09:00","@version":"1","message":"Registering application WORK-ENTRY-SERVICE with eureka with status UP","logger_name":"org.springframework.cloud.netflix.eureka.serviceregistry.EurekaServiceRegistry","thread_name":"main","level":"INFO","level_value":20000}
{"@timestamp":"2025-05-22T02:50:34.426591395+09:00","@version":"1","message":"Saw local status change event StatusChangeEvent [timestamp=1747849834426, current=UP, previous=STARTING]","logger_name":"com.netflix.discovery.DiscoveryClient","thread_name":"main","level":"INFO","level_value":20000}
{"@timestamp":"2025-05-22T02:50:34.427507934+09:00","@version":"1","message":"Starting ProtocolHandler [\"http-nio-10256\"]","logger_name":"org.apache.coyote.http11.Http11NioProtocol","thread_name":"main","level":"INFO","level_value":20000}
{"@timestamp":"2025-05-22T02:50:34.427657147+09:00","@version":"1","message":"DiscoveryClient_WORK-ENTRY-SERVICE/atgn02-006-kms:work-entry-service:10256: registering service...","logger_name":"com.netflix.discovery.DiscoveryClient","thread_name":"DiscoveryClient-InstanceInfoReplicator-%d","level":"INFO","level_value":20000}
{"@timestamp":"2025-05-22T02:50:34.435077548+09:00","@version":"1","message":"Tomcat started on port 10256 (http) with context path '/'","logger_name":"org.springframework.boot.web.embedded.tomcat.TomcatWebServer","thread_name":"main","level":"INFO","level_value":20000}
{"@timestamp":"2025-05-22T02:50:34.435832002+09:00","@version":"1","message":"Updating port to 10256","logger_name":"org.springframework.cloud.netflix.eureka.serviceregistry.EurekaAutoServiceRegistration","thread_name":"main","level":"INFO","level_value":20000}
{"@timestamp":"2025-05-22T02:50:34.454348018+09:00","@version":"1","message":"DiscoveryClient_WORK-ENTRY-SERVICE/atgn02-006-kms:work-entry-service:10256 - registration status: 204","logger_name":"com.netflix.discovery.DiscoveryClient","thread_name":"DiscoveryClient-InstanceInfoReplicator-%d","level":"INFO","level_value":20000}
{"@timestamp":"2025-05-22T02:50:34.458883375+09:00","@version":"1","message":"Started WorkEntryApplication in 4.664 seconds (process running for 5.391)","logger_name":"com.nhnacademy.workentry.WorkEntryApplication","thread_name":"main","level":"INFO","level_value":20000}
{"@timestamp":"2025-05-22T02:50:35.858341227+09:00","@version":"1","message":"Unregistering ...","logger_name":"com.netflix.discovery.DiscoveryClient","thread_name":"SpringApplicationShutdownHook","level":"INFO","level_value":20000}
{"@timestamp":"2025-05-22T02:50:35.862980485+09:00","@version":"1","message":"DiscoveryClient_WORK-ENTRY-SERVICE/atgn02-006-kms:work-entry-service:10256 - deregister  status: 200","logger_name":"com.netflix.discovery.DiscoveryClient","thread_name":"SpringApplicationShutdownHook","level":"INFO","level_value":20000}
{"@timestamp":"2025-05-22T02:50:35.86317911+09:00","@version":"1","message":"Completed shut down of DiscoveryClient","logger_name":"com.netflix.discovery.DiscoveryClient","thread_name":"SpringApplicationShutdownHook","level":"INFO","level_value":20000}
{"@timestamp":"2025-05-22T02:51:04.450779021+09:00","@version":"1","message":"DiscoveryClient_WORK-ENTRY-SERVICE/atgn02-006-kms:work-entry-service:10256 - Re-registering apps/WORK-ENTRY-SERVICE","logger_name":"com.netflix.discovery.DiscoveryClient","thread_name":"DiscoveryClient-HeartbeatExecutor-%d","level":"INFO","level_value":20000}
{"@timestamp":"2025-05-22T02:51:04.451137267+09:00","@version":"1","message":"DiscoveryClient_WORK-ENTRY-SERVICE/atgn02-006-kms:work-entry-service:10256: registering service...","logger_name":"com.netflix.discovery.DiscoveryClient","thread_name":"DiscoveryClient-HeartbeatExecutor-%d","level":"INFO","level_value":20000}
{"@timestamp":"2025-05-22T02:51:04.453732124+09:00","@version":"1","message":"DiscoveryClient_WORK-ENTRY-SERVICE/atgn02-006-kms:work-entry-service:10256 - registration status: 204","logger_name":"com.netflix.discovery.DiscoveryClient","thread_name":"DiscoveryClient-HeartbeatExecutor-%d","level":"INFO","level_value":20000}
{"@timestamp":"2025-05-22T02:55:34.263059974+09:00","@version":"1","message":"Resolving eureka endpoints via configuration","logger_name":"com.netflix.discovery.shared.resolver.aws.ConfigClusterResolver","thread_name":"AsyncResolver-bootstrap-executor-%d","level":"INFO","level_value":20000}
{"@timestamp":"2025-05-22T03:00:34.263852728+09:00","@version":"1","message":"Resolving eureka endpoints via configuration","logger_name":"com.netflix.discovery.shared.resolver.aws.ConfigClusterResolver","thread_name":"AsyncResolver-bootstrap-executor-%d","level":"INFO","level_value":20000}
{"@timestamp":"2025-05-22T03:05:34.264618435+09:00","@version":"1","message":"Resolving eureka endpoints via configuration","logger_name":"com.netflix.discovery.shared.resolver.aws.ConfigClusterResolver","thread_name":"AsyncResolver-bootstrap-executor-%d","level":"INFO","level_value":20000}
{"@timestamp":"2025-05-22T03:10:34.265446873+09:00","@version":"1","message":"Resolving eureka endpoints via configuration","logger_name":"com.netflix.discovery.shared.resolver.aws.ConfigClusterResolver","thread_name":"AsyncResolver-bootstrap-executor-%d","level":"INFO","level_value":20000}
{"@timestamp":"2025-05-22T03:15:34.266268948+09:00","@version":"1","message":"Resolving eureka endpoints via configuration","logger_name":"com.netflix.discovery.shared.resolver.aws.ConfigClusterResolver","thread_name":"AsyncResolver-bootstrap-executor-%d","level":"INFO","level_value":20000}
{"@timestamp":"2025-05-22T03:20:34.266847979+09:00","@version":"1","message":"Resolving eureka endpoints via configuration","logger_name":"com.netflix.discovery.shared.resolver.aws.ConfigClusterResolver","thread_name":"AsyncResolver-bootstrap-executor-%d","level":"INFO","level_value":20000}
{"@timestamp":"2025-05-22T03:25:34.267670998+09:00","@version":"1","message":"Resolving eureka endpoints via configuration","logger_name":"com.netflix.discovery.shared.resolver.aws.ConfigClusterResolver","thread_name":"AsyncResolver-bootstrap-executor-%d","level":"INFO","level_value":20000}
{"@timestamp":"2025-05-22T03:30:34.268193654+09:00","@version":"1","message":"Resolving eureka endpoints via configuration","logger_name":"com.netflix.discovery.shared.resolver.aws.ConfigClusterResolver","thread_name":"AsyncResolver-bootstrap-executor-%d","level":"INFO","level_value":20000}
{"@timestamp":"2025-05-22T03:35:34.269014945+09:00","@version":"1","message":"Resolving eureka endpoints via configuration","logger_name":"com.netflix.discovery.shared.resolver.aws.ConfigClusterResolver","thread_name":"AsyncResolver-bootstrap-executor-%d","level":"INFO","level_value":20000}
{"@timestamp":"2025-05-22T03:40:34.269867333+09:00","@version":"1","message":"Resolving eureka endpoints via configuration","logger_name":"com.netflix.discovery.shared.resolver.aws.ConfigClusterResolver","thread_name":"AsyncResolver-bootstrap-executor-%d","level":"INFO","level_value":20000}
{"@timestamp":"2025-05-22T03:42:52.222681248+09:00","@version":"1","message":"Unregistering application WORK-ENTRY-SERVICE with eureka with status DOWN","logger_name":"org.springframework.cloud.netflix.eureka.serviceregistry.EurekaServiceRegistry","thread_name":"SpringApplicationShutdownHook","level":"INFO","level_value":20000}
{"@timestamp":"2025-05-22T03:42:52.223394869+09:00","@version":"1","message":"Saw local status change event StatusChangeEvent [timestamp=1747852972223, current=DOWN, previous=UP]","logger_name":"com.netflix.discovery.DiscoveryClient","thread_name":"SpringApplicationShutdownHook","level":"INFO","level_value":20000}
{"@timestamp":"2025-05-22T03:42:52.224597765+09:00","@version":"1","message":"DiscoveryClient_WORK-ENTRY-SERVICE/atgn02-006-kms:work-entry-service:10256: registering service...","logger_name":"com.netflix.discovery.DiscoveryClient","thread_name":"DiscoveryClient-InstanceInfoReplicator-%d","level":"INFO","level_value":20000}
{"@timestamp":"2025-05-22T03:42:52.22708199+09:00","@version":"1","message":"Commencing graceful shutdown. Waiting for active requests to complete","logger_name":"org.springframework.boot.web.embedded.tomcat.GracefulShutdown","thread_name":"SpringApplicationShutdownHook","level":"INFO","level_value":20000}
{"@timestamp":"2025-05-22T03:42:52.237693011+09:00","@version":"1","message":"Graceful shutdown complete","logger_name":"org.springframework.boot.web.embedded.tomcat.GracefulShutdown","thread_name":"tomcat-shutdown","level":"INFO","level_value":20000}
{"@timestamp":"2025-05-22T03:42:52.245211492+09:00","@version":"1","message":"DiscoveryClient_WORK-ENTRY-SERVICE/atgn02-006-kms:work-entry-service:10256 - registration status: 204","logger_name":"com.netflix.discovery.DiscoveryClient","thread_name":"DiscoveryClient-InstanceInfoReplicator-%d","level":"INFO","level_value":20000}
{"@timestamp":"2025-05-22T03:42:52.253215524+09:00","@version":"1","message":"Closing JPA EntityManagerFactory for persistence unit 'default'","logger_name":"org.springframework.orm.jpa.LocalContainerEntityManagerFactoryBean","thread_name":"SpringApplicationShutdownHook","level":"INFO","level_value":20000}
{"@timestamp":"2025-05-22T03:42:52.259512312+09:00","@version":"1","message":"HikariPool-1 - Shutdown initiated...","logger_name":"com.zaxxer.hikari.HikariDataSource","thread_name":"SpringApplicationShutdownHook","level":"INFO","level_value":20000}
{"@timestamp":"2025-05-22T03:42:52.409832011+09:00","@version":"1","message":"HikariPool-1 - Shutdown completed.","logger_name":"com.zaxxer.hikari.HikariDataSource","thread_name":"SpringApplicationShutdownHook","level":"INFO","level_value":20000}
{"@timestamp":"2025-05-22T03:42:52.410849983+09:00","@version":"1","message":"Shutting down DiscoveryClient ...","logger_name":"com.netflix.discovery.DiscoveryClient","thread_name":"SpringApplicationShutdownHook","level":"INFO","level_value":20000}
