2025-05-15 10:34:34.119 [http-nio-10256-exec-7] ERROR c.n.w.e.controller.EntryController - [월간 출입 통계] 조회 실패
com.influxdb.exceptions.BadRequestException: HTTP status code: 400; Message: error @6:26-6:30: undefined identifier type

error @6:35-6:43: undefined identifier activity

error @5:26-5:34: expected int but found {zone: string, offset: duration} (record)

error @5:39-5:45: undefined identifier 입구

error @4:26-4:32: undefined identifier _field

error @4:37-4:42: undefined identifier value

error @3:26-3:38: undefined identifier _measurement

error @3:43-3:49: undefined identifier sensor

error @1:14-1:20: undefined identifier coffee

error @1:21-1:25: undefined identifier mqtt

error @1:14-1:25: string is not Subtractable (argument bucket)

error @3:17-3:49: [A] (array) is not Record (argument r) (argument fn)

error @3:6-3:50: expected [A] (array) but found {
    B with
    _value: C,
    _time: time,
    _stop: time,
    _start: time,
    _measurement: string,
    _field: string,
} (record) (argument tables)

error @4:17-4:42: [A] (array) is not Record (argument r) (argument fn)

error @5:17-5:45: [A] (array) is not Record (argument r) (argument fn)

error @6:17-6:43: [A] (array) is not Record (argument r) (argument fn)

error @7:6-7:63: [A] (array) is not Record (argument tables)

error @8:18-8:22: expected string but found (<-tables: stream[A], ?column: string) => stream[B] (function) (argument name)
	at com.influxdb.internal.AbstractRestClient.responseToError(AbstractRestClient.java:113)
	at com.influxdb.internal.AbstractQueryApi$1.onResponse(AbstractQueryApi.java:220)
	at com.influxdb.internal.AbstractQueryApi.query(AbstractQueryApi.java:247)
	at com.influxdb.internal.AbstractQueryApi.query(AbstractQueryApi.java:199)
	at com.influxdb.internal.AbstractQueryApi.query(AbstractQueryApi.java:131)
	at com.influxdb.client.internal.QueryApiImpl.query(QueryApiImpl.java:939)
	at com.influxdb.client.internal.QueryApiImpl.query(QueryApiImpl.java:123)
	at com.influxdb.client.internal.QueryApiImpl.query(QueryApiImpl.java:85)
	at com.influxdb.client.internal.QueryApiImpl.query(QueryApiImpl.java:75)
	at com.nhnacademy.workentry.entry.service.impl.EntryServiceImpl.getMonthlyEntryCounts(EntryServiceImpl.java:61)
	at com.nhnacademy.workentry.entry.controller.EntryController.getMonthlyEntryCounts(EntryController.java:39)
	at java.base/jdk.internal.reflect.DirectMethodHandleAccessor.invoke(DirectMethodHandleAccessor.java:103)
	at java.base/java.lang.reflect.Method.invoke(Method.java:580)
	at org.springframework.web.method.support.InvocableHandlerMethod.doInvoke(InvocableHandlerMethod.java:258)
	at org.springframework.web.method.support.InvocableHandlerMethod.invokeForRequest(InvocableHandlerMethod.java:191)
	at org.springframework.web.servlet.mvc.method.annotation.ServletInvocableHandlerMethod.invokeAndHandle(ServletInvocableHandlerMethod.java:118)
	at org.springframework.web.servlet.mvc.method.annotation.RequestMappingHandlerAdapter.invokeHandlerMethod(RequestMappingHandlerAdapter.java:986)
	at org.springframework.web.servlet.mvc.method.annotation.RequestMappingHandlerAdapter.handleInternal(RequestMappingHandlerAdapter.java:891)
	at org.springframework.web.servlet.mvc.method.AbstractHandlerMethodAdapter.handle(AbstractHandlerMethodAdapter.java:87)
	at org.springframework.web.servlet.DispatcherServlet.doDispatch(DispatcherServlet.java:1089)
	at org.springframework.web.servlet.DispatcherServlet.doService(DispatcherServlet.java:979)
	at org.springframework.web.servlet.FrameworkServlet.processRequest(FrameworkServlet.java:1014)
	at org.springframework.web.servlet.FrameworkServlet.doGet(FrameworkServlet.java:903)
	at jakarta.servlet.http.HttpServlet.service(HttpServlet.java:564)
	at org.springframework.web.servlet.FrameworkServlet.service(FrameworkServlet.java:885)
	at jakarta.servlet.http.HttpServlet.service(HttpServlet.java:658)
	at org.apache.catalina.core.ApplicationFilterChain.internalDoFilter(ApplicationFilterChain.java:195)
	at org.apache.catalina.core.ApplicationFilterChain.doFilter(ApplicationFilterChain.java:140)
	at org.apache.tomcat.websocket.server.WsFilter.doFilter(WsFilter.java:51)
	at org.apache.catalina.core.ApplicationFilterChain.internalDoFilter(ApplicationFilterChain.java:164)
	at org.apache.catalina.core.ApplicationFilterChain.doFilter(ApplicationFilterChain.java:140)
	at org.springframework.web.filter.RequestContextFilter.doFilterInternal(RequestContextFilter.java:100)
	at org.springframework.web.filter.OncePerRequestFilter.doFilter(OncePerRequestFilter.java:116)
	at org.apache.catalina.core.ApplicationFilterChain.internalDoFilter(ApplicationFilterChain.java:164)
	at org.apache.catalina.core.ApplicationFilterChain.doFilter(ApplicationFilterChain.java:140)
	at org.springframework.web.filter.FormContentFilter.doFilterInternal(FormContentFilter.java:93)
	at org.springframework.web.filter.OncePerRequestFilter.doFilter(OncePerRequestFilter.java:116)
	at org.apache.catalina.core.ApplicationFilterChain.internalDoFilter(ApplicationFilterChain.java:164)
	at org.apache.catalina.core.ApplicationFilterChain.doFilter(ApplicationFilterChain.java:140)
	at org.springframework.web.filter.CharacterEncodingFilter.doFilterInternal(CharacterEncodingFilter.java:201)
	at org.springframework.web.filter.OncePerRequestFilter.doFilter(OncePerRequestFilter.java:116)
	at org.apache.catalina.core.ApplicationFilterChain.internalDoFilter(ApplicationFilterChain.java:164)
	at org.apache.catalina.core.ApplicationFilterChain.doFilter(ApplicationFilterChain.java:140)
	at org.apache.catalina.core.StandardWrapperValve.invoke(StandardWrapperValve.java:167)
	at org.apache.catalina.core.StandardContextValve.invoke(StandardContextValve.java:90)
	at org.apache.catalina.authenticator.AuthenticatorBase.invoke(AuthenticatorBase.java:483)
	at org.apache.catalina.core.StandardHostValve.invoke(StandardHostValve.java:115)
	at org.apache.catalina.valves.ErrorReportValve.invoke(ErrorReportValve.java:93)
	at org.apache.catalina.core.StandardEngineValve.invoke(StandardEngineValve.java:74)
	at org.apache.catalina.connector.CoyoteAdapter.service(CoyoteAdapter.java:344)
	at org.apache.coyote.http11.Http11Processor.service(Http11Processor.java:397)
	at org.apache.coyote.AbstractProcessorLight.process(AbstractProcessorLight.java:63)
	at org.apache.coyote.AbstractProtocol$ConnectionHandler.process(AbstractProtocol.java:905)
	at org.apache.tomcat.util.net.NioEndpoint$SocketProcessor.doRun(NioEndpoint.java:1743)
	at org.apache.tomcat.util.net.SocketProcessorBase.run(SocketProcessorBase.java:52)
	at org.apache.tomcat.util.threads.ThreadPoolExecutor.runWorker(ThreadPoolExecutor.java:1190)
	at org.apache.tomcat.util.threads.ThreadPoolExecutor$Worker.run(ThreadPoolExecutor.java:659)
	at org.apache.tomcat.util.threads.TaskThread$WrappingRunnable.run(TaskThread.java:63)
	at java.base/java.lang.Thread.run(Thread.java:1583)
2025-05-15 10:34:55.474 [http-nio-10256-exec-1] ERROR c.n.w.e.controller.EntryController - [월간 출입 통계] 조회 실패
com.influxdb.exceptions.BadRequestException: HTTP status code: 400; Message: error @6:26-6:30: undefined identifier type

error @6:35-6:43: undefined identifier activity

error @5:26-5:34: expected int but found {zone: string, offset: duration} (record)

error @5:39-5:45: undefined identifier 입구

error @4:26-4:32: undefined identifier _field

error @4:37-4:42: undefined identifier value

error @3:26-3:38: undefined identifier _measurement

error @3:43-3:49: undefined identifier sensor

error @1:14-1:20: undefined identifier coffee

error @1:21-1:25: undefined identifier mqtt

error @1:14-1:25: string is not Subtractable (argument bucket)

error @3:17-3:49: [A] (array) is not Record (argument r) (argument fn)

error @3:6-3:50: expected [A] (array) but found {
    B with
    _value: C,
    _time: time,
    _stop: time,
    _start: time,
    _measurement: string,
    _field: string,
} (record) (argument tables)

error @4:17-4:42: [A] (array) is not Record (argument r) (argument fn)

error @5:17-5:45: [A] (array) is not Record (argument r) (argument fn)

error @6:17-6:43: [A] (array) is not Record (argument r) (argument fn)

error @7:6-7:63: [A] (array) is not Record (argument tables)

error @8:18-8:22: expected string but found (<-tables: stream[A], ?column: string) => stream[B] (function) (argument name)
	at com.influxdb.internal.AbstractRestClient.responseToError(AbstractRestClient.java:113)
	at com.influxdb.internal.AbstractQueryApi$1.onResponse(AbstractQueryApi.java:220)
	at com.influxdb.internal.AbstractQueryApi.query(AbstractQueryApi.java:247)
	at com.influxdb.internal.AbstractQueryApi.query(AbstractQueryApi.java:199)
	at com.influxdb.internal.AbstractQueryApi.query(AbstractQueryApi.java:131)
	at com.influxdb.client.internal.QueryApiImpl.query(QueryApiImpl.java:939)
	at com.influxdb.client.internal.QueryApiImpl.query(QueryApiImpl.java:123)
	at com.influxdb.client.internal.QueryApiImpl.query(QueryApiImpl.java:85)
	at com.influxdb.client.internal.QueryApiImpl.query(QueryApiImpl.java:75)
	at com.nhnacademy.workentry.entry.service.impl.EntryServiceImpl.getMonthlyEntryCounts(EntryServiceImpl.java:61)
	at com.nhnacademy.workentry.entry.controller.EntryController.getMonthlyEntryCounts(EntryController.java:39)
	at java.base/jdk.internal.reflect.DirectMethodHandleAccessor.invoke(DirectMethodHandleAccessor.java:103)
	at java.base/java.lang.reflect.Method.invoke(Method.java:580)
	at org.springframework.web.method.support.InvocableHandlerMethod.doInvoke(InvocableHandlerMethod.java:258)
	at org.springframework.web.method.support.InvocableHandlerMethod.invokeForRequest(InvocableHandlerMethod.java:191)
	at org.springframework.web.servlet.mvc.method.annotation.ServletInvocableHandlerMethod.invokeAndHandle(ServletInvocableHandlerMethod.java:118)
	at org.springframework.web.servlet.mvc.method.annotation.RequestMappingHandlerAdapter.invokeHandlerMethod(RequestMappingHandlerAdapter.java:986)
	at org.springframework.web.servlet.mvc.method.annotation.RequestMappingHandlerAdapter.handleInternal(RequestMappingHandlerAdapter.java:891)
	at org.springframework.web.servlet.mvc.method.AbstractHandlerMethodAdapter.handle(AbstractHandlerMethodAdapter.java:87)
	at org.springframework.web.servlet.DispatcherServlet.doDispatch(DispatcherServlet.java:1089)
	at org.springframework.web.servlet.DispatcherServlet.doService(DispatcherServlet.java:979)
	at org.springframework.web.servlet.FrameworkServlet.processRequest(FrameworkServlet.java:1014)
	at org.springframework.web.servlet.FrameworkServlet.doGet(FrameworkServlet.java:903)
	at jakarta.servlet.http.HttpServlet.service(HttpServlet.java:564)
	at org.springframework.web.servlet.FrameworkServlet.service(FrameworkServlet.java:885)
	at jakarta.servlet.http.HttpServlet.service(HttpServlet.java:658)
	at org.apache.catalina.core.ApplicationFilterChain.internalDoFilter(ApplicationFilterChain.java:195)
	at org.apache.catalina.core.ApplicationFilterChain.doFilter(ApplicationFilterChain.java:140)
	at org.apache.tomcat.websocket.server.WsFilter.doFilter(WsFilter.java:51)
	at org.apache.catalina.core.ApplicationFilterChain.internalDoFilter(ApplicationFilterChain.java:164)
	at org.apache.catalina.core.ApplicationFilterChain.doFilter(ApplicationFilterChain.java:140)
	at org.springframework.web.filter.RequestContextFilter.doFilterInternal(RequestContextFilter.java:100)
	at org.springframework.web.filter.OncePerRequestFilter.doFilter(OncePerRequestFilter.java:116)
	at org.apache.catalina.core.ApplicationFilterChain.internalDoFilter(ApplicationFilterChain.java:164)
	at org.apache.catalina.core.ApplicationFilterChain.doFilter(ApplicationFilterChain.java:140)
	at org.springframework.web.filter.FormContentFilter.doFilterInternal(FormContentFilter.java:93)
	at org.springframework.web.filter.OncePerRequestFilter.doFilter(OncePerRequestFilter.java:116)
	at org.apache.catalina.core.ApplicationFilterChain.internalDoFilter(ApplicationFilterChain.java:164)
	at org.apache.catalina.core.ApplicationFilterChain.doFilter(ApplicationFilterChain.java:140)
	at org.springframework.web.filter.CharacterEncodingFilter.doFilterInternal(CharacterEncodingFilter.java:201)
	at org.springframework.web.filter.OncePerRequestFilter.doFilter(OncePerRequestFilter.java:116)
	at org.apache.catalina.core.ApplicationFilterChain.internalDoFilter(ApplicationFilterChain.java:164)
	at org.apache.catalina.core.ApplicationFilterChain.doFilter(ApplicationFilterChain.java:140)
	at org.apache.catalina.core.StandardWrapperValve.invoke(StandardWrapperValve.java:167)
	at org.apache.catalina.core.StandardContextValve.invoke(StandardContextValve.java:90)
	at org.apache.catalina.authenticator.AuthenticatorBase.invoke(AuthenticatorBase.java:483)
	at org.apache.catalina.core.StandardHostValve.invoke(StandardHostValve.java:115)
	at org.apache.catalina.valves.ErrorReportValve.invoke(ErrorReportValve.java:93)
	at org.apache.catalina.core.StandardEngineValve.invoke(StandardEngineValve.java:74)
	at org.apache.catalina.connector.CoyoteAdapter.service(CoyoteAdapter.java:344)
	at org.apache.coyote.http11.Http11Processor.service(Http11Processor.java:397)
	at org.apache.coyote.AbstractProcessorLight.process(AbstractProcessorLight.java:63)
	at org.apache.coyote.AbstractProtocol$ConnectionHandler.process(AbstractProtocol.java:905)
	at org.apache.tomcat.util.net.NioEndpoint$SocketProcessor.doRun(NioEndpoint.java:1743)
	at org.apache.tomcat.util.net.SocketProcessorBase.run(SocketProcessorBase.java:52)
	at org.apache.tomcat.util.threads.ThreadPoolExecutor.runWorker(ThreadPoolExecutor.java:1190)
	at org.apache.tomcat.util.threads.ThreadPoolExecutor$Worker.run(ThreadPoolExecutor.java:659)
	at org.apache.tomcat.util.threads.TaskThread$WrappingRunnable.run(TaskThread.java:63)
	at java.base/java.lang.Thread.run(Thread.java:1583)
2025-05-15 10:39:57.072 [http-nio-10256-exec-7] ERROR c.n.w.e.controller.EntryController - [월간 출입 통계] 조회 실패
com.influxdb.exceptions.BadRequestException: HTTP status code: 400; Message: error @6:26-6:30: undefined identifier type

error @6:35-6:43: undefined identifier activity

error @5:26-5:34: expected int but found {zone: string, offset: duration} (record)

error @5:39-5:45: undefined identifier 입구

error @4:26-4:32: undefined identifier _field

error @4:37-4:42: undefined identifier value

error @3:26-3:38: undefined identifier _measurement

error @3:43-3:49: undefined identifier sensor

error @1:14-1:20: undefined identifier coffee

error @1:21-1:25: undefined identifier mqtt

error @1:14-1:25: string is not Subtractable (argument bucket)

error @3:17-3:49: [A] (array) is not Record (argument r) (argument fn)

error @3:6-3:50: expected [A] (array) but found {
    B with
    _value: C,
    _time: time,
    _stop: time,
    _start: time,
    _measurement: string,
    _field: string,
} (record) (argument tables)

error @4:17-4:42: [A] (array) is not Record (argument r) (argument fn)

error @5:17-5:45: [A] (array) is not Record (argument r) (argument fn)

error @6:17-6:43: [A] (array) is not Record (argument r) (argument fn)

error @7:6-7:63: [A] (array) is not Record (argument tables)

error @8:18-8:22: expected string but found (<-tables: stream[A], ?column: string) => stream[B] (function) (argument name)
	at com.influxdb.internal.AbstractRestClient.responseToError(AbstractRestClient.java:113)
	at com.influxdb.internal.AbstractQueryApi$1.onResponse(AbstractQueryApi.java:220)
	at com.influxdb.internal.AbstractQueryApi.query(AbstractQueryApi.java:247)
	at com.influxdb.internal.AbstractQueryApi.query(AbstractQueryApi.java:199)
	at com.influxdb.internal.AbstractQueryApi.query(AbstractQueryApi.java:131)
	at com.influxdb.client.internal.QueryApiImpl.query(QueryApiImpl.java:939)
	at com.influxdb.client.internal.QueryApiImpl.query(QueryApiImpl.java:123)
	at com.influxdb.client.internal.QueryApiImpl.query(QueryApiImpl.java:85)
	at com.influxdb.client.internal.QueryApiImpl.query(QueryApiImpl.java:75)
	at com.nhnacademy.workentry.entry.service.impl.EntryServiceImpl.getMonthlyEntryCounts(EntryServiceImpl.java:64)
	at com.nhnacademy.workentry.entry.controller.EntryController.getMonthlyEntryCounts(EntryController.java:39)
	at java.base/jdk.internal.reflect.DirectMethodHandleAccessor.invoke(DirectMethodHandleAccessor.java:103)
	at java.base/java.lang.reflect.Method.invoke(Method.java:580)
	at org.springframework.web.method.support.InvocableHandlerMethod.doInvoke(InvocableHandlerMethod.java:258)
	at org.springframework.web.method.support.InvocableHandlerMethod.invokeForRequest(InvocableHandlerMethod.java:191)
	at org.springframework.web.servlet.mvc.method.annotation.ServletInvocableHandlerMethod.invokeAndHandle(ServletInvocableHandlerMethod.java:118)
	at org.springframework.web.servlet.mvc.method.annotation.RequestMappingHandlerAdapter.invokeHandlerMethod(RequestMappingHandlerAdapter.java:986)
	at org.springframework.web.servlet.mvc.method.annotation.RequestMappingHandlerAdapter.handleInternal(RequestMappingHandlerAdapter.java:891)
	at org.springframework.web.servlet.mvc.method.AbstractHandlerMethodAdapter.handle(AbstractHandlerMethodAdapter.java:87)
	at org.springframework.web.servlet.DispatcherServlet.doDispatch(DispatcherServlet.java:1089)
	at org.springframework.web.servlet.DispatcherServlet.doService(DispatcherServlet.java:979)
	at org.springframework.web.servlet.FrameworkServlet.processRequest(FrameworkServlet.java:1014)
	at org.springframework.web.servlet.FrameworkServlet.doGet(FrameworkServlet.java:903)
	at jakarta.servlet.http.HttpServlet.service(HttpServlet.java:564)
	at org.springframework.web.servlet.FrameworkServlet.service(FrameworkServlet.java:885)
	at jakarta.servlet.http.HttpServlet.service(HttpServlet.java:658)
	at org.apache.catalina.core.ApplicationFilterChain.internalDoFilter(ApplicationFilterChain.java:195)
	at org.apache.catalina.core.ApplicationFilterChain.doFilter(ApplicationFilterChain.java:140)
	at org.apache.tomcat.websocket.server.WsFilter.doFilter(WsFilter.java:51)
	at org.apache.catalina.core.ApplicationFilterChain.internalDoFilter(ApplicationFilterChain.java:164)
	at org.apache.catalina.core.ApplicationFilterChain.doFilter(ApplicationFilterChain.java:140)
	at org.springframework.web.filter.RequestContextFilter.doFilterInternal(RequestContextFilter.java:100)
	at org.springframework.web.filter.OncePerRequestFilter.doFilter(OncePerRequestFilter.java:116)
	at org.apache.catalina.core.ApplicationFilterChain.internalDoFilter(ApplicationFilterChain.java:164)
	at org.apache.catalina.core.ApplicationFilterChain.doFilter(ApplicationFilterChain.java:140)
	at org.springframework.web.filter.FormContentFilter.doFilterInternal(FormContentFilter.java:93)
	at org.springframework.web.filter.OncePerRequestFilter.doFilter(OncePerRequestFilter.java:116)
	at org.apache.catalina.core.ApplicationFilterChain.internalDoFilter(ApplicationFilterChain.java:164)
	at org.apache.catalina.core.ApplicationFilterChain.doFilter(ApplicationFilterChain.java:140)
	at org.springframework.web.filter.CharacterEncodingFilter.doFilterInternal(CharacterEncodingFilter.java:201)
	at org.springframework.web.filter.OncePerRequestFilter.doFilter(OncePerRequestFilter.java:116)
	at org.apache.catalina.core.ApplicationFilterChain.internalDoFilter(ApplicationFilterChain.java:164)
	at org.apache.catalina.core.ApplicationFilterChain.doFilter(ApplicationFilterChain.java:140)
	at org.apache.catalina.core.StandardWrapperValve.invoke(StandardWrapperValve.java:167)
	at org.apache.catalina.core.StandardContextValve.invoke(StandardContextValve.java:90)
	at org.apache.catalina.authenticator.AuthenticatorBase.invoke(AuthenticatorBase.java:483)
	at org.apache.catalina.core.StandardHostValve.invoke(StandardHostValve.java:115)
	at org.apache.catalina.valves.ErrorReportValve.invoke(ErrorReportValve.java:93)
	at org.apache.catalina.core.StandardEngineValve.invoke(StandardEngineValve.java:74)
	at org.apache.catalina.connector.CoyoteAdapter.service(CoyoteAdapter.java:344)
	at org.apache.coyote.http11.Http11Processor.service(Http11Processor.java:397)
	at org.apache.coyote.AbstractProcessorLight.process(AbstractProcessorLight.java:63)
	at org.apache.coyote.AbstractProtocol$ConnectionHandler.process(AbstractProtocol.java:905)
	at org.apache.tomcat.util.net.NioEndpoint$SocketProcessor.doRun(NioEndpoint.java:1743)
	at org.apache.tomcat.util.net.SocketProcessorBase.run(SocketProcessorBase.java:52)
	at org.apache.tomcat.util.threads.ThreadPoolExecutor.runWorker(ThreadPoolExecutor.java:1190)
	at org.apache.tomcat.util.threads.ThreadPoolExecutor$Worker.run(ThreadPoolExecutor.java:659)
	at org.apache.tomcat.util.threads.TaskThread$WrappingRunnable.run(TaskThread.java:63)
	at java.base/java.lang.Thread.run(Thread.java:1583)
2025-05-15 10:41:07.313 [http-nio-10256-exec-1] ERROR c.n.w.e.controller.EntryController - [월간 출입 통계] 조회 실패
com.influxdb.exceptions.BadRequestException: HTTP status code: 400; Message: error @6:26-6:30: undefined identifier type

error @6:35-6:43: undefined identifier activity

error @5:26-5:34: expected int but found {zone: string, offset: duration} (record)

error @5:39-5:45: undefined identifier 입구

error @4:26-4:32: undefined identifier _field

error @4:37-4:42: undefined identifier value

error @3:26-3:38: undefined identifier _measurement

error @3:43-3:49: undefined identifier sensor

error @1:14-1:20: undefined identifier coffee

error @1:21-1:25: undefined identifier mqtt

error @1:14-1:25: string is not Subtractable (argument bucket)

error @3:17-3:49: [A] (array) is not Record (argument r) (argument fn)

error @3:6-3:50: expected [A] (array) but found {
    B with
    _value: C,
    _time: time,
    _stop: time,
    _start: time,
    _measurement: string,
    _field: string,
} (record) (argument tables)

error @4:17-4:42: [A] (array) is not Record (argument r) (argument fn)

error @5:17-5:45: [A] (array) is not Record (argument r) (argument fn)

error @6:17-6:43: [A] (array) is not Record (argument r) (argument fn)

error @7:6-7:63: [A] (array) is not Record (argument tables)

error @8:18-8:22: expected string but found (<-tables: stream[A], ?column: string) => stream[B] (function) (argument name)
	at com.influxdb.internal.AbstractRestClient.responseToError(AbstractRestClient.java:113)
	at com.influxdb.internal.AbstractQueryApi$1.onResponse(AbstractQueryApi.java:220)
	at com.influxdb.internal.AbstractQueryApi.query(AbstractQueryApi.java:247)
	at com.influxdb.internal.AbstractQueryApi.query(AbstractQueryApi.java:199)
	at com.influxdb.internal.AbstractQueryApi.query(AbstractQueryApi.java:131)
	at com.influxdb.client.internal.QueryApiImpl.query(QueryApiImpl.java:939)
	at com.influxdb.client.internal.QueryApiImpl.query(QueryApiImpl.java:123)
	at com.influxdb.client.internal.QueryApiImpl.query(QueryApiImpl.java:85)
	at com.influxdb.client.internal.QueryApiImpl.query(QueryApiImpl.java:75)
	at com.nhnacademy.workentry.entry.service.impl.EntryServiceImpl.getMonthlyEntryCounts(EntryServiceImpl.java:64)
	at com.nhnacademy.workentry.entry.controller.EntryController.getMonthlyEntryCounts(EntryController.java:39)
	at java.base/jdk.internal.reflect.DirectMethodHandleAccessor.invoke(DirectMethodHandleAccessor.java:103)
	at java.base/java.lang.reflect.Method.invoke(Method.java:580)
	at org.springframework.web.method.support.InvocableHandlerMethod.doInvoke(InvocableHandlerMethod.java:258)
	at org.springframework.web.method.support.InvocableHandlerMethod.invokeForRequest(InvocableHandlerMethod.java:191)
	at org.springframework.web.servlet.mvc.method.annotation.ServletInvocableHandlerMethod.invokeAndHandle(ServletInvocableHandlerMethod.java:118)
	at org.springframework.web.servlet.mvc.method.annotation.RequestMappingHandlerAdapter.invokeHandlerMethod(RequestMappingHandlerAdapter.java:986)
	at org.springframework.web.servlet.mvc.method.annotation.RequestMappingHandlerAdapter.handleInternal(RequestMappingHandlerAdapter.java:891)
	at org.springframework.web.servlet.mvc.method.AbstractHandlerMethodAdapter.handle(AbstractHandlerMethodAdapter.java:87)
	at org.springframework.web.servlet.DispatcherServlet.doDispatch(DispatcherServlet.java:1089)
	at org.springframework.web.servlet.DispatcherServlet.doService(DispatcherServlet.java:979)
	at org.springframework.web.servlet.FrameworkServlet.processRequest(FrameworkServlet.java:1014)
	at org.springframework.web.servlet.FrameworkServlet.doGet(FrameworkServlet.java:903)
	at jakarta.servlet.http.HttpServlet.service(HttpServlet.java:564)
	at org.springframework.web.servlet.FrameworkServlet.service(FrameworkServlet.java:885)
	at jakarta.servlet.http.HttpServlet.service(HttpServlet.java:658)
	at org.apache.catalina.core.ApplicationFilterChain.internalDoFilter(ApplicationFilterChain.java:195)
	at org.apache.catalina.core.ApplicationFilterChain.doFilter(ApplicationFilterChain.java:140)
	at org.apache.tomcat.websocket.server.WsFilter.doFilter(WsFilter.java:51)
	at org.apache.catalina.core.ApplicationFilterChain.internalDoFilter(ApplicationFilterChain.java:164)
	at org.apache.catalina.core.ApplicationFilterChain.doFilter(ApplicationFilterChain.java:140)
	at org.springframework.web.filter.RequestContextFilter.doFilterInternal(RequestContextFilter.java:100)
	at org.springframework.web.filter.OncePerRequestFilter.doFilter(OncePerRequestFilter.java:116)
	at org.apache.catalina.core.ApplicationFilterChain.internalDoFilter(ApplicationFilterChain.java:164)
	at org.apache.catalina.core.ApplicationFilterChain.doFilter(ApplicationFilterChain.java:140)
	at org.springframework.web.filter.FormContentFilter.doFilterInternal(FormContentFilter.java:93)
	at org.springframework.web.filter.OncePerRequestFilter.doFilter(OncePerRequestFilter.java:116)
	at org.apache.catalina.core.ApplicationFilterChain.internalDoFilter(ApplicationFilterChain.java:164)
	at org.apache.catalina.core.ApplicationFilterChain.doFilter(ApplicationFilterChain.java:140)
	at org.springframework.web.filter.CharacterEncodingFilter.doFilterInternal(CharacterEncodingFilter.java:201)
	at org.springframework.web.filter.OncePerRequestFilter.doFilter(OncePerRequestFilter.java:116)
	at org.apache.catalina.core.ApplicationFilterChain.internalDoFilter(ApplicationFilterChain.java:164)
	at org.apache.catalina.core.ApplicationFilterChain.doFilter(ApplicationFilterChain.java:140)
	at org.apache.catalina.core.StandardWrapperValve.invoke(StandardWrapperValve.java:167)
	at org.apache.catalina.core.StandardContextValve.invoke(StandardContextValve.java:90)
	at org.apache.catalina.authenticator.AuthenticatorBase.invoke(AuthenticatorBase.java:483)
	at org.apache.catalina.core.StandardHostValve.invoke(StandardHostValve.java:115)
	at org.apache.catalina.valves.ErrorReportValve.invoke(ErrorReportValve.java:93)
	at org.apache.catalina.core.StandardEngineValve.invoke(StandardEngineValve.java:74)
	at org.apache.catalina.connector.CoyoteAdapter.service(CoyoteAdapter.java:344)
	at org.apache.coyote.http11.Http11Processor.service(Http11Processor.java:397)
	at org.apache.coyote.AbstractProcessorLight.process(AbstractProcessorLight.java:63)
	at org.apache.coyote.AbstractProtocol$ConnectionHandler.process(AbstractProtocol.java:905)
	at org.apache.tomcat.util.net.NioEndpoint$SocketProcessor.doRun(NioEndpoint.java:1743)
	at org.apache.tomcat.util.net.SocketProcessorBase.run(SocketProcessorBase.java:52)
	at org.apache.tomcat.util.threads.ThreadPoolExecutor.runWorker(ThreadPoolExecutor.java:1190)
	at org.apache.tomcat.util.threads.ThreadPoolExecutor$Worker.run(ThreadPoolExecutor.java:659)
	at org.apache.tomcat.util.threads.TaskThread$WrappingRunnable.run(TaskThread.java:63)
	at java.base/java.lang.Thread.run(Thread.java:1583)
2025-05-15 10:41:57.302 [http-nio-10256-exec-6] ERROR c.n.w.e.controller.EntryController - [월간 출입 통계] 조회 실패
com.influxdb.exceptions.BadRequestException: HTTP status code: 400; Message: error @6:26-6:30: undefined identifier type

error @6:35-6:43: undefined identifier activity

error @5:26-5:34: expected int but found {zone: string, offset: duration} (record)

error @5:39-5:45: undefined identifier 입구

error @4:26-4:32: undefined identifier _field

error @4:37-4:42: undefined identifier value

error @3:26-3:38: undefined identifier _measurement

error @3:43-3:49: undefined identifier sensor

error @1:14-1:20: undefined identifier coffee

error @1:21-1:25: undefined identifier mqtt

error @1:14-1:25: string is not Subtractable (argument bucket)

error @3:17-3:49: [A] (array) is not Record (argument r) (argument fn)

error @3:6-3:50: expected [A] (array) but found {
    B with
    _value: C,
    _time: time,
    _stop: time,
    _start: time,
    _measurement: string,
    _field: string,
} (record) (argument tables)

error @4:17-4:42: [A] (array) is not Record (argument r) (argument fn)

error @5:17-5:45: [A] (array) is not Record (argument r) (argument fn)

error @6:17-6:43: [A] (array) is not Record (argument r) (argument fn)

error @7:6-7:63: [A] (array) is not Record (argument tables)

error @8:18-8:22: expected string but found (<-tables: stream[A], ?column: string) => stream[B] (function) (argument name)
	at com.influxdb.internal.AbstractRestClient.responseToError(AbstractRestClient.java:113)
	at com.influxdb.internal.AbstractQueryApi$1.onResponse(AbstractQueryApi.java:220)
	at com.influxdb.internal.AbstractQueryApi.query(AbstractQueryApi.java:247)
	at com.influxdb.internal.AbstractQueryApi.query(AbstractQueryApi.java:199)
	at com.influxdb.internal.AbstractQueryApi.query(AbstractQueryApi.java:131)
	at com.influxdb.client.internal.QueryApiImpl.query(QueryApiImpl.java:939)
	at com.influxdb.client.internal.QueryApiImpl.query(QueryApiImpl.java:123)
	at com.influxdb.client.internal.QueryApiImpl.query(QueryApiImpl.java:85)
	at com.influxdb.client.internal.QueryApiImpl.query(QueryApiImpl.java:75)
	at com.nhnacademy.workentry.entry.service.impl.EntryServiceImpl.getMonthlyEntryCounts(EntryServiceImpl.java:64)
	at com.nhnacademy.workentry.entry.controller.EntryController.getMonthlyEntryCounts(EntryController.java:39)
	at java.base/jdk.internal.reflect.DirectMethodHandleAccessor.invoke(DirectMethodHandleAccessor.java:103)
	at java.base/java.lang.reflect.Method.invoke(Method.java:580)
	at org.springframework.web.method.support.InvocableHandlerMethod.doInvoke(InvocableHandlerMethod.java:258)
	at org.springframework.web.method.support.InvocableHandlerMethod.invokeForRequest(InvocableHandlerMethod.java:191)
	at org.springframework.web.servlet.mvc.method.annotation.ServletInvocableHandlerMethod.invokeAndHandle(ServletInvocableHandlerMethod.java:118)
	at org.springframework.web.servlet.mvc.method.annotation.RequestMappingHandlerAdapter.invokeHandlerMethod(RequestMappingHandlerAdapter.java:986)
	at org.springframework.web.servlet.mvc.method.annotation.RequestMappingHandlerAdapter.handleInternal(RequestMappingHandlerAdapter.java:891)
	at org.springframework.web.servlet.mvc.method.AbstractHandlerMethodAdapter.handle(AbstractHandlerMethodAdapter.java:87)
	at org.springframework.web.servlet.DispatcherServlet.doDispatch(DispatcherServlet.java:1089)
	at org.springframework.web.servlet.DispatcherServlet.doService(DispatcherServlet.java:979)
	at org.springframework.web.servlet.FrameworkServlet.processRequest(FrameworkServlet.java:1014)
	at org.springframework.web.servlet.FrameworkServlet.doGet(FrameworkServlet.java:903)
	at jakarta.servlet.http.HttpServlet.service(HttpServlet.java:564)
	at org.springframework.web.servlet.FrameworkServlet.service(FrameworkServlet.java:885)
	at jakarta.servlet.http.HttpServlet.service(HttpServlet.java:658)
	at org.apache.catalina.core.ApplicationFilterChain.internalDoFilter(ApplicationFilterChain.java:195)
	at org.apache.catalina.core.ApplicationFilterChain.doFilter(ApplicationFilterChain.java:140)
	at org.apache.tomcat.websocket.server.WsFilter.doFilter(WsFilter.java:51)
	at org.apache.catalina.core.ApplicationFilterChain.internalDoFilter(ApplicationFilterChain.java:164)
	at org.apache.catalina.core.ApplicationFilterChain.doFilter(ApplicationFilterChain.java:140)
	at org.springframework.web.filter.RequestContextFilter.doFilterInternal(RequestContextFilter.java:100)
	at org.springframework.web.filter.OncePerRequestFilter.doFilter(OncePerRequestFilter.java:116)
	at org.apache.catalina.core.ApplicationFilterChain.internalDoFilter(ApplicationFilterChain.java:164)
	at org.apache.catalina.core.ApplicationFilterChain.doFilter(ApplicationFilterChain.java:140)
	at org.springframework.web.filter.FormContentFilter.doFilterInternal(FormContentFilter.java:93)
	at org.springframework.web.filter.OncePerRequestFilter.doFilter(OncePerRequestFilter.java:116)
	at org.apache.catalina.core.ApplicationFilterChain.internalDoFilter(ApplicationFilterChain.java:164)
	at org.apache.catalina.core.ApplicationFilterChain.doFilter(ApplicationFilterChain.java:140)
	at org.springframework.web.filter.CharacterEncodingFilter.doFilterInternal(CharacterEncodingFilter.java:201)
	at org.springframework.web.filter.OncePerRequestFilter.doFilter(OncePerRequestFilter.java:116)
	at org.apache.catalina.core.ApplicationFilterChain.internalDoFilter(ApplicationFilterChain.java:164)
	at org.apache.catalina.core.ApplicationFilterChain.doFilter(ApplicationFilterChain.java:140)
	at org.apache.catalina.core.StandardWrapperValve.invoke(StandardWrapperValve.java:167)
	at org.apache.catalina.core.StandardContextValve.invoke(StandardContextValve.java:90)
	at org.apache.catalina.authenticator.AuthenticatorBase.invoke(AuthenticatorBase.java:483)
	at org.apache.catalina.core.StandardHostValve.invoke(StandardHostValve.java:115)
	at org.apache.catalina.valves.ErrorReportValve.invoke(ErrorReportValve.java:93)
	at org.apache.catalina.core.StandardEngineValve.invoke(StandardEngineValve.java:74)
	at org.apache.catalina.connector.CoyoteAdapter.service(CoyoteAdapter.java:344)
	at org.apache.coyote.http11.Http11Processor.service(Http11Processor.java:397)
	at org.apache.coyote.AbstractProcessorLight.process(AbstractProcessorLight.java:63)
	at org.apache.coyote.AbstractProtocol$ConnectionHandler.process(AbstractProtocol.java:905)
	at org.apache.tomcat.util.net.NioEndpoint$SocketProcessor.doRun(NioEndpoint.java:1743)
	at org.apache.tomcat.util.net.SocketProcessorBase.run(SocketProcessorBase.java:52)
	at org.apache.tomcat.util.threads.ThreadPoolExecutor.runWorker(ThreadPoolExecutor.java:1190)
	at org.apache.tomcat.util.threads.ThreadPoolExecutor$Worker.run(ThreadPoolExecutor.java:659)
	at org.apache.tomcat.util.threads.TaskThread$WrappingRunnable.run(TaskThread.java:63)
	at java.base/java.lang.Thread.run(Thread.java:1583)
2025-05-15 10:43:26.156 [http-nio-10256-exec-1] ERROR c.n.w.e.controller.EntryController - [월간 출입 통계] 조회 실패
com.influxdb.exceptions.BadRequestException: HTTP status code: 400; Message: error @6:26-6:30: undefined identifier type

error @6:35-6:43: undefined identifier activity

error @5:26-5:34: expected int but found {zone: string, offset: duration} (record)

error @5:39-5:45: undefined identifier 입구

error @4:26-4:32: undefined identifier _field

error @4:37-4:42: undefined identifier value

error @3:26-3:38: undefined identifier _measurement

error @3:43-3:49: undefined identifier sensor

error @1:14-1:20: undefined identifier coffee

error @1:21-1:25: undefined identifier mqtt

error @1:14-1:25: string is not Subtractable (argument bucket)

error @3:17-3:49: [A] (array) is not Record (argument r) (argument fn)

error @3:6-3:50: expected [A] (array) but found {
    B with
    _value: C,
    _time: time,
    _stop: time,
    _start: time,
    _measurement: string,
    _field: string,
} (record) (argument tables)

error @4:17-4:42: [A] (array) is not Record (argument r) (argument fn)

error @5:17-5:45: [A] (array) is not Record (argument r) (argument fn)

error @6:17-6:43: [A] (array) is not Record (argument r) (argument fn)

error @7:6-7:63: [A] (array) is not Record (argument tables)

error @8:18-8:22: expected string but found (<-tables: stream[A], ?column: string) => stream[B] (function) (argument name)
	at com.influxdb.internal.AbstractRestClient.responseToError(AbstractRestClient.java:113)
	at com.influxdb.internal.AbstractQueryApi$1.onResponse(AbstractQueryApi.java:220)
	at com.influxdb.internal.AbstractQueryApi.query(AbstractQueryApi.java:247)
	at com.influxdb.internal.AbstractQueryApi.query(AbstractQueryApi.java:199)
	at com.influxdb.internal.AbstractQueryApi.query(AbstractQueryApi.java:131)
	at com.influxdb.client.internal.QueryApiImpl.query(QueryApiImpl.java:939)
	at com.influxdb.client.internal.QueryApiImpl.query(QueryApiImpl.java:123)
	at com.influxdb.client.internal.QueryApiImpl.query(QueryApiImpl.java:85)
	at com.influxdb.client.internal.QueryApiImpl.query(QueryApiImpl.java:75)
	at com.nhnacademy.workentry.entry.service.impl.EntryServiceImpl.getMonthlyEntryCounts(EntryServiceImpl.java:64)
	at com.nhnacademy.workentry.entry.controller.EntryController.getMonthlyEntryCounts(EntryController.java:39)
	at java.base/jdk.internal.reflect.DirectMethodHandleAccessor.invoke(DirectMethodHandleAccessor.java:103)
	at java.base/java.lang.reflect.Method.invoke(Method.java:580)
	at org.springframework.web.method.support.InvocableHandlerMethod.doInvoke(InvocableHandlerMethod.java:258)
	at org.springframework.web.method.support.InvocableHandlerMethod.invokeForRequest(InvocableHandlerMethod.java:191)
	at org.springframework.web.servlet.mvc.method.annotation.ServletInvocableHandlerMethod.invokeAndHandle(ServletInvocableHandlerMethod.java:118)
	at org.springframework.web.servlet.mvc.method.annotation.RequestMappingHandlerAdapter.invokeHandlerMethod(RequestMappingHandlerAdapter.java:986)
	at org.springframework.web.servlet.mvc.method.annotation.RequestMappingHandlerAdapter.handleInternal(RequestMappingHandlerAdapter.java:891)
	at org.springframework.web.servlet.mvc.method.AbstractHandlerMethodAdapter.handle(AbstractHandlerMethodAdapter.java:87)
	at org.springframework.web.servlet.DispatcherServlet.doDispatch(DispatcherServlet.java:1089)
	at org.springframework.web.servlet.DispatcherServlet.doService(DispatcherServlet.java:979)
	at org.springframework.web.servlet.FrameworkServlet.processRequest(FrameworkServlet.java:1014)
	at org.springframework.web.servlet.FrameworkServlet.doGet(FrameworkServlet.java:903)
	at jakarta.servlet.http.HttpServlet.service(HttpServlet.java:564)
	at org.springframework.web.servlet.FrameworkServlet.service(FrameworkServlet.java:885)
	at jakarta.servlet.http.HttpServlet.service(HttpServlet.java:658)
	at org.apache.catalina.core.ApplicationFilterChain.internalDoFilter(ApplicationFilterChain.java:195)
	at org.apache.catalina.core.ApplicationFilterChain.doFilter(ApplicationFilterChain.java:140)
	at org.apache.tomcat.websocket.server.WsFilter.doFilter(WsFilter.java:51)
	at org.apache.catalina.core.ApplicationFilterChain.internalDoFilter(ApplicationFilterChain.java:164)
	at org.apache.catalina.core.ApplicationFilterChain.doFilter(ApplicationFilterChain.java:140)
	at org.springframework.web.filter.RequestContextFilter.doFilterInternal(RequestContextFilter.java:100)
	at org.springframework.web.filter.OncePerRequestFilter.doFilter(OncePerRequestFilter.java:116)
	at org.apache.catalina.core.ApplicationFilterChain.internalDoFilter(ApplicationFilterChain.java:164)
	at org.apache.catalina.core.ApplicationFilterChain.doFilter(ApplicationFilterChain.java:140)
	at org.springframework.web.filter.FormContentFilter.doFilterInternal(FormContentFilter.java:93)
	at org.springframework.web.filter.OncePerRequestFilter.doFilter(OncePerRequestFilter.java:116)
	at org.apache.catalina.core.ApplicationFilterChain.internalDoFilter(ApplicationFilterChain.java:164)
	at org.apache.catalina.core.ApplicationFilterChain.doFilter(ApplicationFilterChain.java:140)
	at org.springframework.web.filter.CharacterEncodingFilter.doFilterInternal(CharacterEncodingFilter.java:201)
	at org.springframework.web.filter.OncePerRequestFilter.doFilter(OncePerRequestFilter.java:116)
	at org.apache.catalina.core.ApplicationFilterChain.internalDoFilter(ApplicationFilterChain.java:164)
	at org.apache.catalina.core.ApplicationFilterChain.doFilter(ApplicationFilterChain.java:140)
	at org.apache.catalina.core.StandardWrapperValve.invoke(StandardWrapperValve.java:167)
	at org.apache.catalina.core.StandardContextValve.invoke(StandardContextValve.java:90)
	at org.apache.catalina.authenticator.AuthenticatorBase.invoke(AuthenticatorBase.java:483)
	at org.apache.catalina.core.StandardHostValve.invoke(StandardHostValve.java:115)
	at org.apache.catalina.valves.ErrorReportValve.invoke(ErrorReportValve.java:93)
	at org.apache.catalina.core.StandardEngineValve.invoke(StandardEngineValve.java:74)
	at org.apache.catalina.connector.CoyoteAdapter.service(CoyoteAdapter.java:344)
	at org.apache.coyote.http11.Http11Processor.service(Http11Processor.java:397)
	at org.apache.coyote.AbstractProcessorLight.process(AbstractProcessorLight.java:63)
	at org.apache.coyote.AbstractProtocol$ConnectionHandler.process(AbstractProtocol.java:905)
	at org.apache.tomcat.util.net.NioEndpoint$SocketProcessor.doRun(NioEndpoint.java:1743)
	at org.apache.tomcat.util.net.SocketProcessorBase.run(SocketProcessorBase.java:52)
	at org.apache.tomcat.util.threads.ThreadPoolExecutor.runWorker(ThreadPoolExecutor.java:1190)
	at org.apache.tomcat.util.threads.ThreadPoolExecutor$Worker.run(ThreadPoolExecutor.java:659)
	at org.apache.tomcat.util.threads.TaskThread$WrappingRunnable.run(TaskThread.java:63)
	at java.base/java.lang.Thread.run(Thread.java:1583)
2025-05-15 10:44:51.069 [http-nio-10256-exec-2] ERROR c.n.w.e.controller.EntryController - [월간 출입 통계] 조회 실패
com.influxdb.exceptions.BadRequestException: HTTP status code: 400; Message: error @6:26-6:30: undefined identifier type

error @6:35-6:43: undefined identifier activity

error @5:26-5:34: expected int but found {zone: string, offset: duration} (record)

error @5:39-5:45: undefined identifier 입구

error @4:26-4:32: undefined identifier _field

error @4:37-4:42: undefined identifier value

error @3:26-3:38: undefined identifier _measurement

error @3:43-3:49: undefined identifier sensor

error @1:14-1:20: undefined identifier coffee

error @1:21-1:25: undefined identifier mqtt

error @1:14-1:25: string is not Subtractable (argument bucket)

error @3:17-3:49: [A] (array) is not Record (argument r) (argument fn)

error @3:6-3:50: expected [A] (array) but found {
    B with
    _value: C,
    _time: time,
    _stop: time,
    _start: time,
    _measurement: string,
    _field: string,
} (record) (argument tables)

error @4:17-4:42: [A] (array) is not Record (argument r) (argument fn)

error @5:17-5:45: [A] (array) is not Record (argument r) (argument fn)

error @6:17-6:43: [A] (array) is not Record (argument r) (argument fn)

error @7:6-7:63: [A] (array) is not Record (argument tables)

error @8:18-8:22: expected string but found (<-tables: stream[A], ?column: string) => stream[B] (function) (argument name)
	at com.influxdb.internal.AbstractRestClient.responseToError(AbstractRestClient.java:113)
	at com.influxdb.internal.AbstractQueryApi$1.onResponse(AbstractQueryApi.java:220)
	at com.influxdb.internal.AbstractQueryApi.query(AbstractQueryApi.java:247)
	at com.influxdb.internal.AbstractQueryApi.query(AbstractQueryApi.java:199)
	at com.influxdb.internal.AbstractQueryApi.query(AbstractQueryApi.java:131)
	at com.influxdb.client.internal.QueryApiImpl.query(QueryApiImpl.java:939)
	at com.influxdb.client.internal.QueryApiImpl.query(QueryApiImpl.java:123)
	at com.influxdb.client.internal.QueryApiImpl.query(QueryApiImpl.java:85)
	at com.influxdb.client.internal.QueryApiImpl.query(QueryApiImpl.java:75)
	at com.nhnacademy.workentry.entry.service.impl.EntryServiceImpl.getMonthlyEntryCounts(EntryServiceImpl.java:64)
	at com.nhnacademy.workentry.entry.controller.EntryController.getMonthlyEntryCounts(EntryController.java:39)
	at java.base/jdk.internal.reflect.DirectMethodHandleAccessor.invoke(DirectMethodHandleAccessor.java:103)
	at java.base/java.lang.reflect.Method.invoke(Method.java:580)
	at org.springframework.web.method.support.InvocableHandlerMethod.doInvoke(InvocableHandlerMethod.java:258)
	at org.springframework.web.method.support.InvocableHandlerMethod.invokeForRequest(InvocableHandlerMethod.java:191)
	at org.springframework.web.servlet.mvc.method.annotation.ServletInvocableHandlerMethod.invokeAndHandle(ServletInvocableHandlerMethod.java:118)
	at org.springframework.web.servlet.mvc.method.annotation.RequestMappingHandlerAdapter.invokeHandlerMethod(RequestMappingHandlerAdapter.java:986)
	at org.springframework.web.servlet.mvc.method.annotation.RequestMappingHandlerAdapter.handleInternal(RequestMappingHandlerAdapter.java:891)
	at org.springframework.web.servlet.mvc.method.AbstractHandlerMethodAdapter.handle(AbstractHandlerMethodAdapter.java:87)
	at org.springframework.web.servlet.DispatcherServlet.doDispatch(DispatcherServlet.java:1089)
	at org.springframework.web.servlet.DispatcherServlet.doService(DispatcherServlet.java:979)
	at org.springframework.web.servlet.FrameworkServlet.processRequest(FrameworkServlet.java:1014)
	at org.springframework.web.servlet.FrameworkServlet.doGet(FrameworkServlet.java:903)
	at jakarta.servlet.http.HttpServlet.service(HttpServlet.java:564)
	at org.springframework.web.servlet.FrameworkServlet.service(FrameworkServlet.java:885)
	at jakarta.servlet.http.HttpServlet.service(HttpServlet.java:658)
	at org.apache.catalina.core.ApplicationFilterChain.internalDoFilter(ApplicationFilterChain.java:195)
	at org.apache.catalina.core.ApplicationFilterChain.doFilter(ApplicationFilterChain.java:140)
	at org.apache.tomcat.websocket.server.WsFilter.doFilter(WsFilter.java:51)
	at org.apache.catalina.core.ApplicationFilterChain.internalDoFilter(ApplicationFilterChain.java:164)
	at org.apache.catalina.core.ApplicationFilterChain.doFilter(ApplicationFilterChain.java:140)
	at org.springframework.web.filter.RequestContextFilter.doFilterInternal(RequestContextFilter.java:100)
	at org.springframework.web.filter.OncePerRequestFilter.doFilter(OncePerRequestFilter.java:116)
	at org.apache.catalina.core.ApplicationFilterChain.internalDoFilter(ApplicationFilterChain.java:164)
	at org.apache.catalina.core.ApplicationFilterChain.doFilter(ApplicationFilterChain.java:140)
	at org.springframework.web.filter.FormContentFilter.doFilterInternal(FormContentFilter.java:93)
	at org.springframework.web.filter.OncePerRequestFilter.doFilter(OncePerRequestFilter.java:116)
	at org.apache.catalina.core.ApplicationFilterChain.internalDoFilter(ApplicationFilterChain.java:164)
	at org.apache.catalina.core.ApplicationFilterChain.doFilter(ApplicationFilterChain.java:140)
	at org.springframework.web.filter.CharacterEncodingFilter.doFilterInternal(CharacterEncodingFilter.java:201)
	at org.springframework.web.filter.OncePerRequestFilter.doFilter(OncePerRequestFilter.java:116)
	at org.apache.catalina.core.ApplicationFilterChain.internalDoFilter(ApplicationFilterChain.java:164)
	at org.apache.catalina.core.ApplicationFilterChain.doFilter(ApplicationFilterChain.java:140)
	at org.apache.catalina.core.StandardWrapperValve.invoke(StandardWrapperValve.java:167)
	at org.apache.catalina.core.StandardContextValve.invoke(StandardContextValve.java:90)
	at org.apache.catalina.authenticator.AuthenticatorBase.invoke(AuthenticatorBase.java:483)
	at org.apache.catalina.core.StandardHostValve.invoke(StandardHostValve.java:115)
	at org.apache.catalina.valves.ErrorReportValve.invoke(ErrorReportValve.java:93)
	at org.apache.catalina.core.StandardEngineValve.invoke(StandardEngineValve.java:74)
	at org.apache.catalina.connector.CoyoteAdapter.service(CoyoteAdapter.java:344)
	at org.apache.coyote.http11.Http11Processor.service(Http11Processor.java:397)
	at org.apache.coyote.AbstractProcessorLight.process(AbstractProcessorLight.java:63)
	at org.apache.coyote.AbstractProtocol$ConnectionHandler.process(AbstractProtocol.java:905)
	at org.apache.tomcat.util.net.NioEndpoint$SocketProcessor.doRun(NioEndpoint.java:1743)
	at org.apache.tomcat.util.net.SocketProcessorBase.run(SocketProcessorBase.java:52)
	at org.apache.tomcat.util.threads.ThreadPoolExecutor.runWorker(ThreadPoolExecutor.java:1190)
	at org.apache.tomcat.util.threads.ThreadPoolExecutor$Worker.run(ThreadPoolExecutor.java:659)
	at org.apache.tomcat.util.threads.TaskThread$WrappingRunnable.run(TaskThread.java:63)
	at java.base/java.lang.Thread.run(Thread.java:1583)
2025-05-15 10:45:50.606 [http-nio-10256-exec-2] ERROR c.n.w.e.controller.EntryController - [월간 출입 통계] 조회 실패
com.influxdb.exceptions.BadRequestException: HTTP status code: 400; Message: error @6:26-6:30: undefined identifier type

error @6:35-6:43: undefined identifier activity

error @5:26-5:34: expected int but found {zone: string, offset: duration} (record)

error @5:39-5:45: undefined identifier 입구

error @4:26-4:32: undefined identifier _field

error @4:37-4:42: undefined identifier value

error @3:26-3:38: undefined identifier _measurement

error @3:43-3:49: undefined identifier sensor

error @1:14-1:20: undefined identifier coffee

error @1:21-1:25: undefined identifier mqtt

error @1:14-1:25: string is not Subtractable (argument bucket)

error @3:17-3:49: [A] (array) is not Record (argument r) (argument fn)

error @3:6-3:50: expected [A] (array) but found {
    B with
    _value: C,
    _time: time,
    _stop: time,
    _start: time,
    _measurement: string,
    _field: string,
} (record) (argument tables)

error @4:17-4:42: [A] (array) is not Record (argument r) (argument fn)

error @5:17-5:45: [A] (array) is not Record (argument r) (argument fn)

error @6:17-6:43: [A] (array) is not Record (argument r) (argument fn)

error @7:6-7:63: [A] (array) is not Record (argument tables)

error @8:18-8:22: expected string but found (<-tables: stream[A], ?column: string) => stream[B] (function) (argument name)
	at com.influxdb.internal.AbstractRestClient.responseToError(AbstractRestClient.java:113)
	at com.influxdb.internal.AbstractQueryApi$1.onResponse(AbstractQueryApi.java:220)
	at com.influxdb.internal.AbstractQueryApi.query(AbstractQueryApi.java:247)
	at com.influxdb.internal.AbstractQueryApi.query(AbstractQueryApi.java:199)
	at com.influxdb.internal.AbstractQueryApi.query(AbstractQueryApi.java:131)
	at com.influxdb.client.internal.QueryApiImpl.query(QueryApiImpl.java:939)
	at com.influxdb.client.internal.QueryApiImpl.query(QueryApiImpl.java:123)
	at com.influxdb.client.internal.QueryApiImpl.query(QueryApiImpl.java:85)
	at com.influxdb.client.internal.QueryApiImpl.query(QueryApiImpl.java:75)
	at com.nhnacademy.workentry.entry.service.impl.EntryServiceImpl.getMonthlyEntryCounts(EntryServiceImpl.java:64)
	at com.nhnacademy.workentry.entry.controller.EntryController.getMonthlyEntryCounts(EntryController.java:39)
	at java.base/jdk.internal.reflect.DirectMethodHandleAccessor.invoke(DirectMethodHandleAccessor.java:103)
	at java.base/java.lang.reflect.Method.invoke(Method.java:580)
	at org.springframework.web.method.support.InvocableHandlerMethod.doInvoke(InvocableHandlerMethod.java:258)
	at org.springframework.web.method.support.InvocableHandlerMethod.invokeForRequest(InvocableHandlerMethod.java:191)
	at org.springframework.web.servlet.mvc.method.annotation.ServletInvocableHandlerMethod.invokeAndHandle(ServletInvocableHandlerMethod.java:118)
	at org.springframework.web.servlet.mvc.method.annotation.RequestMappingHandlerAdapter.invokeHandlerMethod(RequestMappingHandlerAdapter.java:986)
	at org.springframework.web.servlet.mvc.method.annotation.RequestMappingHandlerAdapter.handleInternal(RequestMappingHandlerAdapter.java:891)
	at org.springframework.web.servlet.mvc.method.AbstractHandlerMethodAdapter.handle(AbstractHandlerMethodAdapter.java:87)
	at org.springframework.web.servlet.DispatcherServlet.doDispatch(DispatcherServlet.java:1089)
	at org.springframework.web.servlet.DispatcherServlet.doService(DispatcherServlet.java:979)
	at org.springframework.web.servlet.FrameworkServlet.processRequest(FrameworkServlet.java:1014)
	at org.springframework.web.servlet.FrameworkServlet.doGet(FrameworkServlet.java:903)
	at jakarta.servlet.http.HttpServlet.service(HttpServlet.java:564)
	at org.springframework.web.servlet.FrameworkServlet.service(FrameworkServlet.java:885)
	at jakarta.servlet.http.HttpServlet.service(HttpServlet.java:658)
	at org.apache.catalina.core.ApplicationFilterChain.internalDoFilter(ApplicationFilterChain.java:195)
	at org.apache.catalina.core.ApplicationFilterChain.doFilter(ApplicationFilterChain.java:140)
	at org.apache.tomcat.websocket.server.WsFilter.doFilter(WsFilter.java:51)
	at org.apache.catalina.core.ApplicationFilterChain.internalDoFilter(ApplicationFilterChain.java:164)
	at org.apache.catalina.core.ApplicationFilterChain.doFilter(ApplicationFilterChain.java:140)
	at org.springframework.web.filter.RequestContextFilter.doFilterInternal(RequestContextFilter.java:100)
	at org.springframework.web.filter.OncePerRequestFilter.doFilter(OncePerRequestFilter.java:116)
	at org.apache.catalina.core.ApplicationFilterChain.internalDoFilter(ApplicationFilterChain.java:164)
	at org.apache.catalina.core.ApplicationFilterChain.doFilter(ApplicationFilterChain.java:140)
	at org.springframework.web.filter.FormContentFilter.doFilterInternal(FormContentFilter.java:93)
	at org.springframework.web.filter.OncePerRequestFilter.doFilter(OncePerRequestFilter.java:116)
	at org.apache.catalina.core.ApplicationFilterChain.internalDoFilter(ApplicationFilterChain.java:164)
	at org.apache.catalina.core.ApplicationFilterChain.doFilter(ApplicationFilterChain.java:140)
	at org.springframework.web.filter.CharacterEncodingFilter.doFilterInternal(CharacterEncodingFilter.java:201)
	at org.springframework.web.filter.OncePerRequestFilter.doFilter(OncePerRequestFilter.java:116)
	at org.apache.catalina.core.ApplicationFilterChain.internalDoFilter(ApplicationFilterChain.java:164)
	at org.apache.catalina.core.ApplicationFilterChain.doFilter(ApplicationFilterChain.java:140)
	at org.apache.catalina.core.StandardWrapperValve.invoke(StandardWrapperValve.java:167)
	at org.apache.catalina.core.StandardContextValve.invoke(StandardContextValve.java:90)
	at org.apache.catalina.authenticator.AuthenticatorBase.invoke(AuthenticatorBase.java:483)
	at org.apache.catalina.core.StandardHostValve.invoke(StandardHostValve.java:115)
	at org.apache.catalina.valves.ErrorReportValve.invoke(ErrorReportValve.java:93)
	at org.apache.catalina.core.StandardEngineValve.invoke(StandardEngineValve.java:74)
	at org.apache.catalina.connector.CoyoteAdapter.service(CoyoteAdapter.java:344)
	at org.apache.coyote.http11.Http11Processor.service(Http11Processor.java:397)
	at org.apache.coyote.AbstractProcessorLight.process(AbstractProcessorLight.java:63)
	at org.apache.coyote.AbstractProtocol$ConnectionHandler.process(AbstractProtocol.java:905)
	at org.apache.tomcat.util.net.NioEndpoint$SocketProcessor.doRun(NioEndpoint.java:1743)
	at org.apache.tomcat.util.net.SocketProcessorBase.run(SocketProcessorBase.java:52)
	at org.apache.tomcat.util.threads.ThreadPoolExecutor.runWorker(ThreadPoolExecutor.java:1190)
	at org.apache.tomcat.util.threads.ThreadPoolExecutor$Worker.run(ThreadPoolExecutor.java:659)
	at org.apache.tomcat.util.threads.TaskThread$WrappingRunnable.run(TaskThread.java:63)
	at java.base/java.lang.Thread.run(Thread.java:1583)
2025-05-15 10:49:48.202 [http-nio-10256-exec-7] ERROR c.n.w.e.controller.EntryController - [월간 출입 통계] 조회 실패
com.influxdb.exceptions.BadRequestException: HTTP status code: 400; Message: error @6:26-6:30: undefined identifier type

error @6:35-6:43: undefined identifier activity

error @5:26-5:34: expected int but found {zone: string, offset: duration} (record)

error @5:39-5:45: undefined identifier 입구

error @4:26-4:32: undefined identifier _field

error @4:37-4:42: undefined identifier value

error @3:26-3:38: undefined identifier _measurement

error @3:43-3:49: undefined identifier sensor

error @1:14-1:20: undefined identifier coffee

error @1:21-1:25: undefined identifier mqtt

error @1:14-1:25: string is not Subtractable (argument bucket)

error @3:17-3:49: [A] (array) is not Record (argument r) (argument fn)

error @3:6-3:50: expected [A] (array) but found {
    B with
    _value: C,
    _time: time,
    _stop: time,
    _start: time,
    _measurement: string,
    _field: string,
} (record) (argument tables)

error @4:17-4:42: [A] (array) is not Record (argument r) (argument fn)

error @5:17-5:45: [A] (array) is not Record (argument r) (argument fn)

error @6:17-6:43: [A] (array) is not Record (argument r) (argument fn)

error @7:6-7:63: [A] (array) is not Record (argument tables)

error @8:18-8:22: expected string but found (<-tables: stream[A], ?column: string) => stream[B] (function) (argument name)
	at com.influxdb.internal.AbstractRestClient.responseToError(AbstractRestClient.java:113)
	at com.influxdb.internal.AbstractQueryApi$1.onResponse(AbstractQueryApi.java:220)
	at com.influxdb.internal.AbstractQueryApi.query(AbstractQueryApi.java:247)
	at com.influxdb.internal.AbstractQueryApi.query(AbstractQueryApi.java:199)
	at com.influxdb.internal.AbstractQueryApi.query(AbstractQueryApi.java:131)
	at com.influxdb.client.internal.QueryApiImpl.query(QueryApiImpl.java:939)
	at com.influxdb.client.internal.QueryApiImpl.query(QueryApiImpl.java:123)
	at com.influxdb.client.internal.QueryApiImpl.query(QueryApiImpl.java:85)
	at com.influxdb.client.internal.QueryApiImpl.query(QueryApiImpl.java:75)
	at com.nhnacademy.workentry.entry.service.impl.EntryServiceImpl.getMonthlyEntryCounts(EntryServiceImpl.java:64)
	at com.nhnacademy.workentry.entry.controller.EntryController.getMonthlyEntryCounts(EntryController.java:39)
	at java.base/jdk.internal.reflect.DirectMethodHandleAccessor.invoke(DirectMethodHandleAccessor.java:103)
	at java.base/java.lang.reflect.Method.invoke(Method.java:580)
	at org.springframework.web.method.support.InvocableHandlerMethod.doInvoke(InvocableHandlerMethod.java:258)
	at org.springframework.web.method.support.InvocableHandlerMethod.invokeForRequest(InvocableHandlerMethod.java:191)
	at org.springframework.web.servlet.mvc.method.annotation.ServletInvocableHandlerMethod.invokeAndHandle(ServletInvocableHandlerMethod.java:118)
	at org.springframework.web.servlet.mvc.method.annotation.RequestMappingHandlerAdapter.invokeHandlerMethod(RequestMappingHandlerAdapter.java:986)
	at org.springframework.web.servlet.mvc.method.annotation.RequestMappingHandlerAdapter.handleInternal(RequestMappingHandlerAdapter.java:891)
	at org.springframework.web.servlet.mvc.method.AbstractHandlerMethodAdapter.handle(AbstractHandlerMethodAdapter.java:87)
	at org.springframework.web.servlet.DispatcherServlet.doDispatch(DispatcherServlet.java:1089)
	at org.springframework.web.servlet.DispatcherServlet.doService(DispatcherServlet.java:979)
	at org.springframework.web.servlet.FrameworkServlet.processRequest(FrameworkServlet.java:1014)
	at org.springframework.web.servlet.FrameworkServlet.doGet(FrameworkServlet.java:903)
	at jakarta.servlet.http.HttpServlet.service(HttpServlet.java:564)
	at org.springframework.web.servlet.FrameworkServlet.service(FrameworkServlet.java:885)
	at jakarta.servlet.http.HttpServlet.service(HttpServlet.java:658)
	at org.apache.catalina.core.ApplicationFilterChain.internalDoFilter(ApplicationFilterChain.java:195)
	at org.apache.catalina.core.ApplicationFilterChain.doFilter(ApplicationFilterChain.java:140)
	at org.apache.tomcat.websocket.server.WsFilter.doFilter(WsFilter.java:51)
	at org.apache.catalina.core.ApplicationFilterChain.internalDoFilter(ApplicationFilterChain.java:164)
	at org.apache.catalina.core.ApplicationFilterChain.doFilter(ApplicationFilterChain.java:140)
	at org.springframework.web.filter.RequestContextFilter.doFilterInternal(RequestContextFilter.java:100)
	at org.springframework.web.filter.OncePerRequestFilter.doFilter(OncePerRequestFilter.java:116)
	at org.apache.catalina.core.ApplicationFilterChain.internalDoFilter(ApplicationFilterChain.java:164)
	at org.apache.catalina.core.ApplicationFilterChain.doFilter(ApplicationFilterChain.java:140)
	at org.springframework.web.filter.FormContentFilter.doFilterInternal(FormContentFilter.java:93)
	at org.springframework.web.filter.OncePerRequestFilter.doFilter(OncePerRequestFilter.java:116)
	at org.apache.catalina.core.ApplicationFilterChain.internalDoFilter(ApplicationFilterChain.java:164)
	at org.apache.catalina.core.ApplicationFilterChain.doFilter(ApplicationFilterChain.java:140)
	at org.springframework.web.filter.CharacterEncodingFilter.doFilterInternal(CharacterEncodingFilter.java:201)
	at org.springframework.web.filter.OncePerRequestFilter.doFilter(OncePerRequestFilter.java:116)
	at org.apache.catalina.core.ApplicationFilterChain.internalDoFilter(ApplicationFilterChain.java:164)
	at org.apache.catalina.core.ApplicationFilterChain.doFilter(ApplicationFilterChain.java:140)
	at org.apache.catalina.core.StandardWrapperValve.invoke(StandardWrapperValve.java:167)
	at org.apache.catalina.core.StandardContextValve.invoke(StandardContextValve.java:90)
	at org.apache.catalina.authenticator.AuthenticatorBase.invoke(AuthenticatorBase.java:483)
	at org.apache.catalina.core.StandardHostValve.invoke(StandardHostValve.java:115)
	at org.apache.catalina.valves.ErrorReportValve.invoke(ErrorReportValve.java:93)
	at org.apache.catalina.core.StandardEngineValve.invoke(StandardEngineValve.java:74)
	at org.apache.catalina.connector.CoyoteAdapter.service(CoyoteAdapter.java:344)
	at org.apache.coyote.http11.Http11Processor.service(Http11Processor.java:397)
	at org.apache.coyote.AbstractProcessorLight.process(AbstractProcessorLight.java:63)
	at org.apache.coyote.AbstractProtocol$ConnectionHandler.process(AbstractProtocol.java:905)
	at org.apache.tomcat.util.net.NioEndpoint$SocketProcessor.doRun(NioEndpoint.java:1743)
	at org.apache.tomcat.util.net.SocketProcessorBase.run(SocketProcessorBase.java:52)
	at org.apache.tomcat.util.threads.ThreadPoolExecutor.runWorker(ThreadPoolExecutor.java:1190)
	at org.apache.tomcat.util.threads.ThreadPoolExecutor$Worker.run(ThreadPoolExecutor.java:659)
	at org.apache.tomcat.util.threads.TaskThread$WrappingRunnable.run(TaskThread.java:63)
	at java.base/java.lang.Thread.run(Thread.java:1583)
2025-05-15 10:50:57.059 [http-nio-10256-exec-7] ERROR c.n.w.e.controller.EntryController - [월간 출입 통계] 조회 실패
com.influxdb.exceptions.BadRequestException: HTTP status code: 400; Message: error @6:26-6:30: undefined identifier type

error @6:35-6:43: undefined identifier activity

error @5:26-5:34: expected int but found {zone: string, offset: duration} (record)

error @5:39-5:45: undefined identifier 입구

error @4:26-4:32: undefined identifier _field

error @4:37-4:42: undefined identifier value

error @3:26-3:38: undefined identifier _measurement

error @3:43-3:49: undefined identifier sensor

error @1:14-1:20: undefined identifier coffee

error @1:21-1:25: undefined identifier mqtt

error @1:14-1:25: string is not Subtractable (argument bucket)

error @3:17-3:49: [A] (array) is not Record (argument r) (argument fn)

error @3:6-3:50: expected [A] (array) but found {
    B with
    _value: C,
    _time: time,
    _stop: time,
    _start: time,
    _measurement: string,
    _field: string,
} (record) (argument tables)

error @4:17-4:42: [A] (array) is not Record (argument r) (argument fn)

error @5:17-5:45: [A] (array) is not Record (argument r) (argument fn)

error @6:17-6:43: [A] (array) is not Record (argument r) (argument fn)

error @7:6-7:63: [A] (array) is not Record (argument tables)

error @8:18-8:22: expected string but found (<-tables: stream[A], ?column: string) => stream[B] (function) (argument name)
	at com.influxdb.internal.AbstractRestClient.responseToError(AbstractRestClient.java:113)
	at com.influxdb.internal.AbstractQueryApi$1.onResponse(AbstractQueryApi.java:220)
	at com.influxdb.internal.AbstractQueryApi.query(AbstractQueryApi.java:247)
	at com.influxdb.internal.AbstractQueryApi.query(AbstractQueryApi.java:199)
	at com.influxdb.internal.AbstractQueryApi.query(AbstractQueryApi.java:131)
	at com.influxdb.client.internal.QueryApiImpl.query(QueryApiImpl.java:939)
	at com.influxdb.client.internal.QueryApiImpl.query(QueryApiImpl.java:123)
	at com.influxdb.client.internal.QueryApiImpl.query(QueryApiImpl.java:85)
	at com.influxdb.client.internal.QueryApiImpl.query(QueryApiImpl.java:75)
	at com.nhnacademy.workentry.entry.service.impl.EntryServiceImpl.getMonthlyEntryCounts(EntryServiceImpl.java:64)
	at com.nhnacademy.workentry.entry.controller.EntryController.getMonthlyEntryCounts(EntryController.java:39)
	at java.base/jdk.internal.reflect.DirectMethodHandleAccessor.invoke(DirectMethodHandleAccessor.java:103)
	at java.base/java.lang.reflect.Method.invoke(Method.java:580)
	at org.springframework.web.method.support.InvocableHandlerMethod.doInvoke(InvocableHandlerMethod.java:258)
	at org.springframework.web.method.support.InvocableHandlerMethod.invokeForRequest(InvocableHandlerMethod.java:191)
	at org.springframework.web.servlet.mvc.method.annotation.ServletInvocableHandlerMethod.invokeAndHandle(ServletInvocableHandlerMethod.java:118)
	at org.springframework.web.servlet.mvc.method.annotation.RequestMappingHandlerAdapter.invokeHandlerMethod(RequestMappingHandlerAdapter.java:986)
	at org.springframework.web.servlet.mvc.method.annotation.RequestMappingHandlerAdapter.handleInternal(RequestMappingHandlerAdapter.java:891)
	at org.springframework.web.servlet.mvc.method.AbstractHandlerMethodAdapter.handle(AbstractHandlerMethodAdapter.java:87)
	at org.springframework.web.servlet.DispatcherServlet.doDispatch(DispatcherServlet.java:1089)
	at org.springframework.web.servlet.DispatcherServlet.doService(DispatcherServlet.java:979)
	at org.springframework.web.servlet.FrameworkServlet.processRequest(FrameworkServlet.java:1014)
	at org.springframework.web.servlet.FrameworkServlet.doGet(FrameworkServlet.java:903)
	at jakarta.servlet.http.HttpServlet.service(HttpServlet.java:564)
	at org.springframework.web.servlet.FrameworkServlet.service(FrameworkServlet.java:885)
	at jakarta.servlet.http.HttpServlet.service(HttpServlet.java:658)
	at org.apache.catalina.core.ApplicationFilterChain.internalDoFilter(ApplicationFilterChain.java:195)
	at org.apache.catalina.core.ApplicationFilterChain.doFilter(ApplicationFilterChain.java:140)
	at org.apache.tomcat.websocket.server.WsFilter.doFilter(WsFilter.java:51)
	at org.apache.catalina.core.ApplicationFilterChain.internalDoFilter(ApplicationFilterChain.java:164)
	at org.apache.catalina.core.ApplicationFilterChain.doFilter(ApplicationFilterChain.java:140)
	at org.springframework.web.filter.RequestContextFilter.doFilterInternal(RequestContextFilter.java:100)
	at org.springframework.web.filter.OncePerRequestFilter.doFilter(OncePerRequestFilter.java:116)
	at org.apache.catalina.core.ApplicationFilterChain.internalDoFilter(ApplicationFilterChain.java:164)
	at org.apache.catalina.core.ApplicationFilterChain.doFilter(ApplicationFilterChain.java:140)
	at org.springframework.web.filter.FormContentFilter.doFilterInternal(FormContentFilter.java:93)
	at org.springframework.web.filter.OncePerRequestFilter.doFilter(OncePerRequestFilter.java:116)
	at org.apache.catalina.core.ApplicationFilterChain.internalDoFilter(ApplicationFilterChain.java:164)
	at org.apache.catalina.core.ApplicationFilterChain.doFilter(ApplicationFilterChain.java:140)
	at org.springframework.web.filter.CharacterEncodingFilter.doFilterInternal(CharacterEncodingFilter.java:201)
	at org.springframework.web.filter.OncePerRequestFilter.doFilter(OncePerRequestFilter.java:116)
	at org.apache.catalina.core.ApplicationFilterChain.internalDoFilter(ApplicationFilterChain.java:164)
	at org.apache.catalina.core.ApplicationFilterChain.doFilter(ApplicationFilterChain.java:140)
	at org.apache.catalina.core.StandardWrapperValve.invoke(StandardWrapperValve.java:167)
	at org.apache.catalina.core.StandardContextValve.invoke(StandardContextValve.java:90)
	at org.apache.catalina.authenticator.AuthenticatorBase.invoke(AuthenticatorBase.java:483)
	at org.apache.catalina.core.StandardHostValve.invoke(StandardHostValve.java:115)
	at org.apache.catalina.valves.ErrorReportValve.invoke(ErrorReportValve.java:93)
	at org.apache.catalina.core.StandardEngineValve.invoke(StandardEngineValve.java:74)
	at org.apache.catalina.connector.CoyoteAdapter.service(CoyoteAdapter.java:344)
	at org.apache.coyote.http11.Http11Processor.service(Http11Processor.java:397)
	at org.apache.coyote.AbstractProcessorLight.process(AbstractProcessorLight.java:63)
	at org.apache.coyote.AbstractProtocol$ConnectionHandler.process(AbstractProtocol.java:905)
	at org.apache.tomcat.util.net.NioEndpoint$SocketProcessor.doRun(NioEndpoint.java:1743)
	at org.apache.tomcat.util.net.SocketProcessorBase.run(SocketProcessorBase.java:52)
	at org.apache.tomcat.util.threads.ThreadPoolExecutor.runWorker(ThreadPoolExecutor.java:1190)
	at org.apache.tomcat.util.threads.ThreadPoolExecutor$Worker.run(ThreadPoolExecutor.java:659)
	at org.apache.tomcat.util.threads.TaskThread$WrappingRunnable.run(TaskThread.java:63)
	at java.base/java.lang.Thread.run(Thread.java:1583)
2025-05-15 10:51:48.241 [http-nio-10256-exec-2] ERROR c.n.w.e.controller.EntryController - [월간 출입 통계] 조회 실패
com.influxdb.exceptions.BadRequestException: HTTP status code: 400; Message: error @6:26-6:30: undefined identifier type

error @6:35-6:43: undefined identifier activity

error @5:26-5:34: expected int but found {zone: string, offset: duration} (record)

error @5:39-5:45: undefined identifier 입구

error @4:26-4:32: undefined identifier _field

error @4:37-4:42: undefined identifier value

error @3:26-3:38: undefined identifier _measurement

error @3:43-3:49: undefined identifier sensor

error @1:14-1:20: undefined identifier coffee

error @1:21-1:25: undefined identifier mqtt

error @1:14-1:25: string is not Subtractable (argument bucket)

error @3:17-3:49: [A] (array) is not Record (argument r) (argument fn)

error @3:6-3:50: expected [A] (array) but found {
    B with
    _value: C,
    _time: time,
    _stop: time,
    _start: time,
    _measurement: string,
    _field: string,
} (record) (argument tables)

error @4:17-4:42: [A] (array) is not Record (argument r) (argument fn)

error @5:17-5:45: [A] (array) is not Record (argument r) (argument fn)

error @6:17-6:43: [A] (array) is not Record (argument r) (argument fn)

error @7:6-7:63: [A] (array) is not Record (argument tables)

error @8:18-8:22: expected string but found (<-tables: stream[A], ?column: string) => stream[B] (function) (argument name)
	at com.influxdb.internal.AbstractRestClient.responseToError(AbstractRestClient.java:113)
	at com.influxdb.internal.AbstractQueryApi$1.onResponse(AbstractQueryApi.java:220)
	at com.influxdb.internal.AbstractQueryApi.query(AbstractQueryApi.java:247)
	at com.influxdb.internal.AbstractQueryApi.query(AbstractQueryApi.java:199)
	at com.influxdb.internal.AbstractQueryApi.query(AbstractQueryApi.java:131)
	at com.influxdb.client.internal.QueryApiImpl.query(QueryApiImpl.java:939)
	at com.influxdb.client.internal.QueryApiImpl.query(QueryApiImpl.java:123)
	at com.influxdb.client.internal.QueryApiImpl.query(QueryApiImpl.java:85)
	at com.influxdb.client.internal.QueryApiImpl.query(QueryApiImpl.java:75)
	at com.nhnacademy.workentry.entry.service.impl.EntryServiceImpl.getMonthlyEntryCounts(EntryServiceImpl.java:64)
	at com.nhnacademy.workentry.entry.controller.EntryController.getMonthlyEntryCounts(EntryController.java:39)
	at java.base/jdk.internal.reflect.DirectMethodHandleAccessor.invoke(DirectMethodHandleAccessor.java:103)
	at java.base/java.lang.reflect.Method.invoke(Method.java:580)
	at org.springframework.web.method.support.InvocableHandlerMethod.doInvoke(InvocableHandlerMethod.java:258)
	at org.springframework.web.method.support.InvocableHandlerMethod.invokeForRequest(InvocableHandlerMethod.java:191)
	at org.springframework.web.servlet.mvc.method.annotation.ServletInvocableHandlerMethod.invokeAndHandle(ServletInvocableHandlerMethod.java:118)
	at org.springframework.web.servlet.mvc.method.annotation.RequestMappingHandlerAdapter.invokeHandlerMethod(RequestMappingHandlerAdapter.java:986)
	at org.springframework.web.servlet.mvc.method.annotation.RequestMappingHandlerAdapter.handleInternal(RequestMappingHandlerAdapter.java:891)
	at org.springframework.web.servlet.mvc.method.AbstractHandlerMethodAdapter.handle(AbstractHandlerMethodAdapter.java:87)
	at org.springframework.web.servlet.DispatcherServlet.doDispatch(DispatcherServlet.java:1089)
	at org.springframework.web.servlet.DispatcherServlet.doService(DispatcherServlet.java:979)
	at org.springframework.web.servlet.FrameworkServlet.processRequest(FrameworkServlet.java:1014)
	at org.springframework.web.servlet.FrameworkServlet.doGet(FrameworkServlet.java:903)
	at jakarta.servlet.http.HttpServlet.service(HttpServlet.java:564)
	at org.springframework.web.servlet.FrameworkServlet.service(FrameworkServlet.java:885)
	at jakarta.servlet.http.HttpServlet.service(HttpServlet.java:658)
	at org.apache.catalina.core.ApplicationFilterChain.internalDoFilter(ApplicationFilterChain.java:195)
	at org.apache.catalina.core.ApplicationFilterChain.doFilter(ApplicationFilterChain.java:140)
	at org.apache.tomcat.websocket.server.WsFilter.doFilter(WsFilter.java:51)
	at org.apache.catalina.core.ApplicationFilterChain.internalDoFilter(ApplicationFilterChain.java:164)
	at org.apache.catalina.core.ApplicationFilterChain.doFilter(ApplicationFilterChain.java:140)
	at org.springframework.web.filter.RequestContextFilter.doFilterInternal(RequestContextFilter.java:100)
	at org.springframework.web.filter.OncePerRequestFilter.doFilter(OncePerRequestFilter.java:116)
	at org.apache.catalina.core.ApplicationFilterChain.internalDoFilter(ApplicationFilterChain.java:164)
	at org.apache.catalina.core.ApplicationFilterChain.doFilter(ApplicationFilterChain.java:140)
	at org.springframework.web.filter.FormContentFilter.doFilterInternal(FormContentFilter.java:93)
	at org.springframework.web.filter.OncePerRequestFilter.doFilter(OncePerRequestFilter.java:116)
	at org.apache.catalina.core.ApplicationFilterChain.internalDoFilter(ApplicationFilterChain.java:164)
	at org.apache.catalina.core.ApplicationFilterChain.doFilter(ApplicationFilterChain.java:140)
	at org.springframework.web.filter.CharacterEncodingFilter.doFilterInternal(CharacterEncodingFilter.java:201)
	at org.springframework.web.filter.OncePerRequestFilter.doFilter(OncePerRequestFilter.java:116)
	at org.apache.catalina.core.ApplicationFilterChain.internalDoFilter(ApplicationFilterChain.java:164)
	at org.apache.catalina.core.ApplicationFilterChain.doFilter(ApplicationFilterChain.java:140)
	at org.apache.catalina.core.StandardWrapperValve.invoke(StandardWrapperValve.java:167)
	at org.apache.catalina.core.StandardContextValve.invoke(StandardContextValve.java:90)
	at org.apache.catalina.authenticator.AuthenticatorBase.invoke(AuthenticatorBase.java:483)
	at org.apache.catalina.core.StandardHostValve.invoke(StandardHostValve.java:115)
	at org.apache.catalina.valves.ErrorReportValve.invoke(ErrorReportValve.java:93)
	at org.apache.catalina.core.StandardEngineValve.invoke(StandardEngineValve.java:74)
	at org.apache.catalina.connector.CoyoteAdapter.service(CoyoteAdapter.java:344)
	at org.apache.coyote.http11.Http11Processor.service(Http11Processor.java:397)
	at org.apache.coyote.AbstractProcessorLight.process(AbstractProcessorLight.java:63)
	at org.apache.coyote.AbstractProtocol$ConnectionHandler.process(AbstractProtocol.java:905)
	at org.apache.tomcat.util.net.NioEndpoint$SocketProcessor.doRun(NioEndpoint.java:1743)
	at org.apache.tomcat.util.net.SocketProcessorBase.run(SocketProcessorBase.java:52)
	at org.apache.tomcat.util.threads.ThreadPoolExecutor.runWorker(ThreadPoolExecutor.java:1190)
	at org.apache.tomcat.util.threads.ThreadPoolExecutor$Worker.run(ThreadPoolExecutor.java:659)
	at org.apache.tomcat.util.threads.TaskThread$WrappingRunnable.run(TaskThread.java:63)
	at java.base/java.lang.Thread.run(Thread.java:1583)
2025-05-15 10:52:50.951 [http-nio-10256-exec-2] ERROR c.n.w.e.controller.EntryController - [월간 출입 통계] 조회 실패
com.influxdb.exceptions.BadRequestException: HTTP status code: 400; Message: error @6:26-6:30: undefined identifier type

error @6:35-6:43: undefined identifier activity

error @5:26-5:34: expected int but found {zone: string, offset: duration} (record)

error @5:39-5:45: undefined identifier 입구

error @4:26-4:32: undefined identifier _field

error @4:37-4:42: undefined identifier value

error @3:26-3:38: undefined identifier _measurement

error @3:43-3:49: undefined identifier sensor

error @1:14-1:20: undefined identifier coffee

error @1:21-1:25: undefined identifier mqtt

error @1:14-1:25: string is not Subtractable (argument bucket)

error @3:17-3:49: [A] (array) is not Record (argument r) (argument fn)

error @3:6-3:50: expected [A] (array) but found {
    B with
    _value: C,
    _time: time,
    _stop: time,
    _start: time,
    _measurement: string,
    _field: string,
} (record) (argument tables)

error @4:17-4:42: [A] (array) is not Record (argument r) (argument fn)

error @5:17-5:45: [A] (array) is not Record (argument r) (argument fn)

error @6:17-6:43: [A] (array) is not Record (argument r) (argument fn)

error @7:6-7:63: [A] (array) is not Record (argument tables)

error @8:18-8:22: expected string but found (<-tables: stream[A], ?column: string) => stream[B] (function) (argument name)
	at com.influxdb.internal.AbstractRestClient.responseToError(AbstractRestClient.java:113)
	at com.influxdb.internal.AbstractQueryApi$1.onResponse(AbstractQueryApi.java:220)
	at com.influxdb.internal.AbstractQueryApi.query(AbstractQueryApi.java:247)
	at com.influxdb.internal.AbstractQueryApi.query(AbstractQueryApi.java:199)
	at com.influxdb.internal.AbstractQueryApi.query(AbstractQueryApi.java:131)
	at com.influxdb.client.internal.QueryApiImpl.query(QueryApiImpl.java:939)
	at com.influxdb.client.internal.QueryApiImpl.query(QueryApiImpl.java:123)
	at com.influxdb.client.internal.QueryApiImpl.query(QueryApiImpl.java:85)
	at com.influxdb.client.internal.QueryApiImpl.query(QueryApiImpl.java:75)
	at com.nhnacademy.workentry.entry.service.impl.EntryServiceImpl.getMonthlyEntryCounts(EntryServiceImpl.java:64)
	at com.nhnacademy.workentry.entry.controller.EntryController.getMonthlyEntryCounts(EntryController.java:39)
	at java.base/jdk.internal.reflect.DirectMethodHandleAccessor.invoke(DirectMethodHandleAccessor.java:103)
	at java.base/java.lang.reflect.Method.invoke(Method.java:580)
	at org.springframework.web.method.support.InvocableHandlerMethod.doInvoke(InvocableHandlerMethod.java:258)
	at org.springframework.web.method.support.InvocableHandlerMethod.invokeForRequest(InvocableHandlerMethod.java:191)
	at org.springframework.web.servlet.mvc.method.annotation.ServletInvocableHandlerMethod.invokeAndHandle(ServletInvocableHandlerMethod.java:118)
	at org.springframework.web.servlet.mvc.method.annotation.RequestMappingHandlerAdapter.invokeHandlerMethod(RequestMappingHandlerAdapter.java:986)
	at org.springframework.web.servlet.mvc.method.annotation.RequestMappingHandlerAdapter.handleInternal(RequestMappingHandlerAdapter.java:891)
	at org.springframework.web.servlet.mvc.method.AbstractHandlerMethodAdapter.handle(AbstractHandlerMethodAdapter.java:87)
	at org.springframework.web.servlet.DispatcherServlet.doDispatch(DispatcherServlet.java:1089)
	at org.springframework.web.servlet.DispatcherServlet.doService(DispatcherServlet.java:979)
	at org.springframework.web.servlet.FrameworkServlet.processRequest(FrameworkServlet.java:1014)
	at org.springframework.web.servlet.FrameworkServlet.doGet(FrameworkServlet.java:903)
	at jakarta.servlet.http.HttpServlet.service(HttpServlet.java:564)
	at org.springframework.web.servlet.FrameworkServlet.service(FrameworkServlet.java:885)
	at jakarta.servlet.http.HttpServlet.service(HttpServlet.java:658)
	at org.apache.catalina.core.ApplicationFilterChain.internalDoFilter(ApplicationFilterChain.java:195)
	at org.apache.catalina.core.ApplicationFilterChain.doFilter(ApplicationFilterChain.java:140)
	at org.apache.tomcat.websocket.server.WsFilter.doFilter(WsFilter.java:51)
	at org.apache.catalina.core.ApplicationFilterChain.internalDoFilter(ApplicationFilterChain.java:164)
	at org.apache.catalina.core.ApplicationFilterChain.doFilter(ApplicationFilterChain.java:140)
	at org.springframework.web.filter.RequestContextFilter.doFilterInternal(RequestContextFilter.java:100)
	at org.springframework.web.filter.OncePerRequestFilter.doFilter(OncePerRequestFilter.java:116)
	at org.apache.catalina.core.ApplicationFilterChain.internalDoFilter(ApplicationFilterChain.java:164)
	at org.apache.catalina.core.ApplicationFilterChain.doFilter(ApplicationFilterChain.java:140)
	at org.springframework.web.filter.FormContentFilter.doFilterInternal(FormContentFilter.java:93)
	at org.springframework.web.filter.OncePerRequestFilter.doFilter(OncePerRequestFilter.java:116)
	at org.apache.catalina.core.ApplicationFilterChain.internalDoFilter(ApplicationFilterChain.java:164)
	at org.apache.catalina.core.ApplicationFilterChain.doFilter(ApplicationFilterChain.java:140)
	at org.springframework.web.filter.CharacterEncodingFilter.doFilterInternal(CharacterEncodingFilter.java:201)
	at org.springframework.web.filter.OncePerRequestFilter.doFilter(OncePerRequestFilter.java:116)
	at org.apache.catalina.core.ApplicationFilterChain.internalDoFilter(ApplicationFilterChain.java:164)
	at org.apache.catalina.core.ApplicationFilterChain.doFilter(ApplicationFilterChain.java:140)
	at org.apache.catalina.core.StandardWrapperValve.invoke(StandardWrapperValve.java:167)
	at org.apache.catalina.core.StandardContextValve.invoke(StandardContextValve.java:90)
	at org.apache.catalina.authenticator.AuthenticatorBase.invoke(AuthenticatorBase.java:483)
	at org.apache.catalina.core.StandardHostValve.invoke(StandardHostValve.java:115)
	at org.apache.catalina.valves.ErrorReportValve.invoke(ErrorReportValve.java:93)
	at org.apache.catalina.core.StandardEngineValve.invoke(StandardEngineValve.java:74)
	at org.apache.catalina.connector.CoyoteAdapter.service(CoyoteAdapter.java:344)
	at org.apache.coyote.http11.Http11Processor.service(Http11Processor.java:397)
	at org.apache.coyote.AbstractProcessorLight.process(AbstractProcessorLight.java:63)
	at org.apache.coyote.AbstractProtocol$ConnectionHandler.process(AbstractProtocol.java:905)
	at org.apache.tomcat.util.net.NioEndpoint$SocketProcessor.doRun(NioEndpoint.java:1743)
	at org.apache.tomcat.util.net.SocketProcessorBase.run(SocketProcessorBase.java:52)
	at org.apache.tomcat.util.threads.ThreadPoolExecutor.runWorker(ThreadPoolExecutor.java:1190)
	at org.apache.tomcat.util.threads.ThreadPoolExecutor$Worker.run(ThreadPoolExecutor.java:659)
	at org.apache.tomcat.util.threads.TaskThread$WrappingRunnable.run(TaskThread.java:63)
	at java.base/java.lang.Thread.run(Thread.java:1583)
2025-05-15 11:03:54.702 [http-nio-10256-exec-2] ERROR c.n.w.e.controller.EntryController - [월간 출입 통계] 조회 실패
com.influxdb.exceptions.BadRequestException: HTTP status code: 400; Message: error @6:26-6:30: undefined identifier type

error @6:35-6:43: undefined identifier activity

error @5:26-5:34: expected int but found {zone: string, offset: duration} (record)

error @5:39-5:45: undefined identifier 입구

error @4:26-4:32: undefined identifier _field

error @4:37-4:42: undefined identifier value

error @3:26-3:38: undefined identifier _measurement

error @3:43-3:49: undefined identifier sensor

error @1:14-1:20: undefined identifier coffee

error @1:21-1:25: undefined identifier mqtt

error @1:14-1:25: string is not Subtractable (argument bucket)

error @3:17-3:49: [A] (array) is not Record (argument r) (argument fn)

error @3:6-3:50: expected [A] (array) but found {
    B with
    _value: C,
    _time: time,
    _stop: time,
    _start: time,
    _measurement: string,
    _field: string,
} (record) (argument tables)

error @4:17-4:42: [A] (array) is not Record (argument r) (argument fn)

error @5:17-5:45: [A] (array) is not Record (argument r) (argument fn)

error @6:17-6:43: [A] (array) is not Record (argument r) (argument fn)

error @7:6-7:63: [A] (array) is not Record (argument tables)

error @8:18-8:22: expected string but found (<-tables: stream[A], ?column: string) => stream[B] (function) (argument name)
	at com.influxdb.internal.AbstractRestClient.responseToError(AbstractRestClient.java:113)
	at com.influxdb.internal.AbstractQueryApi$1.onResponse(AbstractQueryApi.java:220)
	at com.influxdb.internal.AbstractQueryApi.query(AbstractQueryApi.java:247)
	at com.influxdb.internal.AbstractQueryApi.query(AbstractQueryApi.java:199)
	at com.influxdb.internal.AbstractQueryApi.query(AbstractQueryApi.java:131)
	at com.influxdb.client.internal.QueryApiImpl.query(QueryApiImpl.java:939)
	at com.influxdb.client.internal.QueryApiImpl.query(QueryApiImpl.java:123)
	at com.influxdb.client.internal.QueryApiImpl.query(QueryApiImpl.java:85)
	at com.influxdb.client.internal.QueryApiImpl.query(QueryApiImpl.java:75)
	at com.nhnacademy.workentry.entry.service.impl.EntryServiceImpl.getMonthlyEntryCounts(EntryServiceImpl.java:71)
	at com.nhnacademy.workentry.entry.controller.EntryController.getMonthlyEntryCounts(EntryController.java:39)
	at java.base/jdk.internal.reflect.DirectMethodHandleAccessor.invoke(DirectMethodHandleAccessor.java:103)
	at java.base/java.lang.reflect.Method.invoke(Method.java:580)
	at org.springframework.web.method.support.InvocableHandlerMethod.doInvoke(InvocableHandlerMethod.java:258)
	at org.springframework.web.method.support.InvocableHandlerMethod.invokeForRequest(InvocableHandlerMethod.java:191)
	at org.springframework.web.servlet.mvc.method.annotation.ServletInvocableHandlerMethod.invokeAndHandle(ServletInvocableHandlerMethod.java:118)
	at org.springframework.web.servlet.mvc.method.annotation.RequestMappingHandlerAdapter.invokeHandlerMethod(RequestMappingHandlerAdapter.java:986)
	at org.springframework.web.servlet.mvc.method.annotation.RequestMappingHandlerAdapter.handleInternal(RequestMappingHandlerAdapter.java:891)
	at org.springframework.web.servlet.mvc.method.AbstractHandlerMethodAdapter.handle(AbstractHandlerMethodAdapter.java:87)
	at org.springframework.web.servlet.DispatcherServlet.doDispatch(DispatcherServlet.java:1089)
	at org.springframework.web.servlet.DispatcherServlet.doService(DispatcherServlet.java:979)
	at org.springframework.web.servlet.FrameworkServlet.processRequest(FrameworkServlet.java:1014)
	at org.springframework.web.servlet.FrameworkServlet.doGet(FrameworkServlet.java:903)
	at jakarta.servlet.http.HttpServlet.service(HttpServlet.java:564)
	at org.springframework.web.servlet.FrameworkServlet.service(FrameworkServlet.java:885)
	at jakarta.servlet.http.HttpServlet.service(HttpServlet.java:658)
	at org.apache.catalina.core.ApplicationFilterChain.internalDoFilter(ApplicationFilterChain.java:195)
	at org.apache.catalina.core.ApplicationFilterChain.doFilter(ApplicationFilterChain.java:140)
	at org.apache.tomcat.websocket.server.WsFilter.doFilter(WsFilter.java:51)
	at org.apache.catalina.core.ApplicationFilterChain.internalDoFilter(ApplicationFilterChain.java:164)
	at org.apache.catalina.core.ApplicationFilterChain.doFilter(ApplicationFilterChain.java:140)
	at org.springframework.web.filter.RequestContextFilter.doFilterInternal(RequestContextFilter.java:100)
	at org.springframework.web.filter.OncePerRequestFilter.doFilter(OncePerRequestFilter.java:116)
	at org.apache.catalina.core.ApplicationFilterChain.internalDoFilter(ApplicationFilterChain.java:164)
	at org.apache.catalina.core.ApplicationFilterChain.doFilter(ApplicationFilterChain.java:140)
	at org.springframework.web.filter.FormContentFilter.doFilterInternal(FormContentFilter.java:93)
	at org.springframework.web.filter.OncePerRequestFilter.doFilter(OncePerRequestFilter.java:116)
	at org.apache.catalina.core.ApplicationFilterChain.internalDoFilter(ApplicationFilterChain.java:164)
	at org.apache.catalina.core.ApplicationFilterChain.doFilter(ApplicationFilterChain.java:140)
	at org.springframework.web.filter.CharacterEncodingFilter.doFilterInternal(CharacterEncodingFilter.java:201)
	at org.springframework.web.filter.OncePerRequestFilter.doFilter(OncePerRequestFilter.java:116)
	at org.apache.catalina.core.ApplicationFilterChain.internalDoFilter(ApplicationFilterChain.java:164)
	at org.apache.catalina.core.ApplicationFilterChain.doFilter(ApplicationFilterChain.java:140)
	at org.apache.catalina.core.StandardWrapperValve.invoke(StandardWrapperValve.java:167)
	at org.apache.catalina.core.StandardContextValve.invoke(StandardContextValve.java:90)
	at org.apache.catalina.authenticator.AuthenticatorBase.invoke(AuthenticatorBase.java:483)
	at org.apache.catalina.core.StandardHostValve.invoke(StandardHostValve.java:115)
	at org.apache.catalina.valves.ErrorReportValve.invoke(ErrorReportValve.java:93)
	at org.apache.catalina.core.StandardEngineValve.invoke(StandardEngineValve.java:74)
	at org.apache.catalina.connector.CoyoteAdapter.service(CoyoteAdapter.java:344)
	at org.apache.coyote.http11.Http11Processor.service(Http11Processor.java:397)
	at org.apache.coyote.AbstractProcessorLight.process(AbstractProcessorLight.java:63)
	at org.apache.coyote.AbstractProtocol$ConnectionHandler.process(AbstractProtocol.java:905)
	at org.apache.tomcat.util.net.NioEndpoint$SocketProcessor.doRun(NioEndpoint.java:1743)
	at org.apache.tomcat.util.net.SocketProcessorBase.run(SocketProcessorBase.java:52)
	at org.apache.tomcat.util.threads.ThreadPoolExecutor.runWorker(ThreadPoolExecutor.java:1190)
	at org.apache.tomcat.util.threads.ThreadPoolExecutor$Worker.run(ThreadPoolExecutor.java:659)
	at org.apache.tomcat.util.threads.TaskThread$WrappingRunnable.run(TaskThread.java:63)
	at java.base/java.lang.Thread.run(Thread.java:1583)
2025-05-15 11:25:16.811 [http-nio-10256-exec-1] ERROR c.n.w.e.controller.EntryController - [실시간 출입 통계] 조회 실패
com.influxdb.exceptions.InfluxException: timeout
	at com.influxdb.internal.AbstractQueryApi.lambda$static$1(AbstractQueryApi.java:89)
	at com.influxdb.internal.AbstractRestClient.catchOrPropagateException(AbstractRestClient.java:161)
	at com.influxdb.internal.AbstractQueryApi.query(AbstractQueryApi.java:249)
	at com.influxdb.internal.AbstractQueryApi.query(AbstractQueryApi.java:199)
	at com.influxdb.internal.AbstractQueryApi.query(AbstractQueryApi.java:131)
	at com.influxdb.client.internal.QueryApiImpl.query(QueryApiImpl.java:939)
	at com.influxdb.client.internal.QueryApiImpl.query(QueryApiImpl.java:123)
	at com.influxdb.client.internal.QueryApiImpl.query(QueryApiImpl.java:85)
	at com.influxdb.client.internal.QueryApiImpl.query(QueryApiImpl.java:75)
	at com.nhnacademy.workentry.entry.realtime.service.impl.EntryRealtimeServiceImpl.getLatestEntry(EntryRealtimeServiceImpl.java:68)
	at com.nhnacademy.workentry.entry.controller.EntryController.getRealtimeEntry(EntryController.java:56)
	at java.base/jdk.internal.reflect.DirectMethodHandleAccessor.invoke(DirectMethodHandleAccessor.java:103)
	at java.base/java.lang.reflect.Method.invoke(Method.java:580)
	at org.springframework.web.method.support.InvocableHandlerMethod.doInvoke(InvocableHandlerMethod.java:258)
	at org.springframework.web.method.support.InvocableHandlerMethod.invokeForRequest(InvocableHandlerMethod.java:191)
	at org.springframework.web.servlet.mvc.method.annotation.ServletInvocableHandlerMethod.invokeAndHandle(ServletInvocableHandlerMethod.java:118)
	at org.springframework.web.servlet.mvc.method.annotation.RequestMappingHandlerAdapter.invokeHandlerMethod(RequestMappingHandlerAdapter.java:986)
	at org.springframework.web.servlet.mvc.method.annotation.RequestMappingHandlerAdapter.handleInternal(RequestMappingHandlerAdapter.java:891)
	at org.springframework.web.servlet.mvc.method.AbstractHandlerMethodAdapter.handle(AbstractHandlerMethodAdapter.java:87)
	at org.springframework.web.servlet.DispatcherServlet.doDispatch(DispatcherServlet.java:1089)
	at org.springframework.web.servlet.DispatcherServlet.doService(DispatcherServlet.java:979)
	at org.springframework.web.servlet.FrameworkServlet.processRequest(FrameworkServlet.java:1014)
	at org.springframework.web.servlet.FrameworkServlet.doGet(FrameworkServlet.java:903)
	at jakarta.servlet.http.HttpServlet.service(HttpServlet.java:564)
	at org.springframework.web.servlet.FrameworkServlet.service(FrameworkServlet.java:885)
	at jakarta.servlet.http.HttpServlet.service(HttpServlet.java:658)
	at org.apache.catalina.core.ApplicationFilterChain.internalDoFilter(ApplicationFilterChain.java:195)
	at org.apache.catalina.core.ApplicationFilterChain.doFilter(ApplicationFilterChain.java:140)
	at org.apache.tomcat.websocket.server.WsFilter.doFilter(WsFilter.java:51)
	at org.apache.catalina.core.ApplicationFilterChain.internalDoFilter(ApplicationFilterChain.java:164)
	at org.apache.catalina.core.ApplicationFilterChain.doFilter(ApplicationFilterChain.java:140)
	at org.springframework.web.filter.RequestContextFilter.doFilterInternal(RequestContextFilter.java:100)
	at org.springframework.web.filter.OncePerRequestFilter.doFilter(OncePerRequestFilter.java:116)
	at org.apache.catalina.core.ApplicationFilterChain.internalDoFilter(ApplicationFilterChain.java:164)
	at org.apache.catalina.core.ApplicationFilterChain.doFilter(ApplicationFilterChain.java:140)
	at org.springframework.web.filter.FormContentFilter.doFilterInternal(FormContentFilter.java:93)
	at org.springframework.web.filter.OncePerRequestFilter.doFilter(OncePerRequestFilter.java:116)
	at org.apache.catalina.core.ApplicationFilterChain.internalDoFilter(ApplicationFilterChain.java:164)
	at org.apache.catalina.core.ApplicationFilterChain.doFilter(ApplicationFilterChain.java:140)
	at org.springframework.web.filter.CharacterEncodingFilter.doFilterInternal(CharacterEncodingFilter.java:201)
	at org.springframework.web.filter.OncePerRequestFilter.doFilter(OncePerRequestFilter.java:116)
	at org.apache.catalina.core.ApplicationFilterChain.internalDoFilter(ApplicationFilterChain.java:164)
	at org.apache.catalina.core.ApplicationFilterChain.doFilter(ApplicationFilterChain.java:140)
	at org.apache.catalina.core.StandardWrapperValve.invoke(StandardWrapperValve.java:167)
	at org.apache.catalina.core.StandardContextValve.invoke(StandardContextValve.java:90)
	at org.apache.catalina.authenticator.AuthenticatorBase.invoke(AuthenticatorBase.java:483)
	at org.apache.catalina.core.StandardHostValve.invoke(StandardHostValve.java:115)
	at org.apache.catalina.valves.ErrorReportValve.invoke(ErrorReportValve.java:93)
	at org.apache.catalina.core.StandardEngineValve.invoke(StandardEngineValve.java:74)
	at org.apache.catalina.connector.CoyoteAdapter.service(CoyoteAdapter.java:344)
	at org.apache.coyote.http11.Http11Processor.service(Http11Processor.java:397)
	at org.apache.coyote.AbstractProcessorLight.process(AbstractProcessorLight.java:63)
	at org.apache.coyote.AbstractProtocol$ConnectionHandler.process(AbstractProtocol.java:905)
	at org.apache.tomcat.util.net.NioEndpoint$SocketProcessor.doRun(NioEndpoint.java:1743)
	at org.apache.tomcat.util.net.SocketProcessorBase.run(SocketProcessorBase.java:52)
	at org.apache.tomcat.util.threads.ThreadPoolExecutor.runWorker(ThreadPoolExecutor.java:1190)
	at org.apache.tomcat.util.threads.ThreadPoolExecutor$Worker.run(ThreadPoolExecutor.java:659)
	at org.apache.tomcat.util.threads.TaskThread$WrappingRunnable.run(TaskThread.java:63)
	at java.base/java.lang.Thread.run(Thread.java:1583)
Caused by: java.net.SocketTimeoutException: timeout
	at okio.SocketAsyncTimeout.newTimeoutException(JvmOkio.kt:146)
	at okio.AsyncTimeout.access$newTimeoutException(AsyncTimeout.kt:161)
	at okio.AsyncTimeout$source$1.read(AsyncTimeout.kt:342)
	at okio.RealBufferedSource.indexOf(RealBufferedSource.kt:430)
	at okio.RealBufferedSource.readUtf8LineStrict(RealBufferedSource.kt:323)
	at okhttp3.internal.http1.HeadersReader.readLine(HeadersReader.kt:29)
	at okhttp3.internal.http1.Http1ExchangeCodec.readResponseHeaders(Http1ExchangeCodec.kt:180)
	at okhttp3.internal.connection.Exchange.readResponseHeaders(Exchange.kt:110)
	at okhttp3.internal.http.CallServerInterceptor.intercept(CallServerInterceptor.kt:93)
	at okhttp3.internal.http.RealInterceptorChain.proceed(RealInterceptorChain.kt:109)
	at okhttp3.internal.connection.ConnectInterceptor.intercept(ConnectInterceptor.kt:34)
	at okhttp3.internal.http.RealInterceptorChain.proceed(RealInterceptorChain.kt:109)
	at okhttp3.internal.cache.CacheInterceptor.intercept(CacheInterceptor.kt:95)
	at okhttp3.internal.http.RealInterceptorChain.proceed(RealInterceptorChain.kt:109)
	at okhttp3.internal.http.BridgeInterceptor.intercept(BridgeInterceptor.kt:83)
	at okhttp3.internal.http.RealInterceptorChain.proceed(RealInterceptorChain.kt:109)
	at okhttp3.internal.http.RetryAndFollowUpInterceptor.intercept(RetryAndFollowUpInterceptor.kt:76)
	at okhttp3.internal.http.RealInterceptorChain.proceed(RealInterceptorChain.kt:109)
	at com.influxdb.client.internal.GzipInterceptor.intercept(GzipInterceptor.java:91)
	at okhttp3.internal.http.RealInterceptorChain.proceed(RealInterceptorChain.kt:109)
	at okhttp3.logging.HttpLoggingInterceptor.intercept(HttpLoggingInterceptor.kt:154)
	at okhttp3.internal.http.RealInterceptorChain.proceed(RealInterceptorChain.kt:109)
	at com.influxdb.client.internal.AuthenticateInterceptor.intercept(AuthenticateInterceptor.java:103)
	at okhttp3.internal.http.RealInterceptorChain.proceed(RealInterceptorChain.kt:109)
	at com.influxdb.internal.UserAgentInterceptor.intercept(UserAgentInterceptor.java:60)
	at okhttp3.internal.http.RealInterceptorChain.proceed(RealInterceptorChain.kt:109)
	at okhttp3.internal.connection.RealCall.getResponseWithInterceptorChain$okhttp(RealCall.kt:201)
	at okhttp3.internal.connection.RealCall.execute(RealCall.kt:154)
	at retrofit2.OkHttpCall.execute(OkHttpCall.java:204)
	at com.influxdb.internal.AbstractQueryApi.query(AbstractQueryApi.java:246)
	... 56 common frames omitted
