{"@timestamp":"2025-05-15T17:36:13.172848236+09:00","@version":"1","message":"HV000001: Hibernate Validator 8.0.2.Final","logger_name":"org.hibernate.validator.internal.util.Version","thread_name":"background-preinit","level":"INFO","level_value":20000}
{"@timestamp":"2025-05-15T17:36:13.207281199+09:00","@version":"1","message":"Starting WorkEntryApplication using Java 21.0.7 with PID 34158 (/home/nhnacademy/Desktop/bootcamp/final/work-entry/target/classes started by nhnacademy in /home/nhnacademy/Desktop/bootcamp/final/work-entry)","logger_name":"com.nhnacademy.workentry.WorkEntryApplication","thread_name":"main","level":"INFO","level_value":20000}
{"@timestamp":"2025-05-15T17:36:13.208450853+09:00","@version":"1","message":"The following 1 profile is active: \"prod\"","logger_name":"com.nhnacademy.workentry.WorkEntryApplication","thread_name":"main","level":"INFO","level_value":20000}
{"@timestamp":"2025-05-15T17:36:13.490943801+09:00","@version":"1","message":"Bootstrapping Spring Data JPA repositories in DEFAULT mode.","logger_name":"org.springframework.data.repository.config.RepositoryConfigurationDelegate","thread_name":"main","level":"INFO","level_value":20000}
{"@timestamp":"2025-05-15T17:36:13.592838706+09:00","@version":"1","message":"Finished Spring Data repository scanning in 97 ms. Found 2 JPA repository interfaces.","logger_name":"org.springframework.data.repository.config.RepositoryConfigurationDelegate","thread_name":"main","level":"INFO","level_value":20000}
{"@timestamp":"2025-05-15T17:36:13.796644592+09:00","@version":"1","message":"BeanFactory id=8a2ff451-b8a5-33b2-b65c-7da2225a5d85","logger_name":"org.springframework.cloud.context.scope.GenericScope","thread_name":"main","level":"INFO","level_value":20000}
{"@timestamp":"2025-05-15T17:36:14.058557623+09:00","@version":"1","message":"Tomcat initialized with port 10256 (http)","logger_name":"org.springframework.boot.web.embedded.tomcat.TomcatWebServer","thread_name":"main","level":"INFO","level_value":20000}
{"@timestamp":"2025-05-15T17:36:14.066821466+09:00","@version":"1","message":"Initializing ProtocolHandler [\"http-nio-10256\"]","logger_name":"org.apache.coyote.http11.Http11NioProtocol","thread_name":"main","level":"INFO","level_value":20000}
{"@timestamp":"2025-05-15T17:36:14.067897692+09:00","@version":"1","message":"Starting service [Tomcat]","logger_name":"org.apache.catalina.core.StandardService","thread_name":"main","level":"INFO","level_value":20000}
{"@timestamp":"2025-05-15T17:36:14.068139368+09:00","@version":"1","message":"Starting Servlet engine: [Apache Tomcat/10.1.39]","logger_name":"org.apache.catalina.core.StandardEngine","thread_name":"main","level":"INFO","level_value":20000}
{"@timestamp":"2025-05-15T17:36:14.093098437+09:00","@version":"1","message":"Initializing Spring embedded WebApplicationContext","logger_name":"org.apache.catalina.core.ContainerBase.[Tomcat].[localhost].[/]","thread_name":"main","level":"INFO","level_value":20000}
{"@timestamp":"2025-05-15T17:36:14.093398594+09:00","@version":"1","message":"Root WebApplicationContext: initialization completed in 862 ms","logger_name":"org.springframework.boot.web.servlet.context.ServletWebServerApplicationContext","thread_name":"main","level":"INFO","level_value":20000}
{"@timestamp":"2025-05-15T17:36:14.144753586+09:00","@version":"1","message":"HikariPool-1 - Starting...","logger_name":"com.zaxxer.hikari.HikariDataSource","thread_name":"main","level":"INFO","level_value":20000}
{"@timestamp":"2025-05-15T17:36:14.528260447+09:00","@version":"1","message":"HikariPool-1 - Added connection com.mysql.cj.jdbc.ConnectionImpl@1ff81b0d","logger_name":"com.zaxxer.hikari.pool.HikariPool","thread_name":"main","level":"INFO","level_value":20000}
{"@timestamp":"2025-05-15T17:36:14.532222204+09:00","@version":"1","message":"HikariPool-1 - Start completed.","logger_name":"com.zaxxer.hikari.HikariDataSource","thread_name":"main","level":"INFO","level_value":20000}
{"@timestamp":"2025-05-15T17:36:14.582199103+09:00","@version":"1","message":"HHH000204: Processing PersistenceUnitInfo [name: default]","logger_name":"org.hibernate.jpa.internal.util.LogHelper","thread_name":"main","level":"INFO","level_value":20000}
{"@timestamp":"2025-05-15T17:36:14.604725357+09:00","@version":"1","message":"HHH000412: Hibernate ORM core version 6.6.11.Final","logger_name":"org.hibernate.Version","thread_name":"main","level":"INFO","level_value":20000}
{"@timestamp":"2025-05-15T17:36:14.619466186+09:00","@version":"1","message":"HHH000026: Second-level cache disabled","logger_name":"org.hibernate.cache.internal.RegionFactoryInitiator","thread_name":"main","level":"INFO","level_value":20000}
{"@timestamp":"2025-05-15T17:36:14.742217469+09:00","@version":"1","message":"No LoadTimeWeaver setup: ignoring JPA class transformer","logger_name":"org.springframework.orm.jpa.persistenceunit.SpringPersistenceUnitInfo","thread_name":"main","level":"INFO","level_value":20000}
{"@timestamp":"2025-05-15T17:36:14.83574635+09:00","@version":"1","message":"HHH10001005: Database info:\n\tDatabase JDBC URL [Connecting through datasource 'HikariDataSource (HikariPool-1)']\n\tDatabase driver: undefined/unknown\n\tDatabase version: 8.0.41\n\tAutocommit mode: undefined/unknown\n\tIsolation level: undefined/unknown\n\tMinimum pool size: undefined/unknown\n\tMaximum pool size: undefined/unknown","logger_name":"org.hibernate.orm.connections.pooling","thread_name":"main","level":"INFO","level_value":20000}
{"@timestamp":"2025-05-15T17:36:15.431349289+09:00","@version":"1","message":"HHH000489: No JTA platform available (set 'hibernate.transaction.jta.platform' to enable JTA platform integration)","logger_name":"org.hibernate.engine.transaction.jta.platform.internal.JtaPlatformInitiator","thread_name":"main","level":"INFO","level_value":20000}
{"@timestamp":"2025-05-15T17:36:15.432843366+09:00","@version":"1","message":"Initialized JPA EntityManagerFactory for persistence unit 'default'","logger_name":"org.springframework.orm.jpa.LocalContainerEntityManagerFactoryBean","thread_name":"main","level":"INFO","level_value":20000}
{"@timestamp":"2025-05-15T17:36:15.863920875+09:00","@version":"1","message":"[WebSocketContextHolder] 핸들러 설정됨","logger_name":"com.nhnacademy.workentry.log.realtime.WebSocketContextHolder","thread_name":"main","level":"INFO","level_value":20000}
{"@timestamp":"2025-05-15T17:36:15.864178914+09:00","@version":"1","message":"[WebSocketConfig] WebSocket 핸들러 설정 완료","logger_name":"com.nhnacademy.workentry.log.config.WebSocketConfig","thread_name":"main","level":"INFO","level_value":20000}
{"@timestamp":"2025-05-15T17:36:15.867599348+09:00","@version":"1","message":"[WebSocketConfig] WebSocket 경로 등록 완료: /ws/logs","logger_name":"com.nhnacademy.workentry.log.config.WebSocketConfig","thread_name":"main","level":"INFO","level_value":20000}
{"@timestamp":"2025-05-15T17:36:15.867834874+09:00","@version":"1","message":"[WebSocketConfig] WebSocket 경로 등록 완료: /ws/stranger","logger_name":"com.nhnacademy.workentry.log.config.WebSocketConfig","thread_name":"main","level":"INFO","level_value":20000}
{"@timestamp":"2025-05-15T17:36:16.064480631+09:00","@version":"1","message":"Eureka HTTP Client uses RestTemplate.","logger_name":"org.springframework.cloud.netflix.eureka.config.DiscoveryClientOptionalArgsConfiguration","thread_name":"main","level":"INFO","level_value":20000}
{"@timestamp":"2025-05-15T17:36:16.118246915+09:00","@version":"1","message":"Setting initial instance status as: STARTING","logger_name":"org.springframework.cloud.netflix.eureka.InstanceInfoFactory","thread_name":"main","level":"INFO","level_value":20000}
{"@timestamp":"2025-05-15T17:36:16.130789862+09:00","@version":"1","message":"Initializing Eureka in region us-east-1","logger_name":"com.netflix.discovery.DiscoveryClient","thread_name":"main","level":"INFO","level_value":20000}
{"@timestamp":"2025-05-15T17:36:16.133211494+09:00","@version":"1","message":"Resolving eureka endpoints via configuration","logger_name":"com.netflix.discovery.shared.resolver.aws.ConfigClusterResolver","thread_name":"main","level":"INFO","level_value":20000}
{"@timestamp":"2025-05-15T17:36:16.137273101+09:00","@version":"1","message":"Disable delta property : false","logger_name":"com.netflix.discovery.DiscoveryClient","thread_name":"main","level":"INFO","level_value":20000}
{"@timestamp":"2025-05-15T17:36:16.137422667+09:00","@version":"1","message":"Single vip registry refresh property : null","logger_name":"com.netflix.discovery.DiscoveryClient","thread_name":"main","level":"INFO","level_value":20000}
{"@timestamp":"2025-05-15T17:36:16.137493604+09:00","@version":"1","message":"Force full registry fetch : false","logger_name":"com.netflix.discovery.DiscoveryClient","thread_name":"main","level":"INFO","level_value":20000}
{"@timestamp":"2025-05-15T17:36:16.137578922+09:00","@version":"1","message":"Application is null : false","logger_name":"com.netflix.discovery.DiscoveryClient","thread_name":"main","level":"INFO","level_value":20000}
{"@timestamp":"2025-05-15T17:36:16.137651321+09:00","@version":"1","message":"Registered Applications size is zero : true","logger_name":"com.netflix.discovery.DiscoveryClient","thread_name":"main","level":"INFO","level_value":20000}
{"@timestamp":"2025-05-15T17:36:16.137744162+09:00","@version":"1","message":"Application version is -1: true","logger_name":"com.netflix.discovery.DiscoveryClient","thread_name":"main","level":"INFO","level_value":20000}
{"@timestamp":"2025-05-15T17:36:16.137820288+09:00","@version":"1","message":"Getting all instance registry info from the eureka server","logger_name":"com.netflix.discovery.DiscoveryClient","thread_name":"main","level":"INFO","level_value":20000}
{"@timestamp":"2025-05-15T17:36:16.30622928+09:00","@version":"1","message":"The response status is 200","logger_name":"com.netflix.discovery.DiscoveryClient","thread_name":"main","level":"INFO","level_value":20000}
{"@timestamp":"2025-05-15T17:36:16.307621711+09:00","@version":"1","message":"Starting heartbeat executor: renew interval is: 30","logger_name":"com.netflix.discovery.DiscoveryClient","thread_name":"main","level":"INFO","level_value":20000}
{"@timestamp":"2025-05-15T17:36:16.3087182+09:00","@version":"1","message":"InstanceInfoReplicator onDemand update allowed rate per min is 4","logger_name":"com.netflix.discovery.InstanceInfoReplicator","thread_name":"main","level":"INFO","level_value":20000}
{"@timestamp":"2025-05-15T17:36:16.309734472+09:00","@version":"1","message":"Discovery Client initialized at timestamp 1747298176309 with initial instances count: 4","logger_name":"com.netflix.discovery.DiscoveryClient","thread_name":"main","level":"INFO","level_value":20000}
{"@timestamp":"2025-05-15T17:36:16.312163384+09:00","@version":"1","message":"Registering application WORK-ENTRY-SERVICE with eureka with status UP","logger_name":"org.springframework.cloud.netflix.eureka.serviceregistry.EurekaServiceRegistry","thread_name":"main","level":"INFO","level_value":20000}
{"@timestamp":"2025-05-15T17:36:16.312583597+09:00","@version":"1","message":"Saw local status change event StatusChangeEvent [timestamp=1747298176312, current=UP, previous=STARTING]","logger_name":"com.netflix.discovery.DiscoveryClient","thread_name":"main","level":"INFO","level_value":20000}
{"@timestamp":"2025-05-15T17:36:16.313608618+09:00","@version":"1","message":"Starting ProtocolHandler [\"http-nio-10256\"]","logger_name":"org.apache.coyote.http11.Http11NioProtocol","thread_name":"main","level":"INFO","level_value":20000}
{"@timestamp":"2025-05-15T17:36:16.313647466+09:00","@version":"1","message":"DiscoveryClient_WORK-ENTRY-SERVICE/work-entry-service:${spring.application.instance_id}:6daf33577c9ac472fcd2574dd32be00e: registering service...","logger_name":"com.netflix.discovery.DiscoveryClient","thread_name":"DiscoveryClient-InstanceInfoReplicator-%d","level":"INFO","level_value":20000}
{"@timestamp":"2025-05-15T17:36:16.322722835+09:00","@version":"1","message":"Tomcat started on port 10256 (http) with context path '/'","logger_name":"org.springframework.boot.web.embedded.tomcat.TomcatWebServer","thread_name":"main","level":"INFO","level_value":20000}
{"@timestamp":"2025-05-15T17:36:16.323480777+09:00","@version":"1","message":"Updating port to 10256","logger_name":"org.springframework.cloud.netflix.eureka.serviceregistry.EurekaAutoServiceRegistration","thread_name":"main","level":"INFO","level_value":20000}
{"@timestamp":"2025-05-15T17:36:16.343458957+09:00","@version":"1","message":"DiscoveryClient_WORK-ENTRY-SERVICE/work-entry-service:${spring.application.instance_id}:6daf33577c9ac472fcd2574dd32be00e - registration status: 204","logger_name":"com.netflix.discovery.DiscoveryClient","thread_name":"DiscoveryClient-InstanceInfoReplicator-%d","level":"INFO","level_value":20000}
{"@timestamp":"2025-05-15T17:36:16.354152794+09:00","@version":"1","message":"Started WorkEntryApplication in 3.615 seconds (process running for 4.085)","logger_name":"com.nhnacademy.workentry.WorkEntryApplication","thread_name":"main","level":"INFO","level_value":20000}
{"@timestamp":"2025-05-15T17:36:20.791380207+09:00","@version":"1","message":"Initializing Spring DispatcherServlet 'dispatcherServlet'","logger_name":"org.apache.catalina.core.ContainerBase.[Tomcat].[localhost].[/]","thread_name":"http-nio-10256-exec-1","level":"INFO","level_value":20000}
{"@timestamp":"2025-05-15T17:36:20.79180115+09:00","@version":"1","message":"Initializing Servlet 'dispatcherServlet'","logger_name":"org.springframework.web.servlet.DispatcherServlet","thread_name":"http-nio-10256-exec-1","level":"INFO","level_value":20000}
{"@timestamp":"2025-05-15T17:36:20.792749277+09:00","@version":"1","message":"Completed initialization in 1 ms","logger_name":"org.springframework.web.servlet.DispatcherServlet","thread_name":"http-nio-10256-exec-1","level":"INFO","level_value":20000}
{"@timestamp":"2025-05-15T17:36:21.363250936+09:00","@version":"1","message":"[INFO] 실시간 출입 데이터 | 시간: 2025-05-15 17:36 | 출입자 수: 0 | 데이터: {\"time\":\"2025-05-15 17:36\",\"count\":0}","logger_name":"com.nhnacademy.workentry.entry.realtime.service.impl.EntryRealtimeServiceImpl","thread_name":"http-nio-10256-exec-1","level":"INFO","level_value":20000}
{"@timestamp":"2025-05-15T17:36:21.363570768+09:00","@version":"1","message":"[실시간 출입 통계] 조회됨: com.nhnacademy.workentry.entry.realtime.dto.EntryRealtimeDto@618a3af1","logger_name":"com.nhnacademy.workentry.entry.controller.EntryController","thread_name":"http-nio-10256-exec-1","level":"INFO","level_value":20000}
{"@timestamp":"2025-05-15T17:36:29.196718124+09:00","@version":"1","message":"Unregistering application WORK-ENTRY-SERVICE with eureka with status DOWN","logger_name":"org.springframework.cloud.netflix.eureka.serviceregistry.EurekaServiceRegistry","thread_name":"SpringApplicationShutdownHook","level":"INFO","level_value":20000}
{"@timestamp":"2025-05-15T17:36:29.197094625+09:00","@version":"1","message":"Saw local status change event StatusChangeEvent [timestamp=1747298189197, current=DOWN, previous=UP]","logger_name":"com.netflix.discovery.DiscoveryClient","thread_name":"SpringApplicationShutdownHook","level":"INFO","level_value":20000}
{"@timestamp":"2025-05-15T17:36:29.197336372+09:00","@version":"1","message":"DiscoveryClient_WORK-ENTRY-SERVICE/work-entry-service:${spring.application.instance_id}:6daf33577c9ac472fcd2574dd32be00e: registering service...","logger_name":"com.netflix.discovery.DiscoveryClient","thread_name":"DiscoveryClient-InstanceInfoReplicator-%d","level":"INFO","level_value":20000}
{"@timestamp":"2025-05-15T17:36:29.198972008+09:00","@version":"1","message":"Commencing graceful shutdown. Waiting for active requests to complete","logger_name":"org.springframework.boot.web.embedded.tomcat.GracefulShutdown","thread_name":"SpringApplicationShutdownHook","level":"INFO","level_value":20000}
{"@timestamp":"2025-05-15T17:36:29.200560004+09:00","@version":"1","message":"Graceful shutdown complete","logger_name":"org.springframework.boot.web.embedded.tomcat.GracefulShutdown","thread_name":"tomcat-shutdown","level":"INFO","level_value":20000}
{"@timestamp":"2025-05-15T17:36:29.201713481+09:00","@version":"1","message":"DiscoveryClient_WORK-ENTRY-SERVICE/work-entry-service:${spring.application.instance_id}:6daf33577c9ac472fcd2574dd32be00e - registration status: 204","logger_name":"com.netflix.discovery.DiscoveryClient","thread_name":"DiscoveryClient-InstanceInfoReplicator-%d","level":"INFO","level_value":20000}
{"@timestamp":"2025-05-15T17:36:29.257643362+09:00","@version":"1","message":"Closing JPA EntityManagerFactory for persistence unit 'default'","logger_name":"org.springframework.orm.jpa.LocalContainerEntityManagerFactoryBean","thread_name":"SpringApplicationShutdownHook","level":"INFO","level_value":20000}
{"@timestamp":"2025-05-15T17:36:29.26022025+09:00","@version":"1","message":"HikariPool-1 - Shutdown initiated...","logger_name":"com.zaxxer.hikari.HikariDataSource","thread_name":"SpringApplicationShutdownHook","level":"INFO","level_value":20000}
{"@timestamp":"2025-05-15T17:36:29.400846773+09:00","@version":"1","message":"HikariPool-1 - Shutdown completed.","logger_name":"com.zaxxer.hikari.HikariDataSource","thread_name":"SpringApplicationShutdownHook","level":"INFO","level_value":20000}
{"@timestamp":"2025-05-15T17:36:29.401918731+09:00","@version":"1","message":"Shutting down DiscoveryClient ...","logger_name":"com.netflix.discovery.DiscoveryClient","thread_name":"SpringApplicationShutdownHook","level":"INFO","level_value":20000}
{"@timestamp":"2025-05-15T17:36:32.40321693+09:00","@version":"1","message":"Unregistering ...","logger_name":"com.netflix.discovery.DiscoveryClient","thread_name":"SpringApplicationShutdownHook","level":"INFO","level_value":20000}
{"@timestamp":"2025-05-15T17:36:32.411872366+09:00","@version":"1","message":"DiscoveryClient_WORK-ENTRY-SERVICE/work-entry-service:${spring.application.instance_id}:6daf33577c9ac472fcd2574dd32be00e - deregister  status: 200","logger_name":"com.netflix.discovery.DiscoveryClient","thread_name":"SpringApplicationShutdownHook","level":"INFO","level_value":20000}
{"@timestamp":"2025-05-15T17:36:32.412576683+09:00","@version":"1","message":"Completed shut down of DiscoveryClient","logger_name":"com.netflix.discovery.DiscoveryClient","thread_name":"SpringApplicationShutdownHook","level":"INFO","level_value":20000}
{"@timestamp":"2025-05-15T17:36:34.089559389+09:00","@version":"1","message":"HV000001: Hibernate Validator 8.0.2.Final","logger_name":"org.hibernate.validator.internal.util.Version","thread_name":"background-preinit","level":"INFO","level_value":20000}
{"@timestamp":"2025-05-15T17:36:34.119554769+09:00","@version":"1","message":"Starting WorkEntryApplication using Java 21.0.7 with PID 34363 (/home/nhnacademy/Desktop/bootcamp/final/work-entry/target/classes started by nhnacademy in /home/nhnacademy/Desktop/bootcamp/final/work-entry)","logger_name":"com.nhnacademy.workentry.WorkEntryApplication","thread_name":"main","level":"INFO","level_value":20000}
{"@timestamp":"2025-05-15T17:36:34.120533132+09:00","@version":"1","message":"The following 1 profile is active: \"prod\"","logger_name":"com.nhnacademy.workentry.WorkEntryApplication","thread_name":"main","level":"INFO","level_value":20000}
{"@timestamp":"2025-05-15T17:36:34.401725247+09:00","@version":"1","message":"Bootstrapping Spring Data JPA repositories in DEFAULT mode.","logger_name":"org.springframework.data.repository.config.RepositoryConfigurationDelegate","thread_name":"main","level":"INFO","level_value":20000}
{"@timestamp":"2025-05-15T17:36:34.503412284+09:00","@version":"1","message":"Finished Spring Data repository scanning in 94 ms. Found 2 JPA repository interfaces.","logger_name":"org.springframework.data.repository.config.RepositoryConfigurationDelegate","thread_name":"main","level":"INFO","level_value":20000}
{"@timestamp":"2025-05-15T17:36:34.72016255+09:00","@version":"1","message":"BeanFactory id=8a2ff451-b8a5-33b2-b65c-7da2225a5d85","logger_name":"org.springframework.cloud.context.scope.GenericScope","thread_name":"main","level":"INFO","level_value":20000}
{"@timestamp":"2025-05-15T17:36:34.92707552+09:00","@version":"1","message":"Tomcat initialized with port 10256 (http)","logger_name":"org.springframework.boot.web.embedded.tomcat.TomcatWebServer","thread_name":"main","level":"INFO","level_value":20000}
{"@timestamp":"2025-05-15T17:36:34.935860295+09:00","@version":"1","message":"Initializing ProtocolHandler [\"http-nio-10256\"]","logger_name":"org.apache.coyote.http11.Http11NioProtocol","thread_name":"main","level":"INFO","level_value":20000}
{"@timestamp":"2025-05-15T17:36:34.937164896+09:00","@version":"1","message":"Starting service [Tomcat]","logger_name":"org.apache.catalina.core.StandardService","thread_name":"main","level":"INFO","level_value":20000}
{"@timestamp":"2025-05-15T17:36:34.937485933+09:00","@version":"1","message":"Starting Servlet engine: [Apache Tomcat/10.1.39]","logger_name":"org.apache.catalina.core.StandardEngine","thread_name":"main","level":"INFO","level_value":20000}
{"@timestamp":"2025-05-15T17:36:34.961952808+09:00","@version":"1","message":"Initializing Spring embedded WebApplicationContext","logger_name":"org.apache.catalina.core.ContainerBase.[Tomcat].[localhost].[/]","thread_name":"main","level":"INFO","level_value":20000}
{"@timestamp":"2025-05-15T17:36:34.962332018+09:00","@version":"1","message":"Root WebApplicationContext: initialization completed in 820 ms","logger_name":"org.springframework.boot.web.servlet.context.ServletWebServerApplicationContext","thread_name":"main","level":"INFO","level_value":20000}
{"@timestamp":"2025-05-15T17:36:35.014264157+09:00","@version":"1","message":"HikariPool-1 - Starting...","logger_name":"com.zaxxer.hikari.HikariDataSource","thread_name":"main","level":"INFO","level_value":20000}
{"@timestamp":"2025-05-15T17:36:35.344388236+09:00","@version":"1","message":"HikariPool-1 - Added connection com.mysql.cj.jdbc.ConnectionImpl@7296fe0b","logger_name":"com.zaxxer.hikari.pool.HikariPool","thread_name":"main","level":"INFO","level_value":20000}
{"@timestamp":"2025-05-15T17:36:35.348988376+09:00","@version":"1","message":"HikariPool-1 - Start completed.","logger_name":"com.zaxxer.hikari.HikariDataSource","thread_name":"main","level":"INFO","level_value":20000}
{"@timestamp":"2025-05-15T17:36:35.392662213+09:00","@version":"1","message":"HHH000204: Processing PersistenceUnitInfo [name: default]","logger_name":"org.hibernate.jpa.internal.util.LogHelper","thread_name":"main","level":"INFO","level_value":20000}
{"@timestamp":"2025-05-15T17:36:35.41554586+09:00","@version":"1","message":"HHH000412: Hibernate ORM core version 6.6.11.Final","logger_name":"org.hibernate.Version","thread_name":"main","level":"INFO","level_value":20000}
{"@timestamp":"2025-05-15T17:36:35.430872291+09:00","@version":"1","message":"HHH000026: Second-level cache disabled","logger_name":"org.hibernate.cache.internal.RegionFactoryInitiator","thread_name":"main","level":"INFO","level_value":20000}
{"@timestamp":"2025-05-15T17:36:35.56415643+09:00","@version":"1","message":"No LoadTimeWeaver setup: ignoring JPA class transformer","logger_name":"org.springframework.orm.jpa.persistenceunit.SpringPersistenceUnitInfo","thread_name":"main","level":"INFO","level_value":20000}
{"@timestamp":"2025-05-15T17:36:35.666146904+09:00","@version":"1","message":"HHH10001005: Database info:\n\tDatabase JDBC URL [Connecting through datasource 'HikariDataSource (HikariPool-1)']\n\tDatabase driver: undefined/unknown\n\tDatabase version: 8.0.41\n\tAutocommit mode: undefined/unknown\n\tIsolation level: undefined/unknown\n\tMinimum pool size: undefined/unknown\n\tMaximum pool size: undefined/unknown","logger_name":"org.hibernate.orm.connections.pooling","thread_name":"main","level":"INFO","level_value":20000}
{"@timestamp":"2025-05-15T17:36:36.091644887+09:00","@version":"1","message":"HHH000489: No JTA platform available (set 'hibernate.transaction.jta.platform' to enable JTA platform integration)","logger_name":"org.hibernate.engine.transaction.jta.platform.internal.JtaPlatformInitiator","thread_name":"main","level":"INFO","level_value":20000}
{"@timestamp":"2025-05-15T17:36:36.093323778+09:00","@version":"1","message":"Initialized JPA EntityManagerFactory for persistence unit 'default'","logger_name":"org.springframework.orm.jpa.LocalContainerEntityManagerFactoryBean","thread_name":"main","level":"INFO","level_value":20000}
{"@timestamp":"2025-05-15T17:36:36.551037099+09:00","@version":"1","message":"[WebSocketContextHolder] 핸들러 설정됨","logger_name":"com.nhnacademy.workentry.log.realtime.WebSocketContextHolder","thread_name":"main","level":"INFO","level_value":20000}
{"@timestamp":"2025-05-15T17:36:36.551279161+09:00","@version":"1","message":"[WebSocketConfig] WebSocket 핸들러 설정 완료","logger_name":"com.nhnacademy.workentry.log.config.WebSocketConfig","thread_name":"main","level":"INFO","level_value":20000}
{"@timestamp":"2025-05-15T17:36:36.555279162+09:00","@version":"1","message":"[WebSocketConfig] WebSocket 경로 등록 완료: /ws/logs","logger_name":"com.nhnacademy.workentry.log.config.WebSocketConfig","thread_name":"main","level":"INFO","level_value":20000}
{"@timestamp":"2025-05-15T17:36:36.555641778+09:00","@version":"1","message":"[WebSocketConfig] WebSocket 경로 등록 완료: /ws/stranger","logger_name":"com.nhnacademy.workentry.log.config.WebSocketConfig","thread_name":"main","level":"INFO","level_value":20000}
{"@timestamp":"2025-05-15T17:36:36.753626491+09:00","@version":"1","message":"Eureka HTTP Client uses RestTemplate.","logger_name":"org.springframework.cloud.netflix.eureka.config.DiscoveryClientOptionalArgsConfiguration","thread_name":"main","level":"INFO","level_value":20000}
{"@timestamp":"2025-05-15T17:36:36.809780414+09:00","@version":"1","message":"Setting initial instance status as: STARTING","logger_name":"org.springframework.cloud.netflix.eureka.InstanceInfoFactory","thread_name":"main","level":"INFO","level_value":20000}
{"@timestamp":"2025-05-15T17:36:36.823578118+09:00","@version":"1","message":"Initializing Eureka in region us-east-1","logger_name":"com.netflix.discovery.DiscoveryClient","thread_name":"main","level":"INFO","level_value":20000}
{"@timestamp":"2025-05-15T17:36:36.826311704+09:00","@version":"1","message":"Resolving eureka endpoints via configuration","logger_name":"com.netflix.discovery.shared.resolver.aws.ConfigClusterResolver","thread_name":"main","level":"INFO","level_value":20000}
{"@timestamp":"2025-05-15T17:36:36.831034702+09:00","@version":"1","message":"Disable delta property : false","logger_name":"com.netflix.discovery.DiscoveryClient","thread_name":"main","level":"INFO","level_value":20000}
{"@timestamp":"2025-05-15T17:36:36.831474345+09:00","@version":"1","message":"Single vip registry refresh property : null","logger_name":"com.netflix.discovery.DiscoveryClient","thread_name":"main","level":"INFO","level_value":20000}
{"@timestamp":"2025-05-15T17:36:36.831563623+09:00","@version":"1","message":"Force full registry fetch : false","logger_name":"com.netflix.discovery.DiscoveryClient","thread_name":"main","level":"INFO","level_value":20000}
{"@timestamp":"2025-05-15T17:36:36.831668865+09:00","@version":"1","message":"Application is null : false","logger_name":"com.netflix.discovery.DiscoveryClient","thread_name":"main","level":"INFO","level_value":20000}
{"@timestamp":"2025-05-15T17:36:36.831760167+09:00","@version":"1","message":"Registered Applications size is zero : true","logger_name":"com.netflix.discovery.DiscoveryClient","thread_name":"main","level":"INFO","level_value":20000}
{"@timestamp":"2025-05-15T17:36:36.831852834+09:00","@version":"1","message":"Application version is -1: true","logger_name":"com.netflix.discovery.DiscoveryClient","thread_name":"main","level":"INFO","level_value":20000}
{"@timestamp":"2025-05-15T17:36:36.831934999+09:00","@version":"1","message":"Getting all instance registry info from the eureka server","logger_name":"com.netflix.discovery.DiscoveryClient","thread_name":"main","level":"INFO","level_value":20000}
{"@timestamp":"2025-05-15T17:36:36.977277012+09:00","@version":"1","message":"The response status is 200","logger_name":"com.netflix.discovery.DiscoveryClient","thread_name":"main","level":"INFO","level_value":20000}
{"@timestamp":"2025-05-15T17:36:36.978713958+09:00","@version":"1","message":"Starting heartbeat executor: renew interval is: 30","logger_name":"com.netflix.discovery.DiscoveryClient","thread_name":"main","level":"INFO","level_value":20000}
{"@timestamp":"2025-05-15T17:36:36.97983402+09:00","@version":"1","message":"InstanceInfoReplicator onDemand update allowed rate per min is 4","logger_name":"com.netflix.discovery.InstanceInfoReplicator","thread_name":"main","level":"INFO","level_value":20000}
{"@timestamp":"2025-05-15T17:36:36.98076627+09:00","@version":"1","message":"Discovery Client initialized at timestamp 1747298196980 with initial instances count: 3","logger_name":"com.netflix.discovery.DiscoveryClient","thread_name":"main","level":"INFO","level_value":20000}
{"@timestamp":"2025-05-15T17:36:36.982893544+09:00","@version":"1","message":"Registering application WORK-ENTRY-SERVICE with eureka with status UP","logger_name":"org.springframework.cloud.netflix.eureka.serviceregistry.EurekaServiceRegistry","thread_name":"main","level":"INFO","level_value":20000}
{"@timestamp":"2025-05-15T17:36:36.983237181+09:00","@version":"1","message":"Saw local status change event StatusChangeEvent [timestamp=1747298196983, current=UP, previous=STARTING]","logger_name":"com.netflix.discovery.DiscoveryClient","thread_name":"main","level":"INFO","level_value":20000}
{"@timestamp":"2025-05-15T17:36:36.984178846+09:00","@version":"1","message":"Starting ProtocolHandler [\"http-nio-10256\"]","logger_name":"org.apache.coyote.http11.Http11NioProtocol","thread_name":"main","level":"INFO","level_value":20000}
{"@timestamp":"2025-05-15T17:36:36.984249735+09:00","@version":"1","message":"DiscoveryClient_WORK-ENTRY-SERVICE/work-entry-service:${spring.application.instance_id}:32d838b40055b94e43745dc8c79ed14d: registering service...","logger_name":"com.netflix.discovery.DiscoveryClient","thread_name":"DiscoveryClient-InstanceInfoReplicator-%d","level":"INFO","level_value":20000}
{"@timestamp":"2025-05-15T17:36:36.998134032+09:00","@version":"1","message":"Tomcat started on port 10256 (http) with context path '/'","logger_name":"org.springframework.boot.web.embedded.tomcat.TomcatWebServer","thread_name":"main","level":"INFO","level_value":20000}
{"@timestamp":"2025-05-15T17:36:36.999091261+09:00","@version":"1","message":"Updating port to 10256","logger_name":"org.springframework.cloud.netflix.eureka.serviceregistry.EurekaAutoServiceRegistration","thread_name":"main","level":"INFO","level_value":20000}
{"@timestamp":"2025-05-15T17:36:37.0138221+09:00","@version":"1","message":"DiscoveryClient_WORK-ENTRY-SERVICE/work-entry-service:${spring.application.instance_id}:32d838b40055b94e43745dc8c79ed14d - registration status: 204","logger_name":"com.netflix.discovery.DiscoveryClient","thread_name":"DiscoveryClient-InstanceInfoReplicator-%d","level":"INFO","level_value":20000}
{"@timestamp":"2025-05-15T17:36:37.020798929+09:00","@version":"1","message":"Started WorkEntryApplication in 3.342 seconds (process running for 3.834)","logger_name":"com.nhnacademy.workentry.WorkEntryApplication","thread_name":"main","level":"INFO","level_value":20000}
{"@timestamp":"2025-05-15T17:37:02.439054416+09:00","@version":"1","message":"Initializing Spring DispatcherServlet 'dispatcherServlet'","logger_name":"org.apache.catalina.core.ContainerBase.[Tomcat].[localhost].[/]","thread_name":"http-nio-10256-exec-1","level":"INFO","level_value":20000}
{"@timestamp":"2025-05-15T17:37:02.440836789+09:00","@version":"1","message":"Initializing Servlet 'dispatcherServlet'","logger_name":"org.springframework.web.servlet.DispatcherServlet","thread_name":"http-nio-10256-exec-1","level":"INFO","level_value":20000}
{"@timestamp":"2025-05-15T17:37:02.443199111+09:00","@version":"1","message":"Completed initialization in 2 ms","logger_name":"org.springframework.web.servlet.DispatcherServlet","thread_name":"http-nio-10256-exec-1","level":"INFO","level_value":20000}
{"@timestamp":"2025-05-15T17:37:02.496623841+09:00","@version":"1","message":"[LogWebSocketHandler] 클라이언트 연결됨: 7aba566f-26d2-0540-59f9-d5ad41280ab1","logger_name":"com.nhnacademy.workentry.log.realtime.LogWebSocketHandler","thread_name":"http-nio-10256-exec-1","level":"INFO","level_value":20000}
{"@timestamp":"2025-05-15T17:37:02.502194556+09:00","@version":"1","message":"[LogWebSocketHandler] 클라이언트 연결됨: fed0def1-9134-6b50-e2e5-75d5a6ce8ada","logger_name":"com.nhnacademy.workentry.log.realtime.LogWebSocketHandler","thread_name":"http-nio-10256-exec-2","level":"INFO","level_value":20000}
{"@timestamp":"2025-05-15T17:37:08.345729555+09:00","@version":"1","message":"[LogWebSocketHandler] 연결 종료: fed0def1-9134-6b50-e2e5-75d5a6ce8ada (CloseStatus[code=1001, reason=null])","logger_name":"com.nhnacademy.workentry.log.realtime.LogWebSocketHandler","thread_name":"http-nio-10256-exec-4","level":"INFO","level_value":20000}
{"@timestamp":"2025-05-15T17:37:08.345754296+09:00","@version":"1","message":"[LogWebSocketHandler] 연결 종료: 7aba566f-26d2-0540-59f9-d5ad41280ab1 (CloseStatus[code=1001, reason=null])","logger_name":"com.nhnacademy.workentry.log.realtime.LogWebSocketHandler","thread_name":"http-nio-10256-exec-3","level":"INFO","level_value":20000}
{"@timestamp":"2025-05-15T17:37:08.405507219+09:00","@version":"1","message":"[LogWebSocketHandler] 클라이언트 연결됨: 5411bf16-8fd9-83bd-9eb2-fa25dd91d3a3","logger_name":"com.nhnacademy.workentry.log.realtime.LogWebSocketHandler","thread_name":"http-nio-10256-exec-5","level":"INFO","level_value":20000}
{"@timestamp":"2025-05-15T17:37:08.441809598+09:00","@version":"1","message":"[LogWebSocketHandler] 클라이언트 연결됨: e9746384-135e-b21b-a558-8b3ebedce1de","logger_name":"com.nhnacademy.workentry.log.realtime.LogWebSocketHandler","thread_name":"http-nio-10256-exec-6","level":"INFO","level_value":20000}
{"@timestamp":"2025-05-15T17:37:13.044276586+09:00","@version":"1","message":"[LogWebSocketHandler] 연결 종료: e9746384-135e-b21b-a558-8b3ebedce1de (CloseStatus[code=1001, reason=null])","logger_name":"com.nhnacademy.workentry.log.realtime.LogWebSocketHandler","thread_name":"http-nio-10256-exec-8","level":"INFO","level_value":20000}
{"@timestamp":"2025-05-15T17:37:13.044277421+09:00","@version":"1","message":"[LogWebSocketHandler] 연결 종료: 5411bf16-8fd9-83bd-9eb2-fa25dd91d3a3 (CloseStatus[code=1001, reason=null])","logger_name":"com.nhnacademy.workentry.log.realtime.LogWebSocketHandler","thread_name":"http-nio-10256-exec-7","level":"INFO","level_value":20000}
{"@timestamp":"2025-05-15T17:37:13.099774874+09:00","@version":"1","message":"[LogWebSocketHandler] 클라이언트 연결됨: 80a06e7c-9283-59cf-2c95-e48c3b15478c","logger_name":"com.nhnacademy.workentry.log.realtime.LogWebSocketHandler","thread_name":"http-nio-10256-exec-9","level":"INFO","level_value":20000}
{"@timestamp":"2025-05-15T17:37:13.12334027+09:00","@version":"1","message":"[LogWebSocketHandler] 클라이언트 연결됨: 8ab8d188-c40f-35be-f547-eae9c40bdaca","logger_name":"com.nhnacademy.workentry.log.realtime.LogWebSocketHandler","thread_name":"http-nio-10256-exec-10","level":"INFO","level_value":20000}
{"@timestamp":"2025-05-15T17:37:14.042336416+09:00","@version":"1","message":"[Influx Entry] {\"date\":\"2025-04-25\",\"count\":1273}","logger_name":"com.nhnacademy.workentry.entry.service.impl.EntryServiceImpl","thread_name":"http-nio-10256-exec-1","level":"INFO","level_value":20000}
{"@timestamp":"2025-05-15T17:37:14.042866527+09:00","@version":"1","message":"[Influx Entry] {\"date\":\"2025-04-26\",\"count\":1544}","logger_name":"com.nhnacademy.workentry.entry.service.impl.EntryServiceImpl","thread_name":"http-nio-10256-exec-1","level":"INFO","level_value":20000}
{"@timestamp":"2025-05-15T17:37:14.043143812+09:00","@version":"1","message":"[Influx Entry] {\"date\":\"2025-04-27\",\"count\":1546}","logger_name":"com.nhnacademy.workentry.entry.service.impl.EntryServiceImpl","thread_name":"http-nio-10256-exec-1","level":"INFO","level_value":20000}
{"@timestamp":"2025-05-15T17:37:14.043361213+09:00","@version":"1","message":"[Influx Entry] {\"date\":\"2025-04-28\",\"count\":1549}","logger_name":"com.nhnacademy.workentry.entry.service.impl.EntryServiceImpl","thread_name":"http-nio-10256-exec-1","level":"INFO","level_value":20000}
{"@timestamp":"2025-05-15T17:37:14.04362904+09:00","@version":"1","message":"[Influx Entry] {\"date\":\"2025-04-29\",\"count\":1452}","logger_name":"com.nhnacademy.workentry.entry.service.impl.EntryServiceImpl","thread_name":"http-nio-10256-exec-1","level":"INFO","level_value":20000}
{"@timestamp":"2025-05-15T17:37:14.043878851+09:00","@version":"1","message":"[Influx Entry] {\"date\":\"2025-04-30\",\"count\":1492}","logger_name":"com.nhnacademy.workentry.entry.service.impl.EntryServiceImpl","thread_name":"http-nio-10256-exec-1","level":"INFO","level_value":20000}
{"@timestamp":"2025-05-15T17:37:14.044135037+09:00","@version":"1","message":"[Influx Entry] {\"date\":\"2025-05-01\",\"count\":631}","logger_name":"com.nhnacademy.workentry.entry.service.impl.EntryServiceImpl","thread_name":"http-nio-10256-exec-1","level":"INFO","level_value":20000}
{"@timestamp":"2025-05-15T17:37:14.044385359+09:00","@version":"1","message":"[Influx Entry] {\"date\":\"2025-05-02\",\"count\":1479}","logger_name":"com.nhnacademy.workentry.entry.service.impl.EntryServiceImpl","thread_name":"http-nio-10256-exec-1","level":"INFO","level_value":20000}
{"@timestamp":"2025-05-15T17:37:14.044655796+09:00","@version":"1","message":"[Influx Entry] {\"date\":\"2025-05-03\",\"count\":1683}","logger_name":"com.nhnacademy.workentry.entry.service.impl.EntryServiceImpl","thread_name":"http-nio-10256-exec-1","level":"INFO","level_value":20000}
{"@timestamp":"2025-05-15T17:37:14.044901407+09:00","@version":"1","message":"[Influx Entry] {\"date\":\"2025-05-04\",\"count\":1760}","logger_name":"com.nhnacademy.workentry.entry.service.impl.EntryServiceImpl","thread_name":"http-nio-10256-exec-1","level":"INFO","level_value":20000}
{"@timestamp":"2025-05-15T17:37:14.045143275+09:00","@version":"1","message":"[Influx Entry] {\"date\":\"2025-05-05\",\"count\":1492}","logger_name":"com.nhnacademy.workentry.entry.service.impl.EntryServiceImpl","thread_name":"http-nio-10256-exec-1","level":"INFO","level_value":20000}
{"@timestamp":"2025-05-15T17:37:14.045378186+09:00","@version":"1","message":"[Influx Entry] {\"date\":\"2025-05-06\",\"count\":1734}","logger_name":"com.nhnacademy.workentry.entry.service.impl.EntryServiceImpl","thread_name":"http-nio-10256-exec-1","level":"INFO","level_value":20000}
{"@timestamp":"2025-05-15T17:37:14.045651554+09:00","@version":"1","message":"[Influx Entry] {\"date\":\"2025-05-07\",\"count\":1768}","logger_name":"com.nhnacademy.workentry.entry.service.impl.EntryServiceImpl","thread_name":"http-nio-10256-exec-1","level":"INFO","level_value":20000}
{"@timestamp":"2025-05-15T17:37:14.045904593+09:00","@version":"1","message":"[Influx Entry] {\"date\":\"2025-05-08\",\"count\":1630}","logger_name":"com.nhnacademy.workentry.entry.service.impl.EntryServiceImpl","thread_name":"http-nio-10256-exec-1","level":"INFO","level_value":20000}
{"@timestamp":"2025-05-15T17:37:14.046169458+09:00","@version":"1","message":"[Influx Entry] {\"date\":\"2025-05-09\",\"count\":1662}","logger_name":"com.nhnacademy.workentry.entry.service.impl.EntryServiceImpl","thread_name":"http-nio-10256-exec-1","level":"INFO","level_value":20000}
{"@timestamp":"2025-05-15T17:37:14.046409184+09:00","@version":"1","message":"[Influx Entry] {\"date\":\"2025-05-10\",\"count\":1645}","logger_name":"com.nhnacademy.workentry.entry.service.impl.EntryServiceImpl","thread_name":"http-nio-10256-exec-1","level":"INFO","level_value":20000}
{"@timestamp":"2025-05-15T17:37:14.046654745+09:00","@version":"1","message":"[Influx Entry] {\"date\":\"2025-05-11\",\"count\":1880}","logger_name":"com.nhnacademy.workentry.entry.service.impl.EntryServiceImpl","thread_name":"http-nio-10256-exec-1","level":"INFO","level_value":20000}
{"@timestamp":"2025-05-15T17:37:14.046883645+09:00","@version":"1","message":"[Influx Entry] {\"date\":\"2025-05-12\",\"count\":1934}","logger_name":"com.nhnacademy.workentry.entry.service.impl.EntryServiceImpl","thread_name":"http-nio-10256-exec-1","level":"INFO","level_value":20000}
{"@timestamp":"2025-05-15T17:37:14.047112917+09:00","@version":"1","message":"[Influx Entry] {\"date\":\"2025-05-13\",\"count\":1670}","logger_name":"com.nhnacademy.workentry.entry.service.impl.EntryServiceImpl","thread_name":"http-nio-10256-exec-1","level":"INFO","level_value":20000}
{"@timestamp":"2025-05-15T17:37:14.047335669+09:00","@version":"1","message":"[Influx Entry] {\"date\":\"2025-05-14\",\"count\":1698}","logger_name":"com.nhnacademy.workentry.entry.service.impl.EntryServiceImpl","thread_name":"http-nio-10256-exec-1","level":"INFO","level_value":20000}
{"@timestamp":"2025-05-15T17:37:14.047553185+09:00","@version":"1","message":"[Influx Entry] {\"date\":\"2025-05-15\",\"count\":1664}","logger_name":"com.nhnacademy.workentry.entry.service.impl.EntryServiceImpl","thread_name":"http-nio-10256-exec-1","level":"INFO","level_value":20000}
{"@timestamp":"2025-05-15T17:37:14.047773279+09:00","@version":"1","message":"[Influx Entry] {\"date\":\"2025-05-15\",\"count\":390}","logger_name":"com.nhnacademy.workentry.entry.service.impl.EntryServiceImpl","thread_name":"http-nio-10256-exec-1","level":"INFO","level_value":20000}
{"@timestamp":"2025-05-15T17:37:14.047962387+09:00","@version":"1","message":"[월간 출입 통계] 조회됨: [com.nhnacademy.workentry.entry.dto.EntryCountDto@232e4a18, com.nhnacademy.workentry.entry.dto.EntryCountDto@31a1ba88, com.nhnacademy.workentry.entry.dto.EntryCountDto@4c9a6171, com.nhnacademy.workentry.entry.dto.EntryCountDto@42e35e08, com.nhnacademy.workentry.entry.dto.EntryCountDto@134ca2c6, com.nhnacademy.workentry.entry.dto.EntryCountDto@2f053fdd, com.nhnacademy.workentry.entry.dto.EntryCountDto@308b52a5, com.nhnacademy.workentry.entry.dto.EntryCountDto@68c049a2, com.nhnacademy.workentry.entry.dto.EntryCountDto@1e6c9cee, com.nhnacademy.workentry.entry.dto.EntryCountDto@1811b329, com.nhnacademy.workentry.entry.dto.EntryCountDto@72e5c4f4, com.nhnacademy.workentry.entry.dto.EntryCountDto@18821e53, com.nhnacademy.workentry.entry.dto.EntryCountDto@62736a41, com.nhnacademy.workentry.entry.dto.EntryCountDto@77ee05dd, com.nhnacademy.workentry.entry.dto.EntryCountDto@2b70bdb0, com.nhnacademy.workentry.entry.dto.EntryCountDto@23885e0b, com.nhnacademy.workentry.entry.dto.EntryCountDto@5ad01959, com.nhnacademy.workentry.entry.dto.EntryCountDto@5d973f33, com.nhnacademy.workentry.entry.dto.EntryCountDto@7324840c, com.nhnacademy.workentry.entry.dto.EntryCountDto@123de465, com.nhnacademy.workentry.entry.dto.EntryCountDto@48fd3daa, com.nhnacademy.workentry.entry.dto.EntryCountDto@2cf7fd21]","logger_name":"com.nhnacademy.workentry.entry.controller.EntryController","thread_name":"http-nio-10256-exec-1","level":"INFO","level_value":20000}
