{"@timestamp":"2025-05-15T17:36:15.48608593+09:00","@version":"1","message":"spring.jpa.open-in-view is enabled by default. Therefore, database queries may be performed during view rendering. Explicitly configure spring.jpa.open-in-view to disable this warning","logger_name":"org.springframework.boot.autoconfigure.orm.jpa.JpaBaseConfiguration$JpaWebConfiguration","thread_name":"main","level":"WARN","level_value":30000}
{"@timestamp":"2025-05-15T17:36:16.081100935+09:00","@version":"1","message":"Spring Cloud LoadBalancer is currently working with the default cache. While this cache implementation is useful for development and tests, it's recommended to use Caffeine cache in production.You can switch to using Caffeine cache, by adding it and org.springframework.cache.caffeine.CaffeineCacheManager to the classpath.","logger_name":"org.springframework.cloud.loadbalancer.config.LoadBalancerCacheAutoConfiguration$LoadBalancerCaffeineWarnLogger","thread_name":"main","level":"WARN","level_value":30000}
{"@timestamp":"2025-05-15T17:36:21.363415878+09:00","@version":"1","message":"[LogWebSocketHandler] 연결된 클라이언트 없음","logger_name":"com.nhnacademy.workentry.log.realtime.LogWebSocketHandler","thread_name":"http-nio-10256-exec-1","level":"WARN","level_value":30000}
{"@timestamp":"2025-05-15T17:36:34.094781888+09:00","@version":"1","message":"[WebSocketContextHolder] 핸들러가 아직 설정되지 않았습니다.","logger_name":"com.nhnacademy.workentry.log.realtime.WebSocketContextHolder","thread_name":"background-preinit","level":"WARN","level_value":30000}
{"@timestamp":"2025-05-15T17:36:34.119908473+09:00","@version":"1","message":"[WebSocketContextHolder] 핸들러가 아직 설정되지 않았습니다.","logger_name":"com.nhnacademy.workentry.log.realtime.WebSocketContextHolder","thread_name":"main","level":"WARN","level_value":30000}
{"@timestamp":"2025-05-15T17:36:34.120716445+09:00","@version":"1","message":"[WebSocketContextHolder] 핸들러가 아직 설정되지 않았습니다.","logger_name":"com.nhnacademy.workentry.log.realtime.WebSocketContextHolder","thread_name":"main","level":"WARN","level_value":30000}
{"@timestamp":"2025-05-15T17:36:34.40219635+09:00","@version":"1","message":"[WebSocketContextHolder] 핸들러가 아직 설정되지 않았습니다.","logger_name":"com.nhnacademy.workentry.log.realtime.WebSocketContextHolder","thread_name":"main","level":"WARN","level_value":30000}
{"@timestamp":"2025-05-15T17:36:34.503632567+09:00","@version":"1","message":"[WebSocketContextHolder] 핸들러가 아직 설정되지 않았습니다.","logger_name":"com.nhnacademy.workentry.log.realtime.WebSocketContextHolder","thread_name":"main","level":"WARN","level_value":30000}
{"@timestamp":"2025-05-15T17:36:34.72033324+09:00","@version":"1","message":"[WebSocketContextHolder] 핸들러가 아직 설정되지 않았습니다.","logger_name":"com.nhnacademy.workentry.log.realtime.WebSocketContextHolder","thread_name":"main","level":"WARN","level_value":30000}
{"@timestamp":"2025-05-15T17:36:34.927323763+09:00","@version":"1","message":"[WebSocketContextHolder] 핸들러가 아직 설정되지 않았습니다.","logger_name":"com.nhnacademy.workentry.log.realtime.WebSocketContextHolder","thread_name":"main","level":"WARN","level_value":30000}
{"@timestamp":"2025-05-15T17:36:34.936114637+09:00","@version":"1","message":"[WebSocketContextHolder] 핸들러가 아직 설정되지 않았습니다.","logger_name":"com.nhnacademy.workentry.log.realtime.WebSocketContextHolder","thread_name":"main","level":"WARN","level_value":30000}
{"@timestamp":"2025-05-15T17:36:34.937313537+09:00","@version":"1","message":"[WebSocketContextHolder] 핸들러가 아직 설정되지 않았습니다.","logger_name":"com.nhnacademy.workentry.log.realtime.WebSocketContextHolder","thread_name":"main","level":"WARN","level_value":30000}
{"@timestamp":"2025-05-15T17:36:34.937583291+09:00","@version":"1","message":"[WebSocketContextHolder] 핸들러가 아직 설정되지 않았습니다.","logger_name":"com.nhnacademy.workentry.log.realtime.WebSocketContextHolder","thread_name":"main","level":"WARN","level_value":30000}
{"@timestamp":"2025-05-15T17:36:34.962117117+09:00","@version":"1","message":"[WebSocketContextHolder] 핸들러가 아직 설정되지 않았습니다.","logger_name":"com.nhnacademy.workentry.log.realtime.WebSocketContextHolder","thread_name":"main","level":"WARN","level_value":30000}
{"@timestamp":"2025-05-15T17:36:34.962438147+09:00","@version":"1","message":"[WebSocketContextHolder] 핸들러가 아직 설정되지 않았습니다.","logger_name":"com.nhnacademy.workentry.log.realtime.WebSocketContextHolder","thread_name":"main","level":"WARN","level_value":30000}
{"@timestamp":"2025-05-15T17:36:35.014575295+09:00","@version":"1","message":"[WebSocketContextHolder] 핸들러가 아직 설정되지 않았습니다.","logger_name":"com.nhnacademy.workentry.log.realtime.WebSocketContextHolder","thread_name":"main","level":"WARN","level_value":30000}
{"@timestamp":"2025-05-15T17:36:35.345289631+09:00","@version":"1","message":"[WebSocketContextHolder] 핸들러가 아직 설정되지 않았습니다.","logger_name":"com.nhnacademy.workentry.log.realtime.WebSocketContextHolder","thread_name":"main","level":"WARN","level_value":30000}
{"@timestamp":"2025-05-15T17:36:35.349366717+09:00","@version":"1","message":"[WebSocketContextHolder] 핸들러가 아직 설정되지 않았습니다.","logger_name":"com.nhnacademy.workentry.log.realtime.WebSocketContextHolder","thread_name":"main","level":"WARN","level_value":30000}
{"@timestamp":"2025-05-15T17:36:35.392849698+09:00","@version":"1","message":"[WebSocketContextHolder] 핸들러가 아직 설정되지 않았습니다.","logger_name":"com.nhnacademy.workentry.log.realtime.WebSocketContextHolder","thread_name":"main","level":"WARN","level_value":30000}
{"@timestamp":"2025-05-15T17:36:35.415706884+09:00","@version":"1","message":"[WebSocketContextHolder] 핸들러가 아직 설정되지 않았습니다.","logger_name":"com.nhnacademy.workentry.log.realtime.WebSocketContextHolder","thread_name":"main","level":"WARN","level_value":30000}
{"@timestamp":"2025-05-15T17:36:35.431015346+09:00","@version":"1","message":"[WebSocketContextHolder] 핸들러가 아직 설정되지 않았습니다.","logger_name":"com.nhnacademy.workentry.log.realtime.WebSocketContextHolder","thread_name":"main","level":"WARN","level_value":30000}
{"@timestamp":"2025-05-15T17:36:35.564357157+09:00","@version":"1","message":"[WebSocketContextHolder] 핸들러가 아직 설정되지 않았습니다.","logger_name":"com.nhnacademy.workentry.log.realtime.WebSocketContextHolder","thread_name":"main","level":"WARN","level_value":30000}
{"@timestamp":"2025-05-15T17:36:35.666403891+09:00","@version":"1","message":"[WebSocketContextHolder] 핸들러가 아직 설정되지 않았습니다.","logger_name":"com.nhnacademy.workentry.log.realtime.WebSocketContextHolder","thread_name":"main","level":"WARN","level_value":30000}
{"@timestamp":"2025-05-15T17:36:36.091895913+09:00","@version":"1","message":"[WebSocketContextHolder] 핸들러가 아직 설정되지 않았습니다.","logger_name":"com.nhnacademy.workentry.log.realtime.WebSocketContextHolder","thread_name":"main","level":"WARN","level_value":30000}
{"@timestamp":"2025-05-15T17:36:36.093454152+09:00","@version":"1","message":"[WebSocketContextHolder] 핸들러가 아직 설정되지 않았습니다.","logger_name":"com.nhnacademy.workentry.log.realtime.WebSocketContextHolder","thread_name":"main","level":"WARN","level_value":30000}
{"@timestamp":"2025-05-15T17:36:36.147580034+09:00","@version":"1","message":"spring.jpa.open-in-view is enabled by default. Therefore, database queries may be performed during view rendering. Explicitly configure spring.jpa.open-in-view to disable this warning","logger_name":"org.springframework.boot.autoconfigure.orm.jpa.JpaBaseConfiguration$JpaWebConfiguration","thread_name":"main","level":"WARN","level_value":30000}
{"@timestamp":"2025-05-15T17:36:36.147722257+09:00","@version":"1","message":"[WebSocketContextHolder] 핸들러가 아직 설정되지 않았습니다.","logger_name":"com.nhnacademy.workentry.log.realtime.WebSocketContextHolder","thread_name":"main","level":"WARN","level_value":30000}
{"@timestamp":"2025-05-15T17:36:36.551188554+09:00","@version":"1","message":"[LogWebSocketHandler] 연결된 클라이언트 없음","logger_name":"com.nhnacademy.workentry.log.realtime.LogWebSocketHandler","thread_name":"main","level":"WARN","level_value":30000}
{"@timestamp":"2025-05-15T17:36:36.551433109+09:00","@version":"1","message":"[LogWebSocketHandler] 연결된 클라이언트 없음","logger_name":"com.nhnacademy.workentry.log.realtime.LogWebSocketHandler","thread_name":"main","level":"WARN","level_value":30000}
{"@timestamp":"2025-05-15T17:36:36.555456272+09:00","@version":"1","message":"[LogWebSocketHandler] 연결된 클라이언트 없음","logger_name":"com.nhnacademy.workentry.log.realtime.LogWebSocketHandler","thread_name":"main","level":"WARN","level_value":30000}
{"@timestamp":"2025-05-15T17:36:36.555826242+09:00","@version":"1","message":"[LogWebSocketHandler] 연결된 클라이언트 없음","logger_name":"com.nhnacademy.workentry.log.realtime.LogWebSocketHandler","thread_name":"main","level":"WARN","level_value":30000}
{"@timestamp":"2025-05-15T17:36:36.753881074+09:00","@version":"1","message":"[LogWebSocketHandler] 연결된 클라이언트 없음","logger_name":"com.nhnacademy.workentry.log.realtime.LogWebSocketHandler","thread_name":"main","level":"WARN","level_value":30000}
{"@timestamp":"2025-05-15T17:36:36.772456551+09:00","@version":"1","message":"Spring Cloud LoadBalancer is currently working with the default cache. While this cache implementation is useful for development and tests, it's recommended to use Caffeine cache in production.You can switch to using Caffeine cache, by adding it and org.springframework.cache.caffeine.CaffeineCacheManager to the classpath.","logger_name":"org.springframework.cloud.loadbalancer.config.LoadBalancerCacheAutoConfiguration$LoadBalancerCaffeineWarnLogger","thread_name":"main","level":"WARN","level_value":30000}
{"@timestamp":"2025-05-15T17:36:36.772612404+09:00","@version":"1","message":"[LogWebSocketHandler] 연결된 클라이언트 없음","logger_name":"com.nhnacademy.workentry.log.realtime.LogWebSocketHandler","thread_name":"main","level":"WARN","level_value":30000}
{"@timestamp":"2025-05-15T17:36:36.809947099+09:00","@version":"1","message":"[LogWebSocketHandler] 연결된 클라이언트 없음","logger_name":"com.nhnacademy.workentry.log.realtime.LogWebSocketHandler","thread_name":"main","level":"WARN","level_value":30000}
{"@timestamp":"2025-05-15T17:36:36.823719144+09:00","@version":"1","message":"[LogWebSocketHandler] 연결된 클라이언트 없음","logger_name":"com.nhnacademy.workentry.log.realtime.LogWebSocketHandler","thread_name":"main","level":"WARN","level_value":30000}
{"@timestamp":"2025-05-15T17:36:36.826518689+09:00","@version":"1","message":"[LogWebSocketHandler] 연결된 클라이언트 없음","logger_name":"com.nhnacademy.workentry.log.realtime.LogWebSocketHandler","thread_name":"main","level":"WARN","level_value":30000}
{"@timestamp":"2025-05-15T17:36:36.831397939+09:00","@version":"1","message":"[LogWebSocketHandler] 연결된 클라이언트 없음","logger_name":"com.nhnacademy.workentry.log.realtime.LogWebSocketHandler","thread_name":"main","level":"WARN","level_value":30000}
{"@timestamp":"2025-05-15T17:36:36.831510397+09:00","@version":"1","message":"[LogWebSocketHandler] 연결된 클라이언트 없음","logger_name":"com.nhnacademy.workentry.log.realtime.LogWebSocketHandler","thread_name":"main","level":"WARN","level_value":30000}
{"@timestamp":"2025-05-15T17:36:36.831619002+09:00","@version":"1","message":"[LogWebSocketHandler] 연결된 클라이언트 없음","logger_name":"com.nhnacademy.workentry.log.realtime.LogWebSocketHandler","thread_name":"main","level":"WARN","level_value":30000}
{"@timestamp":"2025-05-15T17:36:36.831704724+09:00","@version":"1","message":"[LogWebSocketHandler] 연결된 클라이언트 없음","logger_name":"com.nhnacademy.workentry.log.realtime.LogWebSocketHandler","thread_name":"main","level":"WARN","level_value":30000}
{"@timestamp":"2025-05-15T17:36:36.831796403+09:00","@version":"1","message":"[LogWebSocketHandler] 연결된 클라이언트 없음","logger_name":"com.nhnacademy.workentry.log.realtime.LogWebSocketHandler","thread_name":"main","level":"WARN","level_value":30000}
{"@timestamp":"2025-05-15T17:36:36.831889956+09:00","@version":"1","message":"[LogWebSocketHandler] 연결된 클라이언트 없음","logger_name":"com.nhnacademy.workentry.log.realtime.LogWebSocketHandler","thread_name":"main","level":"WARN","level_value":30000}
{"@timestamp":"2025-05-15T17:36:36.832003201+09:00","@version":"1","message":"[LogWebSocketHandler] 연결된 클라이언트 없음","logger_name":"com.nhnacademy.workentry.log.realtime.LogWebSocketHandler","thread_name":"main","level":"WARN","level_value":30000}
{"@timestamp":"2025-05-15T17:36:36.977493004+09:00","@version":"1","message":"[LogWebSocketHandler] 연결된 클라이언트 없음","logger_name":"com.nhnacademy.workentry.log.realtime.LogWebSocketHandler","thread_name":"main","level":"WARN","level_value":30000}
{"@timestamp":"2025-05-15T17:36:36.978829634+09:00","@version":"1","message":"[LogWebSocketHandler] 연결된 클라이언트 없음","logger_name":"com.nhnacademy.workentry.log.realtime.LogWebSocketHandler","thread_name":"main","level":"WARN","level_value":30000}
{"@timestamp":"2025-05-15T17:36:36.979911866+09:00","@version":"1","message":"[LogWebSocketHandler] 연결된 클라이언트 없음","logger_name":"com.nhnacademy.workentry.log.realtime.LogWebSocketHandler","thread_name":"main","level":"WARN","level_value":30000}
{"@timestamp":"2025-05-15T17:36:36.980838137+09:00","@version":"1","message":"[LogWebSocketHandler] 연결된 클라이언트 없음","logger_name":"com.nhnacademy.workentry.log.realtime.LogWebSocketHandler","thread_name":"main","level":"WARN","level_value":30000}
{"@timestamp":"2025-05-15T17:36:36.982958944+09:00","@version":"1","message":"[LogWebSocketHandler] 연결된 클라이언트 없음","logger_name":"com.nhnacademy.workentry.log.realtime.LogWebSocketHandler","thread_name":"main","level":"WARN","level_value":30000}
{"@timestamp":"2025-05-15T17:36:36.983301671+09:00","@version":"1","message":"[LogWebSocketHandler] 연결된 클라이언트 없음","logger_name":"com.nhnacademy.workentry.log.realtime.LogWebSocketHandler","thread_name":"main","level":"WARN","level_value":30000}
{"@timestamp":"2025-05-15T17:36:36.984271227+09:00","@version":"1","message":"[LogWebSocketHandler] 연결된 클라이언트 없음","logger_name":"com.nhnacademy.workentry.log.realtime.LogWebSocketHandler","thread_name":"main","level":"WARN","level_value":30000}
{"@timestamp":"2025-05-15T17:36:36.984594394+09:00","@version":"1","message":"[LogWebSocketHandler] 연결된 클라이언트 없음","logger_name":"com.nhnacademy.workentry.log.realtime.LogWebSocketHandler","thread_name":"DiscoveryClient-InstanceInfoReplicator-%d","level":"WARN","level_value":30000}
{"@timestamp":"2025-05-15T17:36:36.998317745+09:00","@version":"1","message":"[LogWebSocketHandler] 연결된 클라이언트 없음","logger_name":"com.nhnacademy.workentry.log.realtime.LogWebSocketHandler","thread_name":"main","level":"WARN","level_value":30000}
{"@timestamp":"2025-05-15T17:36:36.999222629+09:00","@version":"1","message":"[LogWebSocketHandler] 연결된 클라이언트 없음","logger_name":"com.nhnacademy.workentry.log.realtime.LogWebSocketHandler","thread_name":"main","level":"WARN","level_value":30000}
{"@timestamp":"2025-05-15T17:36:37.01398252+09:00","@version":"1","message":"[LogWebSocketHandler] 연결된 클라이언트 없음","logger_name":"com.nhnacademy.workentry.log.realtime.LogWebSocketHandler","thread_name":"DiscoveryClient-InstanceInfoReplicator-%d","level":"WARN","level_value":30000}
{"@timestamp":"2025-05-15T17:36:37.020915096+09:00","@version":"1","message":"[LogWebSocketHandler] 연결된 클라이언트 없음","logger_name":"com.nhnacademy.workentry.log.realtime.LogWebSocketHandler","thread_name":"main","level":"WARN","level_value":30000}
{"@timestamp":"2025-05-15T17:37:02.440102679+09:00","@version":"1","message":"[LogWebSocketHandler] 연결된 클라이언트 없음","logger_name":"com.nhnacademy.workentry.log.realtime.LogWebSocketHandler","thread_name":"http-nio-10256-exec-1","level":"WARN","level_value":30000}
{"@timestamp":"2025-05-15T17:37:02.440949158+09:00","@version":"1","message":"[LogWebSocketHandler] 연결된 클라이언트 없음","logger_name":"com.nhnacademy.workentry.log.realtime.LogWebSocketHandler","thread_name":"http-nio-10256-exec-1","level":"WARN","level_value":30000}
{"@timestamp":"2025-05-15T17:37:02.443348371+09:00","@version":"1","message":"[LogWebSocketHandler] 연결된 클라이언트 없음","logger_name":"com.nhnacademy.workentry.log.realtime.LogWebSocketHandler","thread_name":"http-nio-10256-exec-1","level":"WARN","level_value":30000}
{"@timestamp":"2025-05-15T17:37:08.346062645+09:00","@version":"1","message":"[LogWebSocketHandler] 연결된 클라이언트 없음","logger_name":"com.nhnacademy.workentry.log.realtime.LogWebSocketHandler","thread_name":"http-nio-10256-exec-4","level":"WARN","level_value":30000}
{"@timestamp":"2025-05-15T17:37:08.346189551+09:00","@version":"1","message":"[LogWebSocketHandler] 연결된 클라이언트 없음","logger_name":"com.nhnacademy.workentry.log.realtime.LogWebSocketHandler","thread_name":"http-nio-10256-exec-3","level":"WARN","level_value":30000}
{"@timestamp":"2025-05-15T17:37:13.044554018+09:00","@version":"1","message":"[LogWebSocketHandler] 연결된 클라이언트 없음","logger_name":"com.nhnacademy.workentry.log.realtime.LogWebSocketHandler","thread_name":"http-nio-10256-exec-8","level":"WARN","level_value":30000}
{"@timestamp":"2025-05-15T17:37:13.044670156+09:00","@version":"1","message":"[LogWebSocketHandler] 연결된 클라이언트 없음","logger_name":"com.nhnacademy.workentry.log.realtime.LogWebSocketHandler","thread_name":"http-nio-10256-exec-7","level":"WARN","level_value":30000}
